---------------------------------------------------------------
[ 2019-04-18T17:52:16+08:00 ] ::1 POST localhost:8080/study/public/index.php/admin/clean/cleancache.html
[运行时间：0.037287s] [吞吐率：26.82req/s] [内存消耗：2,261.98kb] [文件加载：58]
[ info ] [ LANG ] D:\wamp64\www\study\thinkphp\lang\zh-cn.php
[ info ] [ ROUTE ] array (
)
[ info ] [ HEADER ] array (
  'host' => 'localhost:8080',
  'connection' => 'keep-alive',
  'content-length' => '0',
  'accept' => '*/*',
  'origin' => 'http://localhost:8080',
  'x-requested-with' => 'XMLHttpRequest',
  'user-agent' => 'Mozilla/5.0 (Windows NT 10.0; Win64; x64) AppleWebKit/537.36 (KHTML, like Gecko) Chrome/73.0.3683.86 Safari/537.36',
  'referer' => 'http://localhost:8080/study/public/index.php/admin/Tools/index.html?navid=sm1&level=2&misparent=0&tbname=',
  'accept-encoding' => 'gzip, deflate, br',
  'accept-language' => 'zh-CN,zh;q=0.9,zh-TW;q=0.8',
  'cookie' => 'Hm_lvt_17f68330bb55b1d926acfb56a5a1d448=1552378687; UM_distinctid=16970faed515ef-07b73cd6d6bc95-b78173e-1fa400-16970faed52a0d; CNZZDATA1273161225=428155383-1552378684-null%7C1552378684; CNZZDATA1273717155=1614498467-1552378684-null%7C1552378684; PHPSESSID=pem0g4ms4pm9tolb6mv9a6p9j0',
)
[ info ] [ PARAM ] array (
)
