---------------------------------------------------------------
[ 2019-06-05T17:51:40+08:00 ] ::1 POST localhost:8080/study/public/index.php/admin/clean/cleancache.html
[运行时间：0.037867s] [吞吐率：26.41req/s] [内存消耗：2,267.62kb] [文件加载：58]
[ info ] [ LANG ] D:\wamp64\www\study\thinkphp\lang\zh-cn.php
[ info ] [ ROUTE ] array (
)
[ info ] [ HEADER ] array (
  'host' => 'localhost:8080',
  'connection' => 'keep-alive',
  'content-length' => '0',
  'accept' => '*/*',
  'origin' => 'http://localhost:8080',
  'x-requested-with' => 'XMLHttpRequest',
  'user-agent' => 'Mozilla/5.0 (Windows NT 10.0; Win64; x64) AppleWebKit/537.36 (KHTML, like Gecko) Chrome/74.0.3729.108 Safari/537.36',
  'referer' => 'http://localhost:8080/study/public/index.php/admin/Tools/index.html?navid=sm1&level=2&misparent=0&tbname=',
  'accept-encoding' => 'gzip, deflate, br',
  'accept-language' => 'zh-CN,zh;q=0.9,zh-TW;q=0.8',
  'cookie' => 'PHPSESSID=a2jas9geu9m2ln657fv1ief5l2',
)
[ info ] [ PARAM ] array (
)
---------------------------------------------------------------
[ 2019-06-05T17:51:43+08:00 ] ::1 POST localhost:8080/study/public/index.php/admin/logout/logout.html
[运行时间：0.078856s] [吞吐率：12.68req/s] [内存消耗：4,038.49kb] [文件加载：73]
[ info ] [ LANG ] D:\wamp64\www\study\thinkphp\lang\zh-cn.php
[ info ] [ ROUTE ] array (
)
[ info ] [ HEADER ] array (
  'host' => 'localhost:8080',
  'connection' => 'keep-alive',
  'content-length' => '0',
  'accept' => '*/*',
  'origin' => 'http://localhost:8080',
  'x-requested-with' => 'XMLHttpRequest',
  'user-agent' => 'Mozilla/5.0 (Windows NT 10.0; Win64; x64) AppleWebKit/537.36 (KHTML, like Gecko) Chrome/74.0.3729.108 Safari/537.36',
  'referer' => 'http://localhost:8080/study/public/index.php/admin/Tools/index.html?navid=sm1&level=2&misparent=0&tbname=',
  'accept-encoding' => 'gzip, deflate, br',
  'accept-language' => 'zh-CN,zh;q=0.9,zh-TW;q=0.8',
  'cookie' => 'PHPSESSID=a2jas9geu9m2ln657fv1ief5l2',
)
[ info ] [ PARAM ] array (
)
[ info ] [ DB ] INIT mysql
[ sql ] [ DB ] CONNECT:[ UseTime:0.011187s ] mysql:host=localhost;port=3306;dbname=study;charset=utf8
[ sql ] [ SQL ] SHOW COLUMNS FROM `study_admin` [ RunTime:0.001312s ]
[ sql ] [ SQL ] UPDATE `study_admin`  SET `admin_time` = 1559696987 , `admin_ip` = '::1'  WHERE  `admin_id` = 2 [ RunTime:0.014744s ]
---------------------------------------------------------------
[ 2019-06-05T17:51:44+08:00 ] ::1 GET localhost:8080/study/public/index.php/admin/login/index.html
[运行时间：0.046811s] [吞吐率：21.36req/s] [内存消耗：2,669.03kb] [文件加载：65]
[ info ] [ LANG ] D:\wamp64\www\study\thinkphp\lang\zh-cn.php
[ info ] [ ROUTE ] array (
)
[ info ] [ HEADER ] array (
  'host' => 'localhost:8080',
  'connection' => 'keep-alive',
  'upgrade-insecure-requests' => '1',
  'user-agent' => 'Mozilla/5.0 (Windows NT 10.0; Win64; x64) AppleWebKit/537.36 (KHTML, like Gecko) Chrome/74.0.3729.108 Safari/537.36',
  'accept' => 'text/html,application/xhtml+xml,application/xml;q=0.9,image/webp,image/apng,*/*;q=0.8,application/signed-exchange;v=b3',
  'referer' => 'http://localhost:8080/study/public/index.php/admin/Tools/index.html?navid=sm1&level=2&misparent=0&tbname=',
  'accept-encoding' => 'gzip, deflate, br',
  'accept-language' => 'zh-CN,zh;q=0.9,zh-TW;q=0.8',
  'cookie' => 'PHPSESSID=a2jas9geu9m2ln657fv1ief5l2',
)
[ info ] [ PARAM ] array (
)
[ info ] [ VIEW ] D:\wamp64\www\study\application\admin\view\login\index.html [ array (
) ]
