---------------------------------------------------------------
[ 2019-01-11T02:26:09+08:00 ] ::1 POST localhost/study/public/index.php/admin/clean/cleancache.html
[运行时间：0.105019s] [吞吐率：9.52req/s] [内存消耗：2,242.57kb] [文件加载：59]
[ info ] [ LANG ] D:\wamp64\www\study\thinkphp\lang\zh-cn.php
[ info ] [ ROUTE ] array (
)
[ info ] [ HEADER ] array (
  'host' => 'localhost',
  'connection' => 'keep-alive',
  'content-length' => '0',
  'pragma' => 'no-cache',
  'cache-control' => 'no-cache',
  'accept' => '*/*',
  'origin' => 'http://localhost',
  'x-requested-with' => 'XMLHttpRequest',
  'user-agent' => 'Mozilla/5.0 (Windows NT 10.0; Win64; x64) AppleWebKit/537.36 (KHTML, like Gecko) Chrome/71.0.3578.80 Safari/537.36',
  'referer' => 'http://localhost/study/public/index.php/admin/pubfour/index.html?navid=tm9&level=3&misparent=0&tbname=php_phpstudy',
  'accept-encoding' => 'gzip, deflate, br',
  'accept-language' => 'zh-CN,zh;q=0.9',
  'cookie' => 'auth=ad7f1e6a7e0f6bc94df9b4a373435a85%3A2e990e80a9f3d959a2482fbb167c123d; PHPSESSID=ibbc00dlvs6q7var9ogl1qkg64',
)
[ info ] [ PARAM ] array (
)
