---------------------------------------------------------------
[ 2019-01-14T21:54:08+08:00 ] ::1 POST localhost/study/public/index.php/admin/clean/cleancache.html
[运行时间：0.043478s] [吞吐率：23.00req/s] [内存消耗：2,251.45kb] [文件加载：59]
[ info ] [ LANG ] D:\wamp64\www\study\thinkphp\lang\zh-cn.php
[ info ] [ ROUTE ] array (
)
[ info ] [ HEADER ] array (
  'host' => 'localhost',
  'user-agent' => 'Mozilla/5.0 (Windows NT 10.0; Win64; x64; rv:64.0) Gecko/20100101 Firefox/64.0',
  'accept' => '*/*',
  'accept-language' => 'zh-CN,zh;q=0.8,zh-TW;q=0.7,zh-HK;q=0.5,en-US;q=0.3,en;q=0.2',
  'accept-encoding' => 'gzip, deflate',
  'referer' => 'http://localhost/study/public/index.php/admin/Role/index.html?navid=fm19&level=1&misparent=0&tbname=0',
  'x-requested-with' => 'XMLHttpRequest',
  'connection' => 'keep-alive',
  'cookie' => 'thinkphp_show_page_trace=0|0; auth=ad7f1e6a7e0f6bc94df9b4a373435a85%3A0598d5f718f9d9fc23de4bd563ff27ab; PHPSESSID=p57ni2ggcilev9s918odcgrag6',
  'content-length' => '0',
)
[ info ] [ PARAM ] array (
)
---------------------------------------------------------------
[ 2019-01-14T21:54:12+08:00 ] ::1 GET localhost/study/public/index.php/admin/Menu/index.html?navid=fm0&level=1&misparent=0&tbname=0
[运行时间：0.359117s] [吞吐率：2.78req/s] [内存消耗：6,366.91kb] [文件加载：84]
[ info ] [ LANG ] D:\wamp64\www\study\thinkphp\lang\zh-cn.php
[ info ] [ ROUTE ] array (
)
[ info ] [ HEADER ] array (
  'host' => 'localhost',
  'user-agent' => 'Mozilla/5.0 (Windows NT 10.0; Win64; x64; rv:64.0) Gecko/20100101 Firefox/64.0',
  'accept' => 'text/html,application/xhtml+xml,application/xml;q=0.9,*/*;q=0.8',
  'accept-language' => 'zh-CN,zh;q=0.8,zh-TW;q=0.7,zh-HK;q=0.5,en-US;q=0.3,en;q=0.2',
  'accept-encoding' => 'gzip, deflate',
  'referer' => 'http://localhost/study/public/index.php/admin/Role/index.html?navid=fm19&level=1&misparent=0&tbname=0',
  'connection' => 'keep-alive',
  'cookie' => 'ace.settings=%7B%22main-container-fixed%22%3A1%2C%22sidebar-collapsed%22%3A-1%7D; thinkphp_show_page_trace=0|0; thinkphp_show_page_trace=0|0; auth=ad7f1e6a7e0f6bc94df9b4a373435a85%3A0598d5f718f9d9fc23de4bd563ff27ab; PHPSESSID=p57ni2ggcilev9s918odcgrag6',
  'upgrade-insecure-requests' => '1',
)
[ info ] [ PARAM ] array (
  'navid' => 'fm0',
  'level' => '1',
  'misparent' => '0',
  'tbname' => '0',
)
[ info ] [ DB ] INIT mysql
[ info ] [ VIEW ] D:\wamp64\www\study\application\admin\view\menu\index.html [ array (
  0 => 'fm_lists',
  1 => 'sm_lists',
  2 => 'tm_lists',
  3 => 'navid',
  4 => 'level',
  5 => 'misparent',
  6 => 'fm_listfs',
  7 => 'sm_listss',
  8 => 'tm_listts',
) ]
[ sql ] [ DB ] CONNECT:[ UseTime:0.010828s ] mysql:host=127.0.0.1;port=3306;dbname=study;charset=utf8
[ sql ] [ SQL ] SHOW COLUMNS FROM `study_first_module` [ RunTime:0.000884s ]
[ sql ] [ SQL ] SELECT * FROM `study_first_module` WHERE  ( is_delete = 0 and fm_state = 1 ) ORDER BY `fm_sort` [ RunTime:0.000640s ]
[ sql ] [ SQL ] SHOW COLUMNS FROM `study_second_module` [ RunTime:0.001027s ]
[ sql ] [ SQL ] SELECT * FROM `study_second_module` WHERE  ( is_delete = 0 and sm_state = 1 ) [ RunTime:0.000803s ]
[ sql ] [ SQL ] SHOW COLUMNS FROM `study_three_module` [ RunTime:0.001237s ]
[ sql ] [ SQL ] SELECT * FROM `study_three_module` WHERE  ( is_delete = 0 and tm_state = 1 ) [ RunTime:0.000816s ]
[ sql ] [ SQL ] SELECT * FROM `study_first_module` WHERE  `is_delete` = 0 ORDER BY `fm_sort` [ RunTime:0.000786s ]
[ sql ] [ SQL ] SELECT * FROM `study_second_module` WHERE  `is_delete` = 0 [ RunTime:0.000715s ]
[ sql ] [ SQL ] SELECT * FROM `study_three_module` WHERE  `is_delete` = 0 [ RunTime:0.000716s ]
---------------------------------------------------------------
[ 2019-01-14T21:54:19+08:00 ] ::1 POST localhost/study/public/index.php/admin/check/updateobjstate.html
[运行时间：0.065753s] [吞吐率：15.21req/s] [内存消耗：3,640.63kb] [文件加载：66]
[ info ] [ LANG ] D:\wamp64\www\study\thinkphp\lang\zh-cn.php
[ info ] [ ROUTE ] array (
)
[ info ] [ HEADER ] array (
  'host' => 'localhost',
  'user-agent' => 'Mozilla/5.0 (Windows NT 10.0; Win64; x64; rv:64.0) Gecko/20100101 Firefox/64.0',
  'accept' => '*/*',
  'accept-language' => 'zh-CN,zh;q=0.8,zh-TW;q=0.7,zh-HK;q=0.5,en-US;q=0.3,en;q=0.2',
  'accept-encoding' => 'gzip, deflate',
  'referer' => 'http://localhost/study/public/index.php/admin/Menu/index.html?navid=fm0&level=1&misparent=0&tbname=0',
  'content-type' => 'application/x-www-form-urlencoded; charset=UTF-8',
  'x-requested-with' => 'XMLHttpRequest',
  'content-length' => '136',
  'connection' => 'keep-alive',
  'cookie' => 'thinkphp_show_page_trace=0|0; auth=ad7f1e6a7e0f6bc94df9b4a373435a85%3A0598d5f718f9d9fc23de4bd563ff27ab; PHPSESSID=p57ni2ggcilev9s918odcgrag6',
)
[ info ] [ PARAM ] array (
  'id' => '20',
  'idfield' => 'fm_id',
  'stateval' => '0',
  'statefield' => 'fm_state',
  'tbname' => 'first_module',
  'ismain' => '1',
  'appendfield' => 'fm_addtime',
  'appendval' => '2019-01-14 19:59:44',
)
[ info ] [ DB ] INIT mysql
[ sql ] [ DB ] CONNECT:[ UseTime:0.010635s ] mysql:host=127.0.0.1;port=3306;dbname=study;charset=utf8
[ sql ] [ SQL ] SHOW COLUMNS FROM `study_first_module` [ RunTime:0.001035s ]
[ sql ] [ SQL ] UPDATE `study_first_module`  SET `fm_state` = 1 , `fm_addtime` = 1547474059  WHERE  `fm_id` = 20 [ RunTime:0.000665s ]
---------------------------------------------------------------
[ 2019-01-14T21:54:20+08:00 ] ::1 POST localhost/study/public/index.php/admin/check/updateobjstate.html
[运行时间：0.066064s] [吞吐率：15.14req/s] [内存消耗：3,640.63kb] [文件加载：66]
[ info ] [ LANG ] D:\wamp64\www\study\thinkphp\lang\zh-cn.php
[ info ] [ ROUTE ] array (
)
[ info ] [ HEADER ] array (
  'host' => 'localhost',
  'user-agent' => 'Mozilla/5.0 (Windows NT 10.0; Win64; x64; rv:64.0) Gecko/20100101 Firefox/64.0',
  'accept' => '*/*',
  'accept-language' => 'zh-CN,zh;q=0.8,zh-TW;q=0.7,zh-HK;q=0.5,en-US;q=0.3,en;q=0.2',
  'accept-encoding' => 'gzip, deflate',
  'referer' => 'http://localhost/study/public/index.php/admin/Menu/index.html?navid=fm0&level=1&misparent=0&tbname=0',
  'content-type' => 'application/x-www-form-urlencoded; charset=UTF-8',
  'x-requested-with' => 'XMLHttpRequest',
  'content-length' => '136',
  'connection' => 'keep-alive',
  'cookie' => 'thinkphp_show_page_trace=0|0; auth=ad7f1e6a7e0f6bc94df9b4a373435a85%3A0598d5f718f9d9fc23de4bd563ff27ab; PHPSESSID=p57ni2ggcilev9s918odcgrag6',
)
[ info ] [ PARAM ] array (
  'id' => '21',
  'idfield' => 'fm_id',
  'stateval' => '0',
  'statefield' => 'fm_state',
  'tbname' => 'first_module',
  'ismain' => '1',
  'appendfield' => 'fm_addtime',
  'appendval' => '2019-01-14 20:08:38',
)
[ info ] [ DB ] INIT mysql
[ sql ] [ DB ] CONNECT:[ UseTime:0.011523s ] mysql:host=127.0.0.1;port=3306;dbname=study;charset=utf8
[ sql ] [ SQL ] SHOW COLUMNS FROM `study_first_module` [ RunTime:0.000786s ]
[ sql ] [ SQL ] UPDATE `study_first_module`  SET `fm_state` = 1 , `fm_addtime` = 1547474060  WHERE  `fm_id` = 21 [ RunTime:0.000528s ]
---------------------------------------------------------------
[ 2019-01-14T21:54:21+08:00 ] ::1 POST localhost/study/public/index.php/admin/check/updateobjstate.html
[运行时间：0.064190s] [吞吐率：15.58req/s] [内存消耗：3,640.63kb] [文件加载：66]
[ info ] [ LANG ] D:\wamp64\www\study\thinkphp\lang\zh-cn.php
[ info ] [ ROUTE ] array (
)
[ info ] [ HEADER ] array (
  'host' => 'localhost',
  'user-agent' => 'Mozilla/5.0 (Windows NT 10.0; Win64; x64; rv:64.0) Gecko/20100101 Firefox/64.0',
  'accept' => '*/*',
  'accept-language' => 'zh-CN,zh;q=0.8,zh-TW;q=0.7,zh-HK;q=0.5,en-US;q=0.3,en;q=0.2',
  'accept-encoding' => 'gzip, deflate',
  'referer' => 'http://localhost/study/public/index.php/admin/Menu/index.html?navid=fm0&level=1&misparent=0&tbname=0',
  'content-type' => 'application/x-www-form-urlencoded; charset=UTF-8',
  'x-requested-with' => 'XMLHttpRequest',
  'content-length' => '136',
  'connection' => 'keep-alive',
  'cookie' => 'thinkphp_show_page_trace=0|0; auth=ad7f1e6a7e0f6bc94df9b4a373435a85%3A0598d5f718f9d9fc23de4bd563ff27ab; PHPSESSID=p57ni2ggcilev9s918odcgrag6',
)
[ info ] [ PARAM ] array (
  'id' => '22',
  'idfield' => 'fm_id',
  'stateval' => '0',
  'statefield' => 'fm_state',
  'tbname' => 'first_module',
  'ismain' => '1',
  'appendfield' => 'fm_addtime',
  'appendval' => '2019-01-14 20:25:40',
)
[ info ] [ DB ] INIT mysql
[ sql ] [ DB ] CONNECT:[ UseTime:0.010447s ] mysql:host=127.0.0.1;port=3306;dbname=study;charset=utf8
[ sql ] [ SQL ] SHOW COLUMNS FROM `study_first_module` [ RunTime:0.001023s ]
[ sql ] [ SQL ] UPDATE `study_first_module`  SET `fm_state` = 1 , `fm_addtime` = 1547474061  WHERE  `fm_id` = 22 [ RunTime:0.000611s ]
---------------------------------------------------------------
[ 2019-01-14T21:54:23+08:00 ] ::1 GET localhost/study/public/index.php/admin/Menu/index.html?navid=fm0&level=1&misparent=0&tbname=0
[运行时间：0.329168s] [吞吐率：3.04req/s] [内存消耗：5,568.01kb] [文件加载：82]
[ info ] [ LANG ] D:\wamp64\www\study\thinkphp\lang\zh-cn.php
[ info ] [ ROUTE ] array (
)
[ info ] [ HEADER ] array (
  'host' => 'localhost',
  'user-agent' => 'Mozilla/5.0 (Windows NT 10.0; Win64; x64; rv:64.0) Gecko/20100101 Firefox/64.0',
  'accept' => 'text/html,application/xhtml+xml,application/xml;q=0.9,*/*;q=0.8',
  'accept-language' => 'zh-CN,zh;q=0.8,zh-TW;q=0.7,zh-HK;q=0.5,en-US;q=0.3,en;q=0.2',
  'accept-encoding' => 'gzip, deflate',
  'referer' => 'http://localhost/study/public/index.php/admin/Role/index.html?navid=fm19&level=1&misparent=0&tbname=0',
  'connection' => 'keep-alive',
  'cookie' => 'ace.settings=%7B%22main-container-fixed%22%3A1%2C%22sidebar-collapsed%22%3A-1%7D; thinkphp_show_page_trace=0|0; thinkphp_show_page_trace=0|0; auth=ad7f1e6a7e0f6bc94df9b4a373435a85%3A0598d5f718f9d9fc23de4bd563ff27ab; PHPSESSID=p57ni2ggcilev9s918odcgrag6',
  'upgrade-insecure-requests' => '1',
  'cache-control' => 'max-age=0',
)
[ info ] [ PARAM ] array (
  'navid' => 'fm0',
  'level' => '1',
  'misparent' => '0',
  'tbname' => '0',
)
[ info ] [ DB ] INIT mysql
[ info ] [ VIEW ] D:\wamp64\www\study\application\admin\view\menu\index.html [ array (
  0 => 'fm_lists',
  1 => 'sm_lists',
  2 => 'tm_lists',
  3 => 'navid',
  4 => 'level',
  5 => 'misparent',
  6 => 'fm_listfs',
  7 => 'sm_listss',
  8 => 'tm_listts',
) ]
[ sql ] [ DB ] CONNECT:[ UseTime:0.010497s ] mysql:host=127.0.0.1;port=3306;dbname=study;charset=utf8
[ sql ] [ SQL ] SHOW COLUMNS FROM `study_first_module` [ RunTime:0.001098s ]
[ sql ] [ SQL ] SELECT * FROM `study_first_module` WHERE  ( is_delete = 0 and fm_state = 1 ) ORDER BY `fm_sort` [ RunTime:0.000708s ]
[ sql ] [ SQL ] SHOW COLUMNS FROM `study_second_module` [ RunTime:0.001157s ]
[ sql ] [ SQL ] SELECT * FROM `study_second_module` WHERE  ( is_delete = 0 and sm_state = 1 ) [ RunTime:0.000832s ]
[ sql ] [ SQL ] SHOW COLUMNS FROM `study_three_module` [ RunTime:0.000977s ]
[ sql ] [ SQL ] SELECT * FROM `study_three_module` WHERE  ( is_delete = 0 and tm_state = 1 ) [ RunTime:0.000723s ]
[ sql ] [ SQL ] SELECT * FROM `study_first_module` WHERE  `is_delete` = 0 ORDER BY `fm_sort` [ RunTime:0.000663s ]
[ sql ] [ SQL ] SELECT * FROM `study_second_module` WHERE  `is_delete` = 0 [ RunTime:0.000792s ]
[ sql ] [ SQL ] SELECT * FROM `study_three_module` WHERE  `is_delete` = 0 [ RunTime:0.000703s ]
