---------------------------------------------------------------
[ 2019-01-15T20:00:58+08:00 ] ::1 POST localhost/study/public/index.php/admin/clean/cleancache.html
[运行时间：0.048952s] [吞吐率：20.43req/s] [内存消耗：2,251.41kb] [文件加载：59]
[ info ] [ LANG ] D:\wamp64\www\study\thinkphp\lang\zh-cn.php
[ info ] [ ROUTE ] array (
)
[ info ] [ HEADER ] array (
  'host' => 'localhost',
  'user-agent' => 'Mozilla/5.0 (Windows NT 10.0; Win64; x64; rv:64.0) Gecko/20100101 Firefox/64.0',
  'accept' => '*/*',
  'accept-language' => 'zh-CN,zh;q=0.8,zh-TW;q=0.7,zh-HK;q=0.5,en-US;q=0.3,en;q=0.2',
  'accept-encoding' => 'gzip, deflate',
  'referer' => 'http://localhost/study/public/index.php/admin/Menu/index.html?navid=fm0&level=1&misparent=0&tbname=0',
  'x-requested-with' => 'XMLHttpRequest',
  'connection' => 'keep-alive',
  'cookie' => 'auth=ad7f1e6a7e0f6bc94df9b4a373435a85%3A0598d5f718f9d9fc23de4bd563ff27ab; PHPSESSID=s3amq17im6kce4fs4tar420vn1',
  'content-length' => '0',
)
[ info ] [ PARAM ] array (
)
