---------------------------------------------------------------
[ 2018-12-10T11:15:15+08:00 ] ::1 GET localhost/study/public/index.php/admin/admin/index
[ error ] [0]致命错误: Class 'model\Admin' not found
---------------------------------------------------------------
[ 2018-12-10T11:16:04+08:00 ] ::1 GET localhost/study/public/index.php/admin/admin/index
[ error ] [0]致命错误: Class 'model\Admin' not found
---------------------------------------------------------------
[ 2018-12-10T11:16:04+08:00 ] ::1 GET localhost/study/public/index.php/admin/admin/index
[ error ] [0]致命错误: Class 'model\Admin' not found
---------------------------------------------------------------
[ 2018-12-10T11:16:04+08:00 ] ::1 GET localhost/study/public/index.php/admin/admin/index
[ error ] [0]致命错误: Class 'model\Admin' not found
---------------------------------------------------------------
[ 2018-12-10T11:16:05+08:00 ] ::1 GET localhost/study/public/index.php/admin/admin/index
[ error ] [0]致命错误: Class 'model\Admin' not found
---------------------------------------------------------------
[ 2018-12-10T11:16:05+08:00 ] ::1 GET localhost/study/public/index.php/admin/admin/index
[ error ] [0]致命错误: Class 'model\Admin' not found
---------------------------------------------------------------
[ 2018-12-10T11:18:23+08:00 ] ::1 GET localhost/study/public/index.php/admin/admin/index
[ sql ] [ DB ] CONNECT:[ UseTime:0.007279s ] mysql:host=127.0.0.1;port=3306;dbname=study;charset=utf8
[ sql ] [ SQL ] SHOW COLUMNS FROM `study_admin` [ RunTime:0.018679s ]
[ sql ] [ SQL ] SELECT * FROM `study_admin` WHERE  ( 1=1 ) [ RunTime:0.006454s ]
---------------------------------------------------------------
[ 2018-12-10T11:19:39+08:00 ] ::1 GET localhost/study/public/index.php/admin/admin/index
[ sql ] [ DB ] CONNECT:[ UseTime:0.002192s ] mysql:host=127.0.0.1;port=3306;dbname=study;charset=utf8
[ sql ] [ SQL ] SHOW COLUMNS FROM `study_admin` [ RunTime:0.001394s ]
[ sql ] [ SQL ] SELECT * FROM `study_admin` WHERE  `admin_id` = 1 LIMIT 1 [ RunTime:0.003891s ]
---------------------------------------------------------------
[ 2018-12-10T15:53:35+08:00 ] ::1 GET localhost/study/public/index.php/admin/admin/index
[ sql ] [ DB ] CONNECT:[ UseTime:0.001975s ] mysql:host=127.0.0.1;port=3306;dbname=study;charset=utf8
[ sql ] [ SQL ] SHOW COLUMNS FROM `study_admin` [ RunTime:0.002553s ]
[ sql ] [ SQL ] SELECT * FROM `study_admin` WHERE  `admin_id` = 1 LIMIT 1 [ RunTime:0.001013s ]
[ error ] [8]未定义变量: status
---------------------------------------------------------------
[ 2018-12-10T15:53:38+08:00 ] ::1 GET localhost/study/public/index.php/admin/admin/index
[ sql ] [ DB ] CONNECT:[ UseTime:0.010700s ] mysql:host=127.0.0.1;port=3306;dbname=study;charset=utf8
[ sql ] [ SQL ] SHOW COLUMNS FROM `study_admin` [ RunTime:0.001316s ]
[ sql ] [ SQL ] SELECT * FROM `study_admin` WHERE  `admin_id` = 1 LIMIT 1 [ RunTime:0.000679s ]
[ error ] [8]未定义变量: status
---------------------------------------------------------------
[ 2018-12-10T15:53:39+08:00 ] ::1 GET localhost/study/public/index.php/admin/admin/index
[ sql ] [ DB ] CONNECT:[ UseTime:0.011575s ] mysql:host=127.0.0.1;port=3306;dbname=study;charset=utf8
[ sql ] [ SQL ] SHOW COLUMNS FROM `study_admin` [ RunTime:0.001618s ]
[ sql ] [ SQL ] SELECT * FROM `study_admin` WHERE  `admin_id` = 1 LIMIT 1 [ RunTime:0.000740s ]
[ error ] [8]未定义变量: status
---------------------------------------------------------------
[ 2018-12-10T15:54:08+08:00 ] ::1 GET localhost/study/public/index.php/admin/admin/index
[ sql ] [ DB ] CONNECT:[ UseTime:0.001432s ] mysql:host=127.0.0.1;port=3306;dbname=study;charset=utf8
[ sql ] [ SQL ] SHOW COLUMNS FROM `study_admin` [ RunTime:0.001517s ]
[ sql ] [ SQL ] SELECT * FROM `study_admin` WHERE  `admin_id` = 1 LIMIT 1 [ RunTime:0.000972s ]
---------------------------------------------------------------
[ 2018-12-10T16:36:08+08:00 ] ::1 GET localhost/study/public/index.php/admin/admin/index
[运行时间：0.069291s] [吞吐率：14.43req/s] [内存消耗：3,927.84kb] [文件加载：72]
[ info ] [ LANG ] D:\wamp64\www\study\thinkphp\lang\zh-cn.php
[ info ] [ ROUTE ] array (
)
[ info ] [ HEADER ] array (
  'host' => 'localhost',
  'connection' => 'keep-alive',
  'cache-control' => 'max-age=0',
  'upgrade-insecure-requests' => '1',
  'user-agent' => 'Mozilla/5.0 (Windows NT 10.0; Win64; x64) AppleWebKit/537.36 (KHTML, like Gecko) Chrome/70.0.3538.110 Safari/537.36',
  'accept' => 'text/html,application/xhtml+xml,application/xml;q=0.9,image/webp,image/apng,*/*;q=0.8',
  'accept-encoding' => 'gzip, deflate, br',
  'accept-language' => 'zh-CN,zh;q=0.9',
  'cookie' => 'pgv_pvi=3853760512',
)
[ info ] [ PARAM ] array (
)
[ info ] [ DB ] INIT mysql
[ sql ] [ DB ] CONNECT:[ UseTime:0.001518s ] mysql:host=127.0.0.1;port=3306;dbname=study;charset=utf8
[ sql ] [ SQL ] SHOW COLUMNS FROM `study_admin` [ RunTime:0.001433s ]
[ sql ] [ SQL ] SELECT * FROM `study_admin` WHERE  `admin_id` = 1 LIMIT 1 [ RunTime:0.000684s ]
---------------------------------------------------------------
[ 2018-12-10T16:36:09+08:00 ] ::1 GET localhost/study/public/index.php/admin/admin/index
[运行时间：0.068710s] [吞吐率：14.55req/s] [内存消耗：3,927.87kb] [文件加载：72]
[ info ] [ LANG ] D:\wamp64\www\study\thinkphp\lang\zh-cn.php
[ info ] [ ROUTE ] array (
)
[ info ] [ HEADER ] array (
  'host' => 'localhost',
  'connection' => 'keep-alive',
  'cache-control' => 'max-age=0',
  'upgrade-insecure-requests' => '1',
  'user-agent' => 'Mozilla/5.0 (Windows NT 10.0; Win64; x64) AppleWebKit/537.36 (KHTML, like Gecko) Chrome/70.0.3538.110 Safari/537.36',
  'accept' => 'text/html,application/xhtml+xml,application/xml;q=0.9,image/webp,image/apng,*/*;q=0.8',
  'accept-encoding' => 'gzip, deflate, br',
  'accept-language' => 'zh-CN,zh;q=0.9',
  'cookie' => 'thinkphp_show_page_trace=0|0; pgv_pvi=3853760512',
)
[ info ] [ PARAM ] array (
)
[ info ] [ DB ] INIT mysql
[ sql ] [ DB ] CONNECT:[ UseTime:0.009965s ] mysql:host=127.0.0.1;port=3306;dbname=study;charset=utf8
[ sql ] [ SQL ] SHOW COLUMNS FROM `study_admin` [ RunTime:0.001454s ]
[ sql ] [ SQL ] SELECT * FROM `study_admin` WHERE  `admin_id` = 1 LIMIT 1 [ RunTime:0.000876s ]
---------------------------------------------------------------
[ 2018-12-10T16:58:42+08:00 ] ::1 GET localhost/study/public/index.php/admin/admin/index
[运行时间：0.065189s] [吞吐率：15.34req/s] [内存消耗：2,283.04kb] [文件加载：66]
[ info ] [ LANG ] D:\wamp64\www\study\thinkphp\lang\zh-cn.php
[ info ] [ ROUTE ] array (
)
[ info ] [ HEADER ] array (
  'host' => 'localhost',
  'connection' => 'keep-alive',
  'cache-control' => 'max-age=0',
  'upgrade-insecure-requests' => '1',
  'user-agent' => 'Mozilla/5.0 (Windows NT 10.0; Win64; x64) AppleWebKit/537.36 (KHTML, like Gecko) Chrome/70.0.3538.110 Safari/537.36',
  'accept' => 'text/html,application/xhtml+xml,application/xml;q=0.9,image/webp,image/apng,*/*;q=0.8',
  'accept-encoding' => 'gzip, deflate, br',
  'accept-language' => 'zh-CN,zh;q=0.9',
  'cookie' => 'thinkphp_show_page_trace=0|4; pgv_pvi=3853760512',
)
[ info ] [ PARAM ] array (
)
[ error ] [1]Class 'think\facade\Model' not found[D:\wamp64\www\study\application\admin\model\Admin.php:6]
---------------------------------------------------------------
[ 2018-12-10T16:59:18+08:00 ] ::1 GET localhost/study/public/index.php/admin/admin/index
[运行时间：0.062668s] [吞吐率：15.96req/s] [内存消耗：2,282.95kb] [文件加载：66]
[ info ] [ LANG ] D:\wamp64\www\study\thinkphp\lang\zh-cn.php
[ info ] [ ROUTE ] array (
)
[ info ] [ HEADER ] array (
  'host' => 'localhost',
  'connection' => 'keep-alive',
  'cache-control' => 'max-age=0',
  'upgrade-insecure-requests' => '1',
  'user-agent' => 'Mozilla/5.0 (Windows NT 10.0; Win64; x64) AppleWebKit/537.36 (KHTML, like Gecko) Chrome/70.0.3538.110 Safari/537.36',
  'accept' => 'text/html,application/xhtml+xml,application/xml;q=0.9,image/webp,image/apng,*/*;q=0.8',
  'accept-encoding' => 'gzip, deflate, br',
  'accept-language' => 'zh-CN,zh;q=0.9',
  'cookie' => 'thinkphp_show_page_trace=0|4; pgv_pvi=3853760512',
)
[ info ] [ PARAM ] array (
)
[ error ] [1]Class 'Model' not found[D:\wamp64\www\study\application\admin\model\Admin.php:6]
---------------------------------------------------------------
[ 2018-12-10T17:01:46+08:00 ] ::1 GET localhost/study/public/index.php/admin/admin/index
[运行时间：0.057667s] [吞吐率：17.34req/s] [内存消耗：2,276.69kb] [文件加载：65]
[ info ] [ LANG ] D:\wamp64\www\study\thinkphp\lang\zh-cn.php
[ info ] [ ROUTE ] array (
)
[ info ] [ HEADER ] array (
  'host' => 'localhost',
  'connection' => 'keep-alive',
  'cache-control' => 'max-age=0',
  'upgrade-insecure-requests' => '1',
  'user-agent' => 'Mozilla/5.0 (Windows NT 10.0; Win64; x64) AppleWebKit/537.36 (KHTML, like Gecko) Chrome/70.0.3538.110 Safari/537.36',
  'accept' => 'text/html,application/xhtml+xml,application/xml;q=0.9,image/webp,image/apng,*/*;q=0.8',
  'accept-encoding' => 'gzip, deflate, br',
  'accept-language' => 'zh-CN,zh;q=0.9',
  'cookie' => 'thinkphp_show_page_trace=0|4; pgv_pvi=3853760512',
)
[ info ] [ PARAM ] array (
)
[ error ] [0]致命错误: Class 'think\facade\Db' not found[D:\wamp64\www\study\application\admin\controller\Admin.php:18]
---------------------------------------------------------------
[ 2018-12-10T17:02:16+08:00 ] ::1 GET localhost/study/public/index.php/admin/admin/index
[运行时间：0.072549s] [吞吐率：13.78req/s] [内存消耗：3,784.16kb] [文件加载：72]
[ info ] [ LANG ] D:\wamp64\www\study\thinkphp\lang\zh-cn.php
[ info ] [ ROUTE ] array (
)
[ info ] [ HEADER ] array (
  'host' => 'localhost',
  'connection' => 'keep-alive',
  'cache-control' => 'max-age=0',
  'upgrade-insecure-requests' => '1',
  'user-agent' => 'Mozilla/5.0 (Windows NT 10.0; Win64; x64) AppleWebKit/537.36 (KHTML, like Gecko) Chrome/70.0.3538.110 Safari/537.36',
  'accept' => 'text/html,application/xhtml+xml,application/xml;q=0.9,image/webp,image/apng,*/*;q=0.8',
  'accept-encoding' => 'gzip, deflate, br',
  'accept-language' => 'zh-CN,zh;q=0.9',
  'cookie' => 'thinkphp_show_page_trace=0|4; pgv_pvi=3853760512; PHPSESSID=0hjvimmpnqdoumqsgsutgofke6',
)
[ info ] [ PARAM ] array (
)
[ info ] [ DB ] INIT mysql
[ info ] [ VIEW ] D:\wamp64\www\study\application\admin\view\admin\index.html [ array (
  0 => 'lists',
) ]
[ sql ] [ DB ] CONNECT:[ UseTime:0.001647s ] mysql:host=127.0.0.1;port=3306;dbname=study;charset=utf8
[ sql ] [ SQL ] SHOW COLUMNS FROM `study_admin` [ RunTime:0.001535s ]
[ sql ] [ SQL ] SELECT * FROM `study_admin` [ RunTime:0.000680s ]
[ error ] [0]语法解析错误: syntax error, unexpected '?>'[D:\wamp64\www\study\runtime\temp\c1c1dc689833ff1cd6b6cad1424d3c08.php:260]
---------------------------------------------------------------
[ 2018-12-10T17:06:08+08:00 ] ::1 GET localhost/study/public/index.php/admin/admin/index
[运行时间：0.096902s] [吞吐率：10.32req/s] [内存消耗：3,834.75kb] [文件加载：71]
[ info ] [ LANG ] D:\wamp64\www\study\thinkphp\lang\zh-cn.php
[ info ] [ ROUTE ] array (
)
[ info ] [ HEADER ] array (
  'host' => 'localhost',
  'connection' => 'keep-alive',
  'cache-control' => 'max-age=0',
  'upgrade-insecure-requests' => '1',
  'user-agent' => 'Mozilla/5.0 (Windows NT 10.0; Win64; x64) AppleWebKit/537.36 (KHTML, like Gecko) Chrome/70.0.3538.110 Safari/537.36',
  'accept' => 'text/html,application/xhtml+xml,application/xml;q=0.9,image/webp,image/apng,*/*;q=0.8',
  'accept-encoding' => 'gzip, deflate, br',
  'accept-language' => 'zh-CN,zh;q=0.9',
  'cookie' => 'thinkphp_show_page_trace=1|4; pgv_pvi=3853760512; PHPSESSID=0hjvimmpnqdoumqsgsutgofke6',
)
[ info ] [ PARAM ] array (
)
[ info ] [ DB ] INIT mysql
[ info ] [ VIEW ] D:\wamp64\www\study\application\admin\view\admin\index.html [ array (
  0 => 'lists',
) ]
[ sql ] [ DB ] CONNECT:[ UseTime:0.010583s ] mysql:host=127.0.0.1;port=3306;dbname=study;charset=utf8
[ sql ] [ SQL ] SHOW COLUMNS FROM `study_admin` [ RunTime:0.001484s ]
[ sql ] [ SQL ] SELECT * FROM `study_admin` [ RunTime:0.000637s ]
---------------------------------------------------------------
[ 2018-12-10T17:11:18+08:00 ] ::1 POST localhost/study/public/index.php/index/check/updateobjstate.html
[运行时间：0.031388s] [吞吐率：31.86req/s] [内存消耗：1,656.75kb] [文件加载：51]
[ info ] [ LANG ] D:\wamp64\www\study\thinkphp\lang\zh-cn.php
