---------------------------------------------------------------
[ 2018-12-18T10:21:03+08:00 ] ::1 GET localhost/study/public/index.php/admin/login/index
[运行时间：0.091638s] [吞吐率：10.91req/s] [内存消耗：2,585.42kb] [文件加载：67]
[ info ] [ LANG ] D:\wamp64\www\study\thinkphp\lang\zh-cn.php
[ info ] [ ROUTE ] array (
)
[ info ] [ HEADER ] array (
  'host' => 'localhost',
  'connection' => 'keep-alive',
  'upgrade-insecure-requests' => '1',
  'user-agent' => 'Mozilla/5.0 (Windows NT 10.0; Win64; x64) AppleWebKit/537.36 (KHTML, like Gecko) Chrome/71.0.3578.80 Safari/537.36',
  'accept' => 'text/html,application/xhtml+xml,application/xml;q=0.9,image/webp,image/apng,*/*;q=0.8',
  'accept-encoding' => 'gzip, deflate, br',
  'accept-language' => 'zh-CN,zh;q=0.9',
  'cookie' => 'pgv_pvi=3853760512',
)
[ info ] [ PARAM ] array (
)
[ info ] [ VIEW ] D:\wamp64\www\study\application\admin\view\login\index.html [ array (
) ]
---------------------------------------------------------------
[ 2018-12-18T10:21:13+08:00 ] ::1 GET localhost/study/public/index.php/admin/menu/index
[运行时间：0.144498s] [吞吐率：6.92req/s] [内存消耗：4,200.63kb] [文件加载：78]
[ info ] [ LANG ] D:\wamp64\www\study\thinkphp\lang\zh-cn.php
[ info ] [ ROUTE ] array (
)
[ info ] [ HEADER ] array (
  'host' => 'localhost',
  'connection' => 'keep-alive',
  'purpose' => 'prefetch',
  'upgrade-insecure-requests' => '1',
  'user-agent' => 'Mozilla/5.0 (Windows NT 10.0; Win64; x64) AppleWebKit/537.36 (KHTML, like Gecko) Chrome/71.0.3578.80 Safari/537.36',
  'accept' => 'text/html,application/xhtml+xml,application/xml;q=0.9,image/webp,image/apng,*/*;q=0.8',
  'accept-encoding' => 'gzip, deflate, br',
  'accept-language' => 'zh-CN,zh;q=0.9',
  'cookie' => 'ace.settings=%7B%22main-container-fixed%22%3A1%7D; pgv_pvi=3853760512; PHPSESSID=e8b7k73spj2u1cc2rullpf7o41',
)
[ info ] [ PARAM ] array (
)
[ info ] [ DB ] INIT mysql
[ info ] [ VIEW ] D:\wamp64\www\study\application\admin\view\menu\index.html [ array (
  0 => 'fm_lists',
  1 => 'sm_lists',
) ]
[ sql ] [ DB ] CONNECT:[ UseTime:0.011875s ] mysql:host=127.0.0.1;port=3306;dbname=study;charset=utf8
[ sql ] [ SQL ] SHOW COLUMNS FROM `study_first_module` [ RunTime:0.043420s ]
[ sql ] [ SQL ] SELECT * FROM `study_first_module` WHERE  `fm_state` = 1 [ RunTime:0.006702s ]
[ sql ] [ SQL ] SHOW COLUMNS FROM `study_second_module` [ RunTime:0.003623s ]
[ sql ] [ SQL ] SELECT * FROM `study_second_module` WHERE  `sm_state` = 1 [ RunTime:0.000559s ]
---------------------------------------------------------------
[ 2018-12-18T10:25:30+08:00 ] ::1 GET localhost/study/public/index.php/admin/menu/index
[运行时间：0.093658s] [吞吐率：10.68req/s] [内存消耗：4,434.77kb] [文件加载：80]
[ info ] [ LANG ] D:\wamp64\www\study\thinkphp\lang\zh-cn.php
[ info ] [ ROUTE ] array (
)
[ info ] [ HEADER ] array (
  'host' => 'localhost',
  'connection' => 'keep-alive',
  'cache-control' => 'max-age=0',
  'upgrade-insecure-requests' => '1',
  'user-agent' => 'Mozilla/5.0 (Windows NT 10.0; Win64; x64) AppleWebKit/537.36 (KHTML, like Gecko) Chrome/71.0.3578.80 Safari/537.36',
  'accept' => 'text/html,application/xhtml+xml,application/xml;q=0.9,image/webp,image/apng,*/*;q=0.8',
  'accept-encoding' => 'gzip, deflate, br',
  'accept-language' => 'zh-CN,zh;q=0.9',
  'cookie' => 'ace.settings=%7B%22main-container-fixed%22%3A1%7D; thinkphp_show_page_trace=0|0; pgv_pvi=3853760512; PHPSESSID=e8b7k73spj2u1cc2rullpf7o41',
)
[ info ] [ PARAM ] array (
)
[ info ] [ DB ] INIT mysql
[ info ] [ VIEW ] D:\wamp64\www\study\application\admin\view\menu\index.html [ array (
  0 => 'fm_lists',
  1 => 'sm_lists',
) ]
[ sql ] [ DB ] CONNECT:[ UseTime:0.001693s ] mysql:host=127.0.0.1;port=3306;dbname=study;charset=utf8
[ sql ] [ SQL ] SHOW COLUMNS FROM `study_first_module` [ RunTime:0.001412s ]
[ sql ] [ SQL ] SELECT * FROM `study_first_module` WHERE  `fm_state` = 1 [ RunTime:0.000719s ]
[ sql ] [ SQL ] SHOW COLUMNS FROM `study_second_module` [ RunTime:0.002234s ]
[ sql ] [ SQL ] SELECT * FROM `study_second_module` WHERE  `sm_state` = 1 [ RunTime:0.000787s ]
---------------------------------------------------------------
[ 2018-12-18T10:32:45+08:00 ] ::1 GET localhost/study/public/index.php/admin/menu/index
[运行时间：0.076854s] [吞吐率：13.01req/s] [内存消耗：4,203.74kb] [文件加载：78]
[ info ] [ LANG ] D:\wamp64\www\study\thinkphp\lang\zh-cn.php
[ info ] [ ROUTE ] array (
)
[ info ] [ HEADER ] array (
  'host' => 'localhost',
  'connection' => 'keep-alive',
  'cache-control' => 'max-age=0',
  'upgrade-insecure-requests' => '1',
  'user-agent' => 'Mozilla/5.0 (Windows NT 10.0; Win64; x64) AppleWebKit/537.36 (KHTML, like Gecko) Chrome/71.0.3578.80 Safari/537.36',
  'accept' => 'text/html,application/xhtml+xml,application/xml;q=0.9,image/webp,image/apng,*/*;q=0.8',
  'accept-encoding' => 'gzip, deflate, br',
  'accept-language' => 'zh-CN,zh;q=0.9',
  'cookie' => 'ace.settings=%7B%22main-container-fixed%22%3A1%7D; thinkphp_show_page_trace=0|0; pgv_pvi=3853760512; PHPSESSID=e8b7k73spj2u1cc2rullpf7o41',
)
[ info ] [ PARAM ] array (
)
[ info ] [ DB ] INIT mysql
[ info ] [ VIEW ] D:\wamp64\www\study\application\admin\view\menu\index.html [ array (
  0 => 'fm_lists',
  1 => 'sm_lists',
) ]
[ sql ] [ DB ] CONNECT:[ UseTime:0.001725s ] mysql:host=127.0.0.1;port=3306;dbname=study;charset=utf8
[ sql ] [ SQL ] SHOW COLUMNS FROM `study_first_module` [ RunTime:0.001852s ]
[ sql ] [ SQL ] SELECT * FROM `study_first_module` WHERE  `fm_state` = 1 [ RunTime:0.001637s ]
[ sql ] [ SQL ] SHOW COLUMNS FROM `study_second_module` [ RunTime:0.001254s ]
[ sql ] [ SQL ] SELECT * FROM `study_second_module` WHERE  `sm_state` = 1 [ RunTime:0.000680s ]
---------------------------------------------------------------
[ 2018-12-18T10:36:10+08:00 ] ::1 GET localhost/study/public/index.php/admin/menu/index
[运行时间：0.087596s] [吞吐率：11.42req/s] [内存消耗：4,203.74kb] [文件加载：78]
[ info ] [ LANG ] D:\wamp64\www\study\thinkphp\lang\zh-cn.php
[ info ] [ ROUTE ] array (
)
[ info ] [ HEADER ] array (
  'host' => 'localhost',
  'connection' => 'keep-alive',
  'cache-control' => 'max-age=0',
  'upgrade-insecure-requests' => '1',
  'user-agent' => 'Mozilla/5.0 (Windows NT 10.0; Win64; x64) AppleWebKit/537.36 (KHTML, like Gecko) Chrome/71.0.3578.80 Safari/537.36',
  'accept' => 'text/html,application/xhtml+xml,application/xml;q=0.9,image/webp,image/apng,*/*;q=0.8',
  'accept-encoding' => 'gzip, deflate, br',
  'accept-language' => 'zh-CN,zh;q=0.9',
  'cookie' => 'ace.settings=%7B%22main-container-fixed%22%3A1%7D; thinkphp_show_page_trace=0|0; pgv_pvi=3853760512; PHPSESSID=e8b7k73spj2u1cc2rullpf7o41',
)
[ info ] [ PARAM ] array (
)
[ info ] [ DB ] INIT mysql
[ info ] [ VIEW ] D:\wamp64\www\study\application\admin\view\menu\index.html [ array (
  0 => 'fm_lists',
  1 => 'sm_lists',
) ]
[ sql ] [ DB ] CONNECT:[ UseTime:0.010858s ] mysql:host=127.0.0.1;port=3306;dbname=study;charset=utf8
[ sql ] [ SQL ] SHOW COLUMNS FROM `study_first_module` [ RunTime:0.001299s ]
[ sql ] [ SQL ] SELECT * FROM `study_first_module` WHERE  `fm_state` = 1 [ RunTime:0.000610s ]
[ sql ] [ SQL ] SHOW COLUMNS FROM `study_second_module` [ RunTime:0.001173s ]
[ sql ] [ SQL ] SELECT * FROM `study_second_module` WHERE  `sm_state` = 1 [ RunTime:0.000560s ]
---------------------------------------------------------------
[ 2018-12-18T10:36:12+08:00 ] ::1 GET localhost/study/public/index.php/admin/menu/add.html
[运行时间：0.081019s] [吞吐率：12.34req/s] [内存消耗：4,406.53kb] [文件加载：80]
[ info ] [ LANG ] D:\wamp64\www\study\thinkphp\lang\zh-cn.php
[ info ] [ ROUTE ] array (
)
[ info ] [ HEADER ] array (
  'host' => 'localhost',
  'connection' => 'keep-alive',
  'upgrade-insecure-requests' => '1',
  'user-agent' => 'Mozilla/5.0 (Windows NT 10.0; Win64; x64) AppleWebKit/537.36 (KHTML, like Gecko) Chrome/71.0.3578.80 Safari/537.36',
  'accept' => 'text/html,application/xhtml+xml,application/xml;q=0.9,image/webp,image/apng,*/*;q=0.8',
  'referer' => 'http://localhost/study/public/index.php/admin/menu/index',
  'accept-encoding' => 'gzip, deflate, br',
  'accept-language' => 'zh-CN,zh;q=0.9',
  'cookie' => 'ace.settings=%7B%22main-container-fixed%22%3A1%7D; thinkphp_show_page_trace=0|0; pgv_pvi=3853760512; PHPSESSID=e8b7k73spj2u1cc2rullpf7o41',
)
[ info ] [ PARAM ] array (
)
[ info ] [ DB ] INIT mysql
[ info ] [ VIEW ] D:\wamp64\www\study\application\admin\view\menu\add.html [ array (
  0 => 'fm_lists',
  1 => 'sm_lists',
) ]
[ sql ] [ DB ] CONNECT:[ UseTime:0.009922s ] mysql:host=127.0.0.1;port=3306;dbname=study;charset=utf8
[ sql ] [ SQL ] SHOW COLUMNS FROM `study_first_module` [ RunTime:0.001430s ]
[ sql ] [ SQL ] SELECT * FROM `study_first_module` WHERE  `fm_state` = 1 [ RunTime:0.000675s ]
[ sql ] [ SQL ] SHOW COLUMNS FROM `study_second_module` [ RunTime:0.001307s ]
[ sql ] [ SQL ] SELECT * FROM `study_second_module` WHERE  `sm_state` = 1 [ RunTime:0.000644s ]
---------------------------------------------------------------
[ 2018-12-18T10:39:18+08:00 ] ::1 GET localhost/study/public/index.php/admin/menu/add.html
[运行时间：0.089114s] [吞吐率：11.22req/s] [内存消耗：4,418.61kb] [文件加载：80]
[ info ] [ LANG ] D:\wamp64\www\study\thinkphp\lang\zh-cn.php
[ info ] [ ROUTE ] array (
)
[ info ] [ HEADER ] array (
  'host' => 'localhost',
  'connection' => 'keep-alive',
  'cache-control' => 'max-age=0',
  'upgrade-insecure-requests' => '1',
  'user-agent' => 'Mozilla/5.0 (Windows NT 10.0; Win64; x64) AppleWebKit/537.36 (KHTML, like Gecko) Chrome/71.0.3578.80 Safari/537.36',
  'accept' => 'text/html,application/xhtml+xml,application/xml;q=0.9,image/webp,image/apng,*/*;q=0.8',
  'referer' => 'http://localhost/study/public/index.php/admin/menu/index',
  'accept-encoding' => 'gzip, deflate, br',
  'accept-language' => 'zh-CN,zh;q=0.9',
  'cookie' => 'ace.settings=%7B%22main-container-fixed%22%3A1%7D; thinkphp_show_page_trace=0|0; pgv_pvi=3853760512; PHPSESSID=e8b7k73spj2u1cc2rullpf7o41',
)
[ info ] [ PARAM ] array (
)
[ info ] [ DB ] INIT mysql
[ info ] [ VIEW ] D:\wamp64\www\study\application\admin\view\menu\add.html [ array (
  0 => 'fm_lists',
  1 => 'sm_lists',
) ]
[ sql ] [ DB ] CONNECT:[ UseTime:0.010796s ] mysql:host=127.0.0.1;port=3306;dbname=study;charset=utf8
[ sql ] [ SQL ] SHOW COLUMNS FROM `study_first_module` [ RunTime:0.001378s ]
[ sql ] [ SQL ] SELECT * FROM `study_first_module` WHERE  `fm_state` = 1 [ RunTime:0.000592s ]
[ sql ] [ SQL ] SHOW COLUMNS FROM `study_second_module` [ RunTime:0.001874s ]
[ sql ] [ SQL ] SELECT * FROM `study_second_module` WHERE  `sm_state` = 1 [ RunTime:0.000819s ]
---------------------------------------------------------------
[ 2018-12-18T10:52:32+08:00 ] ::1 GET localhost/study/public/index.php/admin/menu/add.html
[运行时间：0.076691s] [吞吐率：13.04req/s] [内存消耗：4,418.61kb] [文件加载：80]
[ info ] [ LANG ] D:\wamp64\www\study\thinkphp\lang\zh-cn.php
[ info ] [ ROUTE ] array (
)
[ info ] [ HEADER ] array (
  'host' => 'localhost',
  'connection' => 'keep-alive',
  'cache-control' => 'max-age=0',
  'upgrade-insecure-requests' => '1',
  'user-agent' => 'Mozilla/5.0 (Windows NT 10.0; Win64; x64) AppleWebKit/537.36 (KHTML, like Gecko) Chrome/71.0.3578.80 Safari/537.36',
  'accept' => 'text/html,application/xhtml+xml,application/xml;q=0.9,image/webp,image/apng,*/*;q=0.8',
  'referer' => 'http://localhost/study/public/index.php/admin/menu/index',
  'accept-encoding' => 'gzip, deflate, br',
  'accept-language' => 'zh-CN,zh;q=0.9',
  'cookie' => 'ace.settings=%7B%22main-container-fixed%22%3A1%7D; thinkphp_show_page_trace=0|0; pgv_pvi=3853760512; PHPSESSID=e8b7k73spj2u1cc2rullpf7o41',
)
[ info ] [ PARAM ] array (
)
[ info ] [ DB ] INIT mysql
[ info ] [ VIEW ] D:\wamp64\www\study\application\admin\view\menu\add.html [ array (
  0 => 'fm_lists',
  1 => 'sm_lists',
) ]
[ sql ] [ DB ] CONNECT:[ UseTime:0.001481s ] mysql:host=127.0.0.1;port=3306;dbname=study;charset=utf8
[ sql ] [ SQL ] SHOW COLUMNS FROM `study_first_module` [ RunTime:0.001329s ]
[ sql ] [ SQL ] SELECT * FROM `study_first_module` WHERE  `fm_state` = 1 [ RunTime:0.000677s ]
[ sql ] [ SQL ] SHOW COLUMNS FROM `study_second_module` [ RunTime:0.002051s ]
[ sql ] [ SQL ] SELECT * FROM `study_second_module` WHERE  `sm_state` = 1 [ RunTime:0.000628s ]
---------------------------------------------------------------
[ 2018-12-18T10:56:34+08:00 ] ::1 GET localhost/study/public/index.php/admin/menu/add.html
[运行时间：0.088057s] [吞吐率：11.36req/s] [内存消耗：4,406.61kb] [文件加载：80]
[ info ] [ LANG ] D:\wamp64\www\study\thinkphp\lang\zh-cn.php
[ info ] [ ROUTE ] array (
)
[ info ] [ HEADER ] array (
  'host' => 'localhost',
  'connection' => 'keep-alive',
  'cache-control' => 'max-age=0',
  'upgrade-insecure-requests' => '1',
  'user-agent' => 'Mozilla/5.0 (Windows NT 10.0; Win64; x64) AppleWebKit/537.36 (KHTML, like Gecko) Chrome/71.0.3578.80 Safari/537.36',
  'accept' => 'text/html,application/xhtml+xml,application/xml;q=0.9,image/webp,image/apng,*/*;q=0.8',
  'referer' => 'http://localhost/study/public/index.php/admin/menu/index',
  'accept-encoding' => 'gzip, deflate, br',
  'accept-language' => 'zh-CN,zh;q=0.9',
  'cookie' => 'ace.settings=%7B%22main-container-fixed%22%3A1%7D; thinkphp_show_page_trace=0|0; pgv_pvi=3853760512; PHPSESSID=e8b7k73spj2u1cc2rullpf7o41',
)
[ info ] [ PARAM ] array (
)
[ info ] [ DB ] INIT mysql
[ info ] [ VIEW ] D:\wamp64\www\study\application\admin\view\menu\add.html [ array (
  0 => 'fm_lists',
  1 => 'sm_lists',
) ]
[ sql ] [ DB ] CONNECT:[ UseTime:0.010592s ] mysql:host=127.0.0.1;port=3306;dbname=study;charset=utf8
[ sql ] [ SQL ] SHOW COLUMNS FROM `study_first_module` [ RunTime:0.001233s ]
[ sql ] [ SQL ] SELECT * FROM `study_first_module` WHERE  `fm_state` = 1 [ RunTime:0.000623s ]
[ sql ] [ SQL ] SHOW COLUMNS FROM `study_second_module` [ RunTime:0.002481s ]
[ sql ] [ SQL ] SELECT * FROM `study_second_module` WHERE  `sm_state` = 1 [ RunTime:0.000758s ]
---------------------------------------------------------------
[ 2018-12-18T11:10:18+08:00 ] ::1 GET localhost/study/public/index.php/admin/menu/index
[运行时间：0.085435s] [吞吐率：11.70req/s] [内存消耗：4,203.10kb] [文件加载：78]
[ info ] [ LANG ] D:\wamp64\www\study\thinkphp\lang\zh-cn.php
[ info ] [ ROUTE ] array (
)
[ info ] [ HEADER ] array (
  'host' => 'localhost',
  'connection' => 'keep-alive',
  'upgrade-insecure-requests' => '1',
  'user-agent' => 'Mozilla/5.0 (Windows NT 10.0; Win64; x64) AppleWebKit/537.36 (KHTML, like Gecko) Chrome/71.0.3578.80 Safari/537.36',
  'accept' => 'text/html,application/xhtml+xml,application/xml;q=0.9,image/webp,image/apng,*/*;q=0.8',
  'accept-encoding' => 'gzip, deflate, br',
  'accept-language' => 'zh-CN,zh;q=0.9',
  'cookie' => 'ace.settings=%7B%22main-container-fixed%22%3A1%7D; thinkphp_show_page_trace=0|0; pgv_pvi=3853760512; PHPSESSID=e8b7k73spj2u1cc2rullpf7o41',
)
[ info ] [ PARAM ] array (
)
[ info ] [ DB ] INIT mysql
[ info ] [ VIEW ] D:\wamp64\www\study\application\admin\view\menu\index.html [ array (
  0 => 'fm_lists',
  1 => 'sm_lists',
) ]
[ sql ] [ DB ] CONNECT:[ UseTime:0.001497s ] mysql:host=127.0.0.1;port=3306;dbname=study;charset=utf8
[ sql ] [ SQL ] SHOW COLUMNS FROM `study_first_module` [ RunTime:0.001441s ]
[ sql ] [ SQL ] SELECT * FROM `study_first_module` WHERE  `fm_state` = 1 [ RunTime:0.000639s ]
[ sql ] [ SQL ] SHOW COLUMNS FROM `study_second_module` [ RunTime:0.001405s ]
[ sql ] [ SQL ] SELECT * FROM `study_second_module` WHERE  `sm_state` = 1 [ RunTime:0.000592s ]
---------------------------------------------------------------
[ 2018-12-18T11:10:30+08:00 ] ::1 GET localhost/study/public/index.php/admin/quote/icon
[运行时间：0.059313s] [吞吐率：16.86req/s] [内存消耗：2,636.85kb] [文件加载：65]
[ info ] [ LANG ] D:\wamp64\www\study\thinkphp\lang\zh-cn.php
[ info ] [ ROUTE ] array (
)
[ info ] [ HEADER ] array (
  'host' => 'localhost',
  'connection' => 'keep-alive',
  'upgrade-insecure-requests' => '1',
  'user-agent' => 'Mozilla/5.0 (Windows NT 10.0; Win64; x64) AppleWebKit/537.36 (KHTML, like Gecko) Chrome/71.0.3578.80 Safari/537.36',
  'accept' => 'text/html,application/xhtml+xml,application/xml;q=0.9,image/webp,image/apng,*/*;q=0.8',
  'accept-encoding' => 'gzip, deflate, br',
  'accept-language' => 'zh-CN,zh;q=0.9',
  'cookie' => 'ace.settings=%7B%22main-container-fixed%22%3A-1%7D; pgv_pvi=3853760512; PHPSESSID=e8b7k73spj2u1cc2rullpf7o41',
)
[ info ] [ PARAM ] array (
)
[ info ] [ VIEW ] D:\wamp64\www\study\application\admin\view\quote\icon.html [ array (
) ]
---------------------------------------------------------------
[ 2018-12-18T11:14:55+08:00 ] ::1 GET localhost/study/public/index.php/admin/menu/index
[运行时间：0.118546s] [吞吐率：8.44req/s] [内存消耗：4,437.59kb] [文件加载：80]
[ info ] [ LANG ] D:\wamp64\www\study\thinkphp\lang\zh-cn.php
[ info ] [ ROUTE ] array (
)
[ info ] [ HEADER ] array (
  'host' => 'localhost',
  'connection' => 'keep-alive',
  'cache-control' => 'max-age=0',
  'upgrade-insecure-requests' => '1',
  'user-agent' => 'Mozilla/5.0 (Windows NT 10.0; Win64; x64) AppleWebKit/537.36 (KHTML, like Gecko) Chrome/71.0.3578.80 Safari/537.36',
  'accept' => 'text/html,application/xhtml+xml,application/xml;q=0.9,image/webp,image/apng,*/*;q=0.8',
  'accept-encoding' => 'gzip, deflate, br',
  'accept-language' => 'zh-CN,zh;q=0.9',
  'cookie' => 'ace.settings=%7B%22main-container-fixed%22%3A1%7D; thinkphp_show_page_trace=0|0; pgv_pvi=3853760512; PHPSESSID=e8b7k73spj2u1cc2rullpf7o41',
)
[ info ] [ PARAM ] array (
)
[ info ] [ DB ] INIT mysql
[ info ] [ VIEW ] D:\wamp64\www\study\application\admin\view\menu\index.html [ array (
  0 => 'fm_lists',
  1 => 'sm_lists',
) ]
[ sql ] [ DB ] CONNECT:[ UseTime:0.010752s ] mysql:host=127.0.0.1;port=3306;dbname=study;charset=utf8
[ sql ] [ SQL ] SHOW COLUMNS FROM `study_first_module` [ RunTime:0.003173s ]
[ sql ] [ SQL ] SELECT * FROM `study_first_module` WHERE  `fm_state` = 1 [ RunTime:0.000632s ]
[ sql ] [ SQL ] SHOW COLUMNS FROM `study_second_module` [ RunTime:0.011397s ]
[ sql ] [ SQL ] SELECT * FROM `study_second_module` WHERE  `sm_state` = 1 [ RunTime:0.000617s ]
---------------------------------------------------------------
[ 2018-12-18T11:15:18+08:00 ] ::1 GET localhost/study/public/index.php/admin/menu/index
[运行时间：0.100074s] [吞吐率：9.99req/s] [内存消耗：4,437.59kb] [文件加载：80]
[ info ] [ LANG ] D:\wamp64\www\study\thinkphp\lang\zh-cn.php
[ info ] [ ROUTE ] array (
)
[ info ] [ HEADER ] array (
  'host' => 'localhost',
  'connection' => 'keep-alive',
  'cache-control' => 'max-age=0',
  'upgrade-insecure-requests' => '1',
  'user-agent' => 'Mozilla/5.0 (Windows NT 10.0; Win64; x64) AppleWebKit/537.36 (KHTML, like Gecko) Chrome/71.0.3578.80 Safari/537.36',
  'accept' => 'text/html,application/xhtml+xml,application/xml;q=0.9,image/webp,image/apng,*/*;q=0.8',
  'accept-encoding' => 'gzip, deflate, br',
  'accept-language' => 'zh-CN,zh;q=0.9',
  'cookie' => 'ace.settings=%7B%22main-container-fixed%22%3A1%7D; thinkphp_show_page_trace=0|0; pgv_pvi=3853760512; PHPSESSID=e8b7k73spj2u1cc2rullpf7o41',
)
[ info ] [ PARAM ] array (
)
[ info ] [ DB ] INIT mysql
[ info ] [ VIEW ] D:\wamp64\www\study\application\admin\view\menu\index.html [ array (
  0 => 'fm_lists',
  1 => 'sm_lists',
) ]
[ sql ] [ DB ] CONNECT:[ UseTime:0.011318s ] mysql:host=127.0.0.1;port=3306;dbname=study;charset=utf8
[ sql ] [ SQL ] SHOW COLUMNS FROM `study_first_module` [ RunTime:0.002601s ]
[ sql ] [ SQL ] SELECT * FROM `study_first_module` WHERE  `fm_state` = 1 [ RunTime:0.000635s ]
[ sql ] [ SQL ] SHOW COLUMNS FROM `study_second_module` [ RunTime:0.001203s ]
[ sql ] [ SQL ] SELECT * FROM `study_second_module` WHERE  `sm_state` = 1 [ RunTime:0.000600s ]
---------------------------------------------------------------
[ 2018-12-18T11:16:41+08:00 ] ::1 GET localhost/study/public/index.php/admin/menu/index
[运行时间：0.084521s] [吞吐率：11.83req/s] [内存消耗：4,441.59kb] [文件加载：80]
[ info ] [ LANG ] D:\wamp64\www\study\thinkphp\lang\zh-cn.php
[ info ] [ ROUTE ] array (
)
[ info ] [ HEADER ] array (
  'host' => 'localhost',
  'connection' => 'keep-alive',
  'cache-control' => 'max-age=0',
  'upgrade-insecure-requests' => '1',
  'user-agent' => 'Mozilla/5.0 (Windows NT 10.0; Win64; x64) AppleWebKit/537.36 (KHTML, like Gecko) Chrome/71.0.3578.80 Safari/537.36',
  'accept' => 'text/html,application/xhtml+xml,application/xml;q=0.9,image/webp,image/apng,*/*;q=0.8',
  'accept-encoding' => 'gzip, deflate, br',
  'accept-language' => 'zh-CN,zh;q=0.9',
  'cookie' => 'ace.settings=%7B%22main-container-fixed%22%3A1%7D; thinkphp_show_page_trace=0|0; pgv_pvi=3853760512; PHPSESSID=e8b7k73spj2u1cc2rullpf7o41',
)
[ info ] [ PARAM ] array (
)
[ info ] [ DB ] INIT mysql
[ info ] [ VIEW ] D:\wamp64\www\study\application\admin\view\menu\index.html [ array (
  0 => 'fm_lists',
  1 => 'sm_lists',
) ]
[ sql ] [ DB ] CONNECT:[ UseTime:0.010717s ] mysql:host=127.0.0.1;port=3306;dbname=study;charset=utf8
[ sql ] [ SQL ] SHOW COLUMNS FROM `study_first_module` [ RunTime:0.001444s ]
[ sql ] [ SQL ] SELECT * FROM `study_first_module` WHERE  `fm_state` = 1 [ RunTime:0.000636s ]
[ sql ] [ SQL ] SHOW COLUMNS FROM `study_second_module` [ RunTime:0.001204s ]
[ sql ] [ SQL ] SELECT * FROM `study_second_module` WHERE  `sm_state` = 1 [ RunTime:0.000674s ]
---------------------------------------------------------------
[ 2018-12-18T11:18:02+08:00 ] ::1 GET localhost/study/public/index.php/admin/menu/index
[运行时间：0.087566s] [吞吐率：11.42req/s] [内存消耗：4,441.59kb] [文件加载：80]
[ info ] [ LANG ] D:\wamp64\www\study\thinkphp\lang\zh-cn.php
[ info ] [ ROUTE ] array (
)
[ info ] [ HEADER ] array (
  'host' => 'localhost',
  'connection' => 'keep-alive',
  'cache-control' => 'max-age=0',
  'upgrade-insecure-requests' => '1',
  'user-agent' => 'Mozilla/5.0 (Windows NT 10.0; Win64; x64) AppleWebKit/537.36 (KHTML, like Gecko) Chrome/71.0.3578.80 Safari/537.36',
  'accept' => 'text/html,application/xhtml+xml,application/xml;q=0.9,image/webp,image/apng,*/*;q=0.8',
  'accept-encoding' => 'gzip, deflate, br',
  'accept-language' => 'zh-CN,zh;q=0.9',
  'cookie' => 'ace.settings=%7B%22main-container-fixed%22%3A1%7D; thinkphp_show_page_trace=0|0; pgv_pvi=3853760512; PHPSESSID=e8b7k73spj2u1cc2rullpf7o41',
)
[ info ] [ PARAM ] array (
)
[ info ] [ DB ] INIT mysql
[ info ] [ VIEW ] D:\wamp64\www\study\application\admin\view\menu\index.html [ array (
  0 => 'fm_lists',
  1 => 'sm_lists',
) ]
[ sql ] [ DB ] CONNECT:[ UseTime:0.010328s ] mysql:host=127.0.0.1;port=3306;dbname=study;charset=utf8
[ sql ] [ SQL ] SHOW COLUMNS FROM `study_first_module` [ RunTime:0.001281s ]
[ sql ] [ SQL ] SELECT * FROM `study_first_module` WHERE  `fm_state` = 1 [ RunTime:0.000588s ]
[ sql ] [ SQL ] SHOW COLUMNS FROM `study_second_module` [ RunTime:0.001265s ]
[ sql ] [ SQL ] SELECT * FROM `study_second_module` WHERE  `sm_state` = 1 [ RunTime:0.000624s ]
---------------------------------------------------------------
[ 2018-12-18T11:19:19+08:00 ] ::1 GET localhost/study/public/index.php/admin/menu/index
[运行时间：0.088944s] [吞吐率：11.24req/s] [内存消耗：4,441.59kb] [文件加载：80]
[ info ] [ LANG ] D:\wamp64\www\study\thinkphp\lang\zh-cn.php
[ info ] [ ROUTE ] array (
)
[ info ] [ HEADER ] array (
  'host' => 'localhost',
  'connection' => 'keep-alive',
  'cache-control' => 'max-age=0',
  'upgrade-insecure-requests' => '1',
  'user-agent' => 'Mozilla/5.0 (Windows NT 10.0; Win64; x64) AppleWebKit/537.36 (KHTML, like Gecko) Chrome/71.0.3578.80 Safari/537.36',
  'accept' => 'text/html,application/xhtml+xml,application/xml;q=0.9,image/webp,image/apng,*/*;q=0.8',
  'accept-encoding' => 'gzip, deflate, br',
  'accept-language' => 'zh-CN,zh;q=0.9',
  'cookie' => 'ace.settings=%7B%22main-container-fixed%22%3A1%7D; thinkphp_show_page_trace=0|0; pgv_pvi=3853760512; PHPSESSID=e8b7k73spj2u1cc2rullpf7o41',
)
[ info ] [ PARAM ] array (
)
[ info ] [ DB ] INIT mysql
[ info ] [ VIEW ] D:\wamp64\www\study\application\admin\view\menu\index.html [ array (
  0 => 'fm_lists',
  1 => 'sm_lists',
) ]
[ sql ] [ DB ] CONNECT:[ UseTime:0.010803s ] mysql:host=127.0.0.1;port=3306;dbname=study;charset=utf8
[ sql ] [ SQL ] SHOW COLUMNS FROM `study_first_module` [ RunTime:0.001426s ]
[ sql ] [ SQL ] SELECT * FROM `study_first_module` WHERE  `fm_state` = 1 [ RunTime:0.000639s ]
[ sql ] [ SQL ] SHOW COLUMNS FROM `study_second_module` [ RunTime:0.001167s ]
[ sql ] [ SQL ] SELECT * FROM `study_second_module` WHERE  `sm_state` = 1 [ RunTime:0.000563s ]
---------------------------------------------------------------
[ 2018-12-18T11:19:49+08:00 ] ::1 GET localhost/study/public/index.php/admin/menu/index
[运行时间：0.101182s] [吞吐率：9.88req/s] [内存消耗：4,441.59kb] [文件加载：80]
[ info ] [ LANG ] D:\wamp64\www\study\thinkphp\lang\zh-cn.php
[ info ] [ ROUTE ] array (
)
[ info ] [ HEADER ] array (
  'host' => 'localhost',
  'connection' => 'keep-alive',
  'cache-control' => 'max-age=0',
  'upgrade-insecure-requests' => '1',
  'user-agent' => 'Mozilla/5.0 (Windows NT 10.0; Win64; x64) AppleWebKit/537.36 (KHTML, like Gecko) Chrome/71.0.3578.80 Safari/537.36',
  'accept' => 'text/html,application/xhtml+xml,application/xml;q=0.9,image/webp,image/apng,*/*;q=0.8',
  'accept-encoding' => 'gzip, deflate, br',
  'accept-language' => 'zh-CN,zh;q=0.9',
  'cookie' => 'ace.settings=%7B%22main-container-fixed%22%3A1%7D; thinkphp_show_page_trace=0|0; pgv_pvi=3853760512; PHPSESSID=e8b7k73spj2u1cc2rullpf7o41',
)
[ info ] [ PARAM ] array (
)
[ info ] [ DB ] INIT mysql
[ info ] [ VIEW ] D:\wamp64\www\study\application\admin\view\menu\index.html [ array (
  0 => 'fm_lists',
  1 => 'sm_lists',
) ]
[ sql ] [ DB ] CONNECT:[ UseTime:0.001572s ] mysql:host=127.0.0.1;port=3306;dbname=study;charset=utf8
[ sql ] [ SQL ] SHOW COLUMNS FROM `study_first_module` [ RunTime:0.001360s ]
[ sql ] [ SQL ] SELECT * FROM `study_first_module` WHERE  `fm_state` = 1 [ RunTime:0.000575s ]
[ sql ] [ SQL ] SHOW COLUMNS FROM `study_second_module` [ RunTime:0.001272s ]
[ sql ] [ SQL ] SELECT * FROM `study_second_module` WHERE  `sm_state` = 1 [ RunTime:0.000606s ]
---------------------------------------------------------------
[ 2018-12-18T11:20:44+08:00 ] ::1 GET localhost/study/public/index.php/admin/menu/index
[运行时间：0.090198s] [吞吐率：11.09req/s] [内存消耗：4,441.59kb] [文件加载：80]
[ info ] [ LANG ] D:\wamp64\www\study\thinkphp\lang\zh-cn.php
[ info ] [ ROUTE ] array (
)
[ info ] [ HEADER ] array (
  'host' => 'localhost',
  'connection' => 'keep-alive',
  'cache-control' => 'max-age=0',
  'upgrade-insecure-requests' => '1',
  'user-agent' => 'Mozilla/5.0 (Windows NT 10.0; Win64; x64) AppleWebKit/537.36 (KHTML, like Gecko) Chrome/71.0.3578.80 Safari/537.36',
  'accept' => 'text/html,application/xhtml+xml,application/xml;q=0.9,image/webp,image/apng,*/*;q=0.8',
  'accept-encoding' => 'gzip, deflate, br',
  'accept-language' => 'zh-CN,zh;q=0.9',
  'cookie' => 'ace.settings=%7B%22main-container-fixed%22%3A1%7D; thinkphp_show_page_trace=0|0; pgv_pvi=3853760512; PHPSESSID=e8b7k73spj2u1cc2rullpf7o41',
)
[ info ] [ PARAM ] array (
)
[ info ] [ DB ] INIT mysql
[ info ] [ VIEW ] D:\wamp64\www\study\application\admin\view\menu\index.html [ array (
  0 => 'fm_lists',
  1 => 'sm_lists',
) ]
[ sql ] [ DB ] CONNECT:[ UseTime:0.010332s ] mysql:host=127.0.0.1;port=3306;dbname=study;charset=utf8
[ sql ] [ SQL ] SHOW COLUMNS FROM `study_first_module` [ RunTime:0.001544s ]
[ sql ] [ SQL ] SELECT * FROM `study_first_module` WHERE  `fm_state` = 1 [ RunTime:0.000603s ]
[ sql ] [ SQL ] SHOW COLUMNS FROM `study_second_module` [ RunTime:0.001323s ]
[ sql ] [ SQL ] SELECT * FROM `study_second_module` WHERE  `sm_state` = 1 [ RunTime:0.000762s ]
---------------------------------------------------------------
[ 2018-12-18T11:21:04+08:00 ] ::1 GET localhost/study/public/index.php/admin/menu/index
[运行时间：0.087481s] [吞吐率：11.43req/s] [内存消耗：4,441.59kb] [文件加载：80]
[ info ] [ LANG ] D:\wamp64\www\study\thinkphp\lang\zh-cn.php
[ info ] [ ROUTE ] array (
)
[ info ] [ HEADER ] array (
  'host' => 'localhost',
  'connection' => 'keep-alive',
  'cache-control' => 'max-age=0',
  'upgrade-insecure-requests' => '1',
  'user-agent' => 'Mozilla/5.0 (Windows NT 10.0; Win64; x64) AppleWebKit/537.36 (KHTML, like Gecko) Chrome/71.0.3578.80 Safari/537.36',
  'accept' => 'text/html,application/xhtml+xml,application/xml;q=0.9,image/webp,image/apng,*/*;q=0.8',
  'accept-encoding' => 'gzip, deflate, br',
  'accept-language' => 'zh-CN,zh;q=0.9',
  'cookie' => 'ace.settings=%7B%22main-container-fixed%22%3A1%7D; thinkphp_show_page_trace=0|0; pgv_pvi=3853760512; PHPSESSID=e8b7k73spj2u1cc2rullpf7o41',
)
[ info ] [ PARAM ] array (
)
[ info ] [ DB ] INIT mysql
[ info ] [ VIEW ] D:\wamp64\www\study\application\admin\view\menu\index.html [ array (
  0 => 'fm_lists',
  1 => 'sm_lists',
) ]
[ sql ] [ DB ] CONNECT:[ UseTime:0.011090s ] mysql:host=127.0.0.1;port=3306;dbname=study;charset=utf8
[ sql ] [ SQL ] SHOW COLUMNS FROM `study_first_module` [ RunTime:0.001140s ]
[ sql ] [ SQL ] SELECT * FROM `study_first_module` WHERE  `fm_state` = 1 [ RunTime:0.000669s ]
[ sql ] [ SQL ] SHOW COLUMNS FROM `study_second_module` [ RunTime:0.000822s ]
[ sql ] [ SQL ] SELECT * FROM `study_second_module` WHERE  `sm_state` = 1 [ RunTime:0.000558s ]
---------------------------------------------------------------
[ 2018-12-18T11:21:29+08:00 ] ::1 GET localhost/study/public/index.php/admin/menu/index
[运行时间：0.092982s] [吞吐率：10.75req/s] [内存消耗：4,441.59kb] [文件加载：80]
[ info ] [ LANG ] D:\wamp64\www\study\thinkphp\lang\zh-cn.php
[ info ] [ ROUTE ] array (
)
[ info ] [ HEADER ] array (
  'host' => 'localhost',
  'connection' => 'keep-alive',
  'cache-control' => 'max-age=0',
  'upgrade-insecure-requests' => '1',
  'user-agent' => 'Mozilla/5.0 (Windows NT 10.0; Win64; x64) AppleWebKit/537.36 (KHTML, like Gecko) Chrome/71.0.3578.80 Safari/537.36',
  'accept' => 'text/html,application/xhtml+xml,application/xml;q=0.9,image/webp,image/apng,*/*;q=0.8',
  'accept-encoding' => 'gzip, deflate, br',
  'accept-language' => 'zh-CN,zh;q=0.9',
  'cookie' => 'ace.settings=%7B%22main-container-fixed%22%3A1%7D; thinkphp_show_page_trace=0|0; pgv_pvi=3853760512; PHPSESSID=e8b7k73spj2u1cc2rullpf7o41',
)
[ info ] [ PARAM ] array (
)
[ info ] [ DB ] INIT mysql
[ info ] [ VIEW ] D:\wamp64\www\study\application\admin\view\menu\index.html [ array (
  0 => 'fm_lists',
  1 => 'sm_lists',
) ]
[ sql ] [ DB ] CONNECT:[ UseTime:0.010302s ] mysql:host=127.0.0.1;port=3306;dbname=study;charset=utf8
[ sql ] [ SQL ] SHOW COLUMNS FROM `study_first_module` [ RunTime:0.001177s ]
[ sql ] [ SQL ] SELECT * FROM `study_first_module` WHERE  `fm_state` = 1 [ RunTime:0.000624s ]
[ sql ] [ SQL ] SHOW COLUMNS FROM `study_second_module` [ RunTime:0.000997s ]
[ sql ] [ SQL ] SELECT * FROM `study_second_module` WHERE  `sm_state` = 1 [ RunTime:0.000588s ]
---------------------------------------------------------------
[ 2018-12-18T11:22:12+08:00 ] ::1 GET localhost/study/public/index.php/admin/menu/index
[运行时间：0.085900s] [吞吐率：11.64req/s] [内存消耗：4,441.59kb] [文件加载：80]
[ info ] [ LANG ] D:\wamp64\www\study\thinkphp\lang\zh-cn.php
[ info ] [ ROUTE ] array (
)
[ info ] [ HEADER ] array (
  'host' => 'localhost',
  'connection' => 'keep-alive',
  'cache-control' => 'max-age=0',
  'upgrade-insecure-requests' => '1',
  'user-agent' => 'Mozilla/5.0 (Windows NT 10.0; Win64; x64) AppleWebKit/537.36 (KHTML, like Gecko) Chrome/71.0.3578.80 Safari/537.36',
  'accept' => 'text/html,application/xhtml+xml,application/xml;q=0.9,image/webp,image/apng,*/*;q=0.8',
  'accept-encoding' => 'gzip, deflate, br',
  'accept-language' => 'zh-CN,zh;q=0.9',
  'cookie' => 'ace.settings=%7B%22main-container-fixed%22%3A1%7D; thinkphp_show_page_trace=0|0; pgv_pvi=3853760512; PHPSESSID=e8b7k73spj2u1cc2rullpf7o41',
)
[ info ] [ PARAM ] array (
)
[ info ] [ DB ] INIT mysql
[ info ] [ VIEW ] D:\wamp64\www\study\application\admin\view\menu\index.html [ array (
  0 => 'fm_lists',
  1 => 'sm_lists',
) ]
[ sql ] [ DB ] CONNECT:[ UseTime:0.010631s ] mysql:host=127.0.0.1;port=3306;dbname=study;charset=utf8
[ sql ] [ SQL ] SHOW COLUMNS FROM `study_first_module` [ RunTime:0.001045s ]
[ sql ] [ SQL ] SELECT * FROM `study_first_module` WHERE  `fm_state` = 1 [ RunTime:0.000631s ]
[ sql ] [ SQL ] SHOW COLUMNS FROM `study_second_module` [ RunTime:0.000845s ]
[ sql ] [ SQL ] SELECT * FROM `study_second_module` WHERE  `sm_state` = 1 [ RunTime:0.000642s ]
---------------------------------------------------------------
[ 2018-12-18T11:22:38+08:00 ] ::1 GET localhost/study/public/index.php/admin/menu/index
[运行时间：0.081198s] [吞吐率：12.32req/s] [内存消耗：4,441.59kb] [文件加载：80]
[ info ] [ LANG ] D:\wamp64\www\study\thinkphp\lang\zh-cn.php
[ info ] [ ROUTE ] array (
)
[ info ] [ HEADER ] array (
  'host' => 'localhost',
  'connection' => 'keep-alive',
  'cache-control' => 'max-age=0',
  'upgrade-insecure-requests' => '1',
  'user-agent' => 'Mozilla/5.0 (Windows NT 10.0; Win64; x64) AppleWebKit/537.36 (KHTML, like Gecko) Chrome/71.0.3578.80 Safari/537.36',
  'accept' => 'text/html,application/xhtml+xml,application/xml;q=0.9,image/webp,image/apng,*/*;q=0.8',
  'accept-encoding' => 'gzip, deflate, br',
  'accept-language' => 'zh-CN,zh;q=0.9',
  'cookie' => 'ace.settings=%7B%22main-container-fixed%22%3A1%7D; thinkphp_show_page_trace=0|0; pgv_pvi=3853760512; PHPSESSID=e8b7k73spj2u1cc2rullpf7o41',
)
[ info ] [ PARAM ] array (
)
[ info ] [ DB ] INIT mysql
[ info ] [ VIEW ] D:\wamp64\www\study\application\admin\view\menu\index.html [ array (
  0 => 'fm_lists',
  1 => 'sm_lists',
) ]
[ sql ] [ DB ] CONNECT:[ UseTime:0.001560s ] mysql:host=127.0.0.1;port=3306;dbname=study;charset=utf8
[ sql ] [ SQL ] SHOW COLUMNS FROM `study_first_module` [ RunTime:0.000971s ]
[ sql ] [ SQL ] SELECT * FROM `study_first_module` WHERE  `fm_state` = 1 [ RunTime:0.000532s ]
[ sql ] [ SQL ] SHOW COLUMNS FROM `study_second_module` [ RunTime:0.000847s ]
[ sql ] [ SQL ] SELECT * FROM `study_second_module` WHERE  `sm_state` = 1 [ RunTime:0.000560s ]
---------------------------------------------------------------
[ 2018-12-18T11:22:55+08:00 ] ::1 GET localhost/study/public/index.php/admin/menu/index
[运行时间：0.094191s] [吞吐率：10.62req/s] [内存消耗：4,441.59kb] [文件加载：80]
[ info ] [ LANG ] D:\wamp64\www\study\thinkphp\lang\zh-cn.php
[ info ] [ ROUTE ] array (
)
[ info ] [ HEADER ] array (
  'host' => 'localhost',
  'connection' => 'keep-alive',
  'cache-control' => 'max-age=0',
  'upgrade-insecure-requests' => '1',
  'user-agent' => 'Mozilla/5.0 (Windows NT 10.0; Win64; x64) AppleWebKit/537.36 (KHTML, like Gecko) Chrome/71.0.3578.80 Safari/537.36',
  'accept' => 'text/html,application/xhtml+xml,application/xml;q=0.9,image/webp,image/apng,*/*;q=0.8',
  'accept-encoding' => 'gzip, deflate, br',
  'accept-language' => 'zh-CN,zh;q=0.9',
  'cookie' => 'ace.settings=%7B%22main-container-fixed%22%3A1%7D; thinkphp_show_page_trace=0|0; pgv_pvi=3853760512; PHPSESSID=e8b7k73spj2u1cc2rullpf7o41',
)
[ info ] [ PARAM ] array (
)
[ info ] [ DB ] INIT mysql
[ info ] [ VIEW ] D:\wamp64\www\study\application\admin\view\menu\index.html [ array (
  0 => 'fm_lists',
  1 => 'sm_lists',
) ]
[ sql ] [ DB ] CONNECT:[ UseTime:0.011357s ] mysql:host=127.0.0.1;port=3306;dbname=study;charset=utf8
[ sql ] [ SQL ] SHOW COLUMNS FROM `study_first_module` [ RunTime:0.001086s ]
[ sql ] [ SQL ] SELECT * FROM `study_first_module` WHERE  `fm_state` = 1 [ RunTime:0.000643s ]
[ sql ] [ SQL ] SHOW COLUMNS FROM `study_second_module` [ RunTime:0.000919s ]
[ sql ] [ SQL ] SELECT * FROM `study_second_module` WHERE  `sm_state` = 1 [ RunTime:0.000545s ]
---------------------------------------------------------------
[ 2018-12-18T11:23:34+08:00 ] ::1 GET localhost/study/public/index.php/admin/menu/index
[运行时间：0.093489s] [吞吐率：10.70req/s] [内存消耗：4,441.59kb] [文件加载：80]
[ info ] [ LANG ] D:\wamp64\www\study\thinkphp\lang\zh-cn.php
[ info ] [ ROUTE ] array (
)
[ info ] [ HEADER ] array (
  'host' => 'localhost',
  'connection' => 'keep-alive',
  'cache-control' => 'max-age=0',
  'upgrade-insecure-requests' => '1',
  'user-agent' => 'Mozilla/5.0 (Windows NT 10.0; Win64; x64) AppleWebKit/537.36 (KHTML, like Gecko) Chrome/71.0.3578.80 Safari/537.36',
  'accept' => 'text/html,application/xhtml+xml,application/xml;q=0.9,image/webp,image/apng,*/*;q=0.8',
  'accept-encoding' => 'gzip, deflate, br',
  'accept-language' => 'zh-CN,zh;q=0.9',
  'cookie' => 'ace.settings=%7B%22main-container-fixed%22%3A1%7D; thinkphp_show_page_trace=0|0; pgv_pvi=3853760512; PHPSESSID=e8b7k73spj2u1cc2rullpf7o41',
)
[ info ] [ PARAM ] array (
)
[ info ] [ DB ] INIT mysql
[ info ] [ VIEW ] D:\wamp64\www\study\application\admin\view\menu\index.html [ array (
  0 => 'fm_lists',
  1 => 'sm_lists',
) ]
[ sql ] [ DB ] CONNECT:[ UseTime:0.011220s ] mysql:host=127.0.0.1;port=3306;dbname=study;charset=utf8
[ sql ] [ SQL ] SHOW COLUMNS FROM `study_first_module` [ RunTime:0.000928s ]
[ sql ] [ SQL ] SELECT * FROM `study_first_module` WHERE  `fm_state` = 1 [ RunTime:0.000567s ]
[ sql ] [ SQL ] SHOW COLUMNS FROM `study_second_module` [ RunTime:0.000768s ]
[ sql ] [ SQL ] SELECT * FROM `study_second_module` WHERE  `sm_state` = 1 [ RunTime:0.000531s ]
---------------------------------------------------------------
[ 2018-12-18T18:06:34+08:00 ] ::1 GET localhost/study/public/index.php/admin/menu/index
[运行时间：0.254834s] [吞吐率：3.92req/s] [内存消耗：4,441.59kb] [文件加载：80]
[ info ] [ LANG ] D:\wamp64\www\study\thinkphp\lang\zh-cn.php
[ info ] [ ROUTE ] array (
)
[ info ] [ HEADER ] array (
  'host' => 'localhost',
  'connection' => 'keep-alive',
  'cache-control' => 'max-age=0',
  'upgrade-insecure-requests' => '1',
  'user-agent' => 'Mozilla/5.0 (Windows NT 10.0; Win64; x64) AppleWebKit/537.36 (KHTML, like Gecko) Chrome/71.0.3578.80 Safari/537.36',
  'accept' => 'text/html,application/xhtml+xml,application/xml;q=0.9,image/webp,image/apng,*/*;q=0.8',
  'accept-encoding' => 'gzip, deflate, br',
  'accept-language' => 'zh-CN,zh;q=0.9',
  'cookie' => 'ace.settings=%7B%22main-container-fixed%22%3A1%7D; thinkphp_show_page_trace=0|0; pgv_pvi=3853760512; PHPSESSID=e8b7k73spj2u1cc2rullpf7o41',
)
[ info ] [ PARAM ] array (
)
[ info ] [ DB ] INIT mysql
[ info ] [ VIEW ] D:\wamp64\www\study\application\admin\view\menu\index.html [ array (
  0 => 'fm_lists',
  1 => 'sm_lists',
) ]
[ sql ] [ DB ] CONNECT:[ UseTime:0.032281s ] mysql:host=127.0.0.1;port=3306;dbname=study;charset=utf8
[ sql ] [ SQL ] SHOW COLUMNS FROM `study_first_module` [ RunTime:0.039482s ]
[ sql ] [ SQL ] SELECT * FROM `study_first_module` WHERE  `fm_state` = 1 [ RunTime:0.007612s ]
[ sql ] [ SQL ] SHOW COLUMNS FROM `study_second_module` [ RunTime:0.001191s ]
[ sql ] [ SQL ] SELECT * FROM `study_second_module` WHERE  `sm_state` = 1 [ RunTime:0.000729s ]
---------------------------------------------------------------
[ 2018-12-18T18:07:29+08:00 ] ::1 GET localhost/study/public/index.php/admin/menu/index
[运行时间：0.109126s] [吞吐率：9.16req/s] [内存消耗：4,441.59kb] [文件加载：80]
[ info ] [ LANG ] D:\wamp64\www\study\thinkphp\lang\zh-cn.php
[ info ] [ ROUTE ] array (
)
[ info ] [ HEADER ] array (
  'host' => 'localhost',
  'connection' => 'keep-alive',
  'cache-control' => 'max-age=0',
  'upgrade-insecure-requests' => '1',
  'user-agent' => 'Mozilla/5.0 (Windows NT 10.0; Win64; x64) AppleWebKit/537.36 (KHTML, like Gecko) Chrome/71.0.3578.80 Safari/537.36',
  'accept' => 'text/html,application/xhtml+xml,application/xml;q=0.9,image/webp,image/apng,*/*;q=0.8',
  'accept-encoding' => 'gzip, deflate, br',
  'accept-language' => 'zh-CN,zh;q=0.9',
  'cookie' => 'ace.settings=%7B%22main-container-fixed%22%3A1%7D; thinkphp_show_page_trace=0|0; pgv_pvi=3853760512; PHPSESSID=e8b7k73spj2u1cc2rullpf7o41',
)
[ info ] [ PARAM ] array (
)
[ info ] [ DB ] INIT mysql
[ info ] [ VIEW ] D:\wamp64\www\study\application\admin\view\menu\index.html [ array (
  0 => 'fm_lists',
  1 => 'sm_lists',
) ]
[ sql ] [ DB ] CONNECT:[ UseTime:0.011210s ] mysql:host=127.0.0.1;port=3306;dbname=study;charset=utf8
[ sql ] [ SQL ] SHOW COLUMNS FROM `study_first_module` [ RunTime:0.001081s ]
[ sql ] [ SQL ] SELECT * FROM `study_first_module` WHERE  `fm_state` = 1 [ RunTime:0.000695s ]
[ sql ] [ SQL ] SHOW COLUMNS FROM `study_second_module` [ RunTime:0.000933s ]
[ sql ] [ SQL ] SELECT * FROM `study_second_module` WHERE  `sm_state` = 1 [ RunTime:0.000580s ]
