---------------------------------------------------------------
[ 2018-12-31T16:05:02+08:00 ] ::1 GET localhost/study/public/index.php/admin/menu/index
[运行时间：0.196867s] [吞吐率：5.08req/s] [内存消耗：4,589.41kb] [文件加载：81]
[ info ] [ LANG ] D:\wamp64\www\study\thinkphp\lang\zh-cn.php
[ info ] [ ROUTE ] array (
)
[ info ] [ HEADER ] array (
  'host' => 'localhost',
  'connection' => 'keep-alive',
  'upgrade-insecure-requests' => '1',
  'user-agent' => 'Mozilla/5.0 (Windows NT 10.0; Win64; x64) AppleWebKit/537.36 (KHTML, like Gecko) Chrome/71.0.3578.80 Safari/537.36',
  'accept' => 'text/html,application/xhtml+xml,application/xml;q=0.9,image/webp,image/apng,*/*;q=0.8',
  'accept-encoding' => 'gzip, deflate, br',
  'accept-language' => 'zh-CN,zh;q=0.9',
  'cookie' => 'ace.settings=%7B%22main-container-fixed%22%3A1%2C%22sidebar-collapsed%22%3A-1%7D',
)
[ info ] [ PARAM ] array (
)
[ info ] [ DB ] INIT mysql
[ info ] [ VIEW ] D:\wamp64\www\study\application\admin\view\menu\index.html [ array (
  0 => 'fm_lists',
  1 => 'sm_lists',
  2 => 'tm_lists',
) ]
[ sql ] [ DB ] CONNECT:[ UseTime:0.006363s ] mysql:host=127.0.0.1;port=3306;dbname=study;charset=utf8
[ sql ] [ SQL ] SHOW COLUMNS FROM `study_first_module` [ RunTime:0.009646s ]
[ sql ] [ SQL ] SELECT * FROM `study_first_module` WHERE  `is_delete` = 0 [ RunTime:0.000952s ]
[ sql ] [ SQL ] SHOW COLUMNS FROM `study_second_module` [ RunTime:0.003495s ]
[ sql ] [ SQL ] SELECT * FROM `study_second_module` WHERE  `is_delete` = 0 [ RunTime:0.000624s ]
[ sql ] [ SQL ] SHOW COLUMNS FROM `study_three_module` [ RunTime:0.005752s ]
[ sql ] [ SQL ] SELECT * FROM `study_three_module` WHERE  `is_delete` = 0 [ RunTime:0.000701s ]
