---------------------------------------------------------------
[ 2019-02-16T18:27:09+08:00 ] ::1 POST localhost/study/public/index.php/admin/clean/cleancache.html
[运行时间：0.047768s] [吞吐率：20.93req/s] [内存消耗：2,241.95kb] [文件加载：58]
[ info ] [ LANG ] D:\wamp64\www\study\thinkphp\lang\zh-cn.php
[ info ] [ ROUTE ] array (
)
[ info ] [ HEADER ] array (
  'host' => 'localhost',
  'connection' => 'keep-alive',
  'content-length' => '0',
  'accept' => '*/*',
  'origin' => 'http://localhost',
  'x-requested-with' => 'XMLHttpRequest',
  'user-agent' => 'Mozilla/5.0 (Windows NT 10.0; Win64; x64) AppleWebKit/537.36 (KHTML, like Gecko) Chrome/71.0.3578.80 Safari/537.36',
  'referer' => 'http://localhost/study/public/index.php/admin/pubsix/update.html?navid=sm54&level=2&misparent=0&tbname=study_software_act&id=3',
  'accept-encoding' => 'gzip, deflate, br',
  'accept-language' => 'zh-CN,zh;q=0.9',
  'cookie' => 'PHPSESSID=gq8tedg3m4rjmklamqnugudgg6; auth=ad7f1e6a7e0f6bc94df9b4a373435a85%3A8c3500c2806203f90279dacb2ff71ffd',
)
[ info ] [ PARAM ] array (
)
