---------------------------------------------------------------
[ 2019-02-17T18:29:43+08:00 ] ::1 POST localhost/study/public/index.php/admin/clean/cleancache.html
[运行时间：0.042973s] [吞吐率：23.27req/s] [内存消耗：2,241.95kb] [文件加载：58]
[ info ] [ LANG ] D:\wamp64\www\study\thinkphp\lang\zh-cn.php
[ info ] [ ROUTE ] array (
)
[ info ] [ HEADER ] array (
  'host' => 'localhost',
  'connection' => 'keep-alive',
  'content-length' => '0',
  'accept' => '*/*',
  'origin' => 'http://localhost',
  'x-requested-with' => 'XMLHttpRequest',
  'user-agent' => 'Mozilla/5.0 (Windows NT 10.0; Win64; x64) AppleWebKit/537.36 (KHTML, like Gecko) Chrome/71.0.3578.80 Safari/537.36',
  'referer' => 'http://localhost/study/public/index.php/admin/pubone/index.html?navid=tm3&level=3&misparent=0&tbname=php_functions',
  'accept-encoding' => 'gzip, deflate, br',
  'accept-language' => 'zh-CN,zh;q=0.9',
  'cookie' => 'PHPSESSID=q7gtjtqqar4v3nofh215h8oe15; auth=ad7f1e6a7e0f6bc94df9b4a373435a85%3A2ecd0473b6270f2fc6212a755d72cb74',
)
[ info ] [ PARAM ] array (
)
---------------------------------------------------------------
[ 2019-02-17T18:41:28+08:00 ] ::1 GET localhost/study/public/index.php/admin/Pubthree/index.html?navid=tm6&level=3&misparent=0&tbname=study_php_questions
[运行时间：0.156717s] [吞吐率：6.38req/s] [内存消耗：5,187.15kb] [文件加载：84]
[ info ] [ LANG ] D:\wamp64\www\study\thinkphp\lang\zh-cn.php
[ info ] [ ROUTE ] array (
)
[ info ] [ HEADER ] array (
  'host' => 'localhost',
  'connection' => 'keep-alive',
  'upgrade-insecure-requests' => '1',
  'user-agent' => 'Mozilla/5.0 (Windows NT 10.0; Win64; x64) AppleWebKit/537.36 (KHTML, like Gecko) Chrome/71.0.3578.80 Safari/537.36',
  'accept' => 'text/html,application/xhtml+xml,application/xml;q=0.9,image/webp,image/apng,*/*;q=0.8',
  'referer' => 'http://localhost/study/public/index.php/admin/pubone/index.html?navid=tm3&level=3&misparent=0&tbname=php_functions',
  'accept-encoding' => 'gzip, deflate, br',
  'accept-language' => 'zh-CN,zh;q=0.9',
  'cookie' => 'ace.settings=%7B%22main-container-fixed%22%3A1%7D; PHPSESSID=q7gtjtqqar4v3nofh215h8oe15; auth=ad7f1e6a7e0f6bc94df9b4a373435a85%3A2ecd0473b6270f2fc6212a755d72cb74',
)
[ info ] [ PARAM ] array (
  'navid' => 'tm6',
  'level' => '3',
  'misparent' => '0',
  'tbname' => 'study_php_questions',
)
[ info ] [ DB ] INIT mysql
[ info ] [ VIEW ] D:\wamp64\www\study\application\admin\view\pubthree\index.html [ array (
  0 => 'fm_lists',
  1 => 'sm_lists',
  2 => 'tm_lists',
  3 => 'navid',
  4 => 'level',
  5 => 'misparent',
  6 => 'lists',
  7 => 'tbname',
  8 => 'table',
  9 => 'modules',
) ]
[ sql ] [ DB ] CONNECT:[ UseTime:0.002534s ] mysql:host=127.0.0.1;port=3306;dbname=study;charset=utf8
[ sql ] [ SQL ] SHOW COLUMNS FROM `study_first_module` [ RunTime:0.001319s ]
[ sql ] [ SQL ] SELECT * FROM `study_first_module` WHERE  ( is_delete = 0 and fm_state = 1 ) ORDER BY `fm_sort` [ RunTime:0.000717s ]
[ sql ] [ SQL ] SHOW COLUMNS FROM `study_second_module` [ RunTime:0.000880s ]
[ sql ] [ SQL ] SELECT * FROM `study_second_module` WHERE  ( is_delete = 0 and sm_state = 1 ) [ RunTime:0.000807s ]
[ sql ] [ SQL ] SHOW COLUMNS FROM `study_three_module` [ RunTime:0.000917s ]
[ sql ] [ SQL ] SELECT * FROM `study_three_module` WHERE  ( is_delete = 0 and tm_state = 1 ) [ RunTime:0.000795s ]
[ sql ] [ SQL ] SHOW COLUMNS FROM `study_php_questions` [ RunTime:0.001050s ]
[ sql ] [ SQL ] SELECT `id`,`sort`,`name`,`checked`,`addtime`,`sign`,`is_ok` FROM `study_php_questions` WHERE  `is_delete` = 0 ORDER BY `sort` ASC,`addtime` DESC [ RunTime:0.000644s ]
[ sql ] [ SQL ] SELECT `fm_name` FROM `study_first_module` WHERE  `tbname` = 'study_php_questions' LIMIT 1 [ RunTime:0.000518s ]
[ sql ] [ SQL ] SELECT `fm_id`,`sm_name` FROM `study_second_module` WHERE  `tbname` = 'study_php_questions' LIMIT 1 [ RunTime:0.000520s ]
[ sql ] [ SQL ] SELECT `sm_id`,`tm_name` FROM `study_three_module` WHERE  `tbname` = 'study_php_questions' LIMIT 1 [ RunTime:0.000498s ]
[ sql ] [ SQL ] SELECT `fm_id`,`sm_name` FROM `study_second_module` WHERE  `sm_id` = 3 LIMIT 1 [ RunTime:0.000477s ]
[ sql ] [ SQL ] SELECT `fm_name` FROM `study_first_module` WHERE  `fm_id` = 6 LIMIT 1 [ RunTime:0.000523s ]
---------------------------------------------------------------
[ 2019-02-17T18:41:31+08:00 ] ::1 GET localhost/study/public/index.php/admin/pubthree/add.html?navid=tm6&level=3&misparent=0&tbname=study_php_questions
[运行时间：0.152352s] [吞吐率：6.56req/s] [内存消耗：5,084.05kb] [文件加载：84]
[ info ] [ LANG ] D:\wamp64\www\study\thinkphp\lang\zh-cn.php
[ info ] [ ROUTE ] array (
)
[ info ] [ HEADER ] array (
  'host' => 'localhost',
  'connection' => 'keep-alive',
  'upgrade-insecure-requests' => '1',
  'user-agent' => 'Mozilla/5.0 (Windows NT 10.0; Win64; x64) AppleWebKit/537.36 (KHTML, like Gecko) Chrome/71.0.3578.80 Safari/537.36',
  'accept' => 'text/html,application/xhtml+xml,application/xml;q=0.9,image/webp,image/apng,*/*;q=0.8',
  'referer' => 'http://localhost/study/public/index.php/admin/Pubthree/index.html?navid=tm6&level=3&misparent=0&tbname=study_php_questions',
  'accept-encoding' => 'gzip, deflate, br',
  'accept-language' => 'zh-CN,zh;q=0.9',
  'cookie' => 'ace.settings=%7B%22main-container-fixed%22%3A1%2C%22sidebar-collapsed%22%3A-1%7D; PHPSESSID=q7gtjtqqar4v3nofh215h8oe15; auth=ad7f1e6a7e0f6bc94df9b4a373435a85%3A2ecd0473b6270f2fc6212a755d72cb74',
)
[ info ] [ PARAM ] array (
  'navid' => 'tm6',
  'level' => '3',
  'misparent' => '0',
  'tbname' => 'study_php_questions',
)
[ info ] [ DB ] INIT mysql
[ info ] [ VIEW ] D:\wamp64\www\study\application\admin\view\pubthree\add.html [ array (
  0 => 'fm_lists',
  1 => 'sm_lists',
  2 => 'tm_lists',
  3 => 'navid',
  4 => 'level',
  5 => 'misparent',
  6 => 'list',
  7 => 'tbname',
  8 => 'modules',
) ]
[ sql ] [ DB ] CONNECT:[ UseTime:0.010412s ] mysql:host=127.0.0.1;port=3306;dbname=study;charset=utf8
[ sql ] [ SQL ] SHOW COLUMNS FROM `study_first_module` [ RunTime:0.001100s ]
[ sql ] [ SQL ] SELECT * FROM `study_first_module` WHERE  ( is_delete = 0 and fm_state = 1 ) ORDER BY `fm_sort` [ RunTime:0.000694s ]
[ sql ] [ SQL ] SHOW COLUMNS FROM `study_second_module` [ RunTime:0.000966s ]
[ sql ] [ SQL ] SELECT * FROM `study_second_module` WHERE  ( is_delete = 0 and sm_state = 1 ) [ RunTime:0.000799s ]
[ sql ] [ SQL ] SHOW COLUMNS FROM `study_three_module` [ RunTime:0.000886s ]
[ sql ] [ SQL ] SELECT * FROM `study_three_module` WHERE  ( is_delete = 0 and tm_state = 1 ) [ RunTime:0.000639s ]
[ sql ] [ SQL ] SELECT `fm_name` FROM `study_first_module` WHERE  `tbname` = 'study_php_questions' LIMIT 1 [ RunTime:0.000535s ]
[ sql ] [ SQL ] SELECT `fm_id`,`sm_name` FROM `study_second_module` WHERE  `tbname` = 'study_php_questions' LIMIT 1 [ RunTime:0.000557s ]
[ sql ] [ SQL ] SELECT `sm_id`,`tm_name` FROM `study_three_module` WHERE  `tbname` = 'study_php_questions' LIMIT 1 [ RunTime:0.000551s ]
[ sql ] [ SQL ] SELECT `fm_id`,`sm_name` FROM `study_second_module` WHERE  `sm_id` = 3 LIMIT 1 [ RunTime:0.000542s ]
[ sql ] [ SQL ] SELECT `fm_name` FROM `study_first_module` WHERE  `fm_id` = 6 LIMIT 1 [ RunTime:0.000494s ]
---------------------------------------------------------------
[ 2019-02-17T18:41:51+08:00 ] ::1 POST localhost/study/public/index.php/admin/check/checkadd.html
[运行时间：0.072501s] [吞吐率：13.79req/s] [内存消耗：3,678.48kb] [文件加载：65]
[ info ] [ LANG ] D:\wamp64\www\study\thinkphp\lang\zh-cn.php
[ info ] [ ROUTE ] array (
)
[ info ] [ HEADER ] array (
  'host' => 'localhost',
  'connection' => 'keep-alive',
  'content-length' => '130',
  'accept' => '*/*',
  'origin' => 'http://localhost',
  'x-requested-with' => 'XMLHttpRequest',
  'user-agent' => 'Mozilla/5.0 (Windows NT 10.0; Win64; x64) AppleWebKit/537.36 (KHTML, like Gecko) Chrome/71.0.3578.80 Safari/537.36',
  'content-type' => 'application/x-www-form-urlencoded; charset=UTF-8',
  'referer' => 'http://localhost/study/public/index.php/admin/pubthree/add.html?navid=tm6&level=3&misparent=0&tbname=study_php_questions',
  'accept-encoding' => 'gzip, deflate, br',
  'accept-language' => 'zh-CN,zh;q=0.9',
  'cookie' => 'PHPSESSID=q7gtjtqqar4v3nofh215h8oe15; auth=ad7f1e6a7e0f6bc94df9b4a373435a85%3A2ecd0473b6270f2fc6212a755d72cb74',
)
[ info ] [ PARAM ] array (
  'content' => '单引号与上引号的区别',
  'field' => 'name',
  'tbname' => 'php_questions',
)
[ info ] [ DB ] INIT mysql
[ sql ] [ DB ] CONNECT:[ UseTime:0.011098s ] mysql:host=127.0.0.1;port=3306;dbname=study;charset=utf8
[ sql ] [ SQL ] SHOW COLUMNS FROM `study_php_questions` [ RunTime:0.001152s ]
[ sql ] [ SQL ] SELECT * FROM `study_php_questions` WHERE  `name` = '单引号与上引号的区别' LIMIT 1 [ RunTime:0.000625s ]
---------------------------------------------------------------
[ 2019-02-17T18:51:33+08:00 ] ::1 POST localhost/study/public/index.php/admin/pubthree/add.html
[运行时间：0.070220s] [吞吐率：14.24req/s] [内存消耗：4,559.05kb] [文件加载：78]
[ info ] [ LANG ] D:\wamp64\www\study\thinkphp\lang\zh-cn.php
[ info ] [ ROUTE ] array (
)
[ info ] [ HEADER ] array (
  'host' => 'localhost',
  'connection' => 'keep-alive',
  'content-length' => '1603',
  'accept' => '*/*',
  'origin' => 'http://localhost',
  'x-requested-with' => 'XMLHttpRequest',
  'user-agent' => 'Mozilla/5.0 (Windows NT 10.0; Win64; x64) AppleWebKit/537.36 (KHTML, like Gecko) Chrome/71.0.3578.80 Safari/537.36',
  'content-type' => 'application/x-www-form-urlencoded; charset=UTF-8',
  'referer' => 'http://localhost/study/public/index.php/admin/pubthree/add.html?navid=tm6&level=3&misparent=0&tbname=study_php_questions',
  'accept-encoding' => 'gzip, deflate, br',
  'accept-language' => 'zh-CN,zh;q=0.9',
  'cookie' => 'ace.settings=%7B%22main-container-fixed%22%3A1%2C%22sidebar-collapsed%22%3A-1%7D; PHPSESSID=q7gtjtqqar4v3nofh215h8oe15; auth=ad7f1e6a7e0f6bc94df9b4a373435a85%3A2ecd0473b6270f2fc6212a755d72cb74',
)
[ info ] [ PARAM ] array (
  'tbname' => 'php_questions',
  'name' => '单引号与上引号的区别',
  'content' => '&lt;p&gt;在PHP中，&lt;span style=&quot;font-weight: bold;&quot;&gt;单引号是绝对的引用符&lt;/span&gt;。&lt;/p&gt;&lt;p&gt;对于变量，双引号中的内容可以被解释而且替换，而单引号中的内容总被认为是普通字符。&lt;/p&gt;&lt;p&gt;&lt;span style=&quot;font-weight: bold;&quot;&gt;重要区别：单引号处理速度快，双引号的处理由于串内部为需要解析，处理速度慢。&lt;/span&gt;&lt;/p&gt;&lt;p&gt;单引号：绝对引用符，不解析变量，处理速度慢。&lt;/p&gt;&lt;p&gt;双引号：使用需进行解析，处理速度慢，但可以解析变量。&lt;/p&gt;',
  'addtime' => '1550400091',
)
[ info ] [ DB ] INIT mysql
[ sql ] [ DB ] CONNECT:[ UseTime:0.001607s ] mysql:host=127.0.0.1;port=3306;dbname=study;charset=utf8
[ sql ] [ SQL ] SHOW COLUMNS FROM `study_first_module` [ RunTime:0.001236s ]
[ sql ] [ SQL ] SELECT * FROM `study_first_module` WHERE  ( is_delete = 0 and fm_state = 1 ) ORDER BY `fm_sort` [ RunTime:0.000751s ]
[ sql ] [ SQL ] SHOW COLUMNS FROM `study_second_module` [ RunTime:0.000951s ]
[ sql ] [ SQL ] SELECT * FROM `study_second_module` WHERE  ( is_delete = 0 and sm_state = 1 ) [ RunTime:0.000836s ]
[ sql ] [ SQL ] SHOW COLUMNS FROM `study_three_module` [ RunTime:0.000927s ]
[ sql ] [ SQL ] SELECT * FROM `study_three_module` WHERE  ( is_delete = 0 and tm_state = 1 ) [ RunTime:0.000727s ]
[ sql ] [ SQL ] SHOW COLUMNS FROM `study_php_questions` [ RunTime:0.000771s ]
[ sql ] [ SQL ] INSERT INTO `study_php_questions` (`name` , `content` , `addtime`) VALUES ('单引号与上引号的区别' , '&lt;p&gt;在PHP中，&lt;span style=&quot;font-weight: bold;&quot;&gt;单引号是绝对的引用符&lt;/span&gt;。&lt;/p&gt;&lt;p&gt;对于变量，双引号中的内容可以被解释而且替换，而单引号中的内容总被认为是普通字符。&lt;/p&gt;&lt;p&gt;&lt;span style=&quot;font-weight: bold;&quot;&gt;重要区别：单引号处理速度快，双引号的处理由于串内部为需要解析，处理速度慢。&lt;/span&gt;&lt;/p&gt;&lt;p&gt;单引号：绝对引用符，不解析变量，处理速度慢。&lt;/p&gt;&lt;p&gt;双引号：使用需进行解析，处理速度慢，但可以解析变量。&lt;/p&gt;' , 1550400091) [ RunTime:0.000642s ]
---------------------------------------------------------------
[ 2019-02-17T18:51:34+08:00 ] ::1 GET localhost/study/public/index.php/admin/pubthree/index.html?navid=tm6&level=3&misparent=0&tbname=php_questions
[运行时间：0.153575s] [吞吐率：6.51req/s] [内存消耗：4,846.23kb] [文件加载：82]
[ info ] [ LANG ] D:\wamp64\www\study\thinkphp\lang\zh-cn.php
[ info ] [ ROUTE ] array (
)
[ info ] [ HEADER ] array (
  'host' => 'localhost',
  'connection' => 'keep-alive',
  'upgrade-insecure-requests' => '1',
  'user-agent' => 'Mozilla/5.0 (Windows NT 10.0; Win64; x64) AppleWebKit/537.36 (KHTML, like Gecko) Chrome/71.0.3578.80 Safari/537.36',
  'accept' => 'text/html,application/xhtml+xml,application/xml;q=0.9,image/webp,image/apng,*/*;q=0.8',
  'referer' => 'http://localhost/study/public/index.php/admin/pubthree/add.html?navid=tm6&level=3&misparent=0&tbname=study_php_questions',
  'accept-encoding' => 'gzip, deflate, br',
  'accept-language' => 'zh-CN,zh;q=0.9',
  'cookie' => 'ace.settings=%7B%22main-container-fixed%22%3A1%2C%22sidebar-collapsed%22%3A-1%7D; PHPSESSID=q7gtjtqqar4v3nofh215h8oe15; auth=ad7f1e6a7e0f6bc94df9b4a373435a85%3A2ecd0473b6270f2fc6212a755d72cb74',
)
[ info ] [ PARAM ] array (
  'navid' => 'tm6',
  'level' => '3',
  'misparent' => '0',
  'tbname' => 'php_questions',
)
[ info ] [ DB ] INIT mysql
[ info ] [ VIEW ] D:\wamp64\www\study\application\admin\view\pubthree\index.html [ array (
  0 => 'fm_lists',
  1 => 'sm_lists',
  2 => 'tm_lists',
  3 => 'navid',
  4 => 'level',
  5 => 'misparent',
  6 => 'lists',
  7 => 'tbname',
  8 => 'table',
  9 => 'modules',
) ]
[ sql ] [ DB ] CONNECT:[ UseTime:0.010982s ] mysql:host=127.0.0.1;port=3306;dbname=study;charset=utf8
[ sql ] [ SQL ] SHOW COLUMNS FROM `study_first_module` [ RunTime:0.001003s ]
[ sql ] [ SQL ] SELECT * FROM `study_first_module` WHERE  ( is_delete = 0 and fm_state = 1 ) ORDER BY `fm_sort` [ RunTime:0.000690s ]
[ sql ] [ SQL ] SHOW COLUMNS FROM `study_second_module` [ RunTime:0.000930s ]
[ sql ] [ SQL ] SELECT * FROM `study_second_module` WHERE  ( is_delete = 0 and sm_state = 1 ) [ RunTime:0.000830s ]
[ sql ] [ SQL ] SHOW COLUMNS FROM `study_three_module` [ RunTime:0.000983s ]
[ sql ] [ SQL ] SELECT * FROM `study_three_module` WHERE  ( is_delete = 0 and tm_state = 1 ) [ RunTime:0.000705s ]
[ sql ] [ SQL ] SHOW COLUMNS FROM `study_php_questions` [ RunTime:0.000828s ]
[ sql ] [ SQL ] SELECT `id`,`sort`,`name`,`checked`,`addtime`,`sign`,`is_ok` FROM `study_php_questions` WHERE  `is_delete` = 0 ORDER BY `sort` ASC,`addtime` DESC [ RunTime:0.000608s ]
[ sql ] [ SQL ] SELECT `fm_name` FROM `study_first_module` WHERE  `tbname` = 'study_php_questions' LIMIT 1 [ RunTime:0.000477s ]
[ sql ] [ SQL ] SELECT `fm_id`,`sm_name` FROM `study_second_module` WHERE  `tbname` = 'study_php_questions' LIMIT 1 [ RunTime:0.000520s ]
[ sql ] [ SQL ] SELECT `sm_id`,`tm_name` FROM `study_three_module` WHERE  `tbname` = 'study_php_questions' LIMIT 1 [ RunTime:0.000460s ]
[ sql ] [ SQL ] SELECT `fm_id`,`sm_name` FROM `study_second_module` WHERE  `sm_id` = 3 LIMIT 1 [ RunTime:0.000558s ]
[ sql ] [ SQL ] SELECT `fm_name` FROM `study_first_module` WHERE  `fm_id` = 6 LIMIT 1 [ RunTime:0.000542s ]
---------------------------------------------------------------
[ 2019-02-17T18:51:58+08:00 ] ::1 POST localhost/study/public/index.php/admin/check/updateobjstate.html
[运行时间：0.056679s] [吞吐率：17.64req/s] [内存消耗：3,639.06kb] [文件加载：65]
[ info ] [ LANG ] D:\wamp64\www\study\thinkphp\lang\zh-cn.php
[ info ] [ ROUTE ] array (
)
[ info ] [ HEADER ] array (
  'host' => 'localhost',
  'connection' => 'keep-alive',
  'content-length' => '100',
  'accept' => '*/*',
  'origin' => 'http://localhost',
  'x-requested-with' => 'XMLHttpRequest',
  'user-agent' => 'Mozilla/5.0 (Windows NT 10.0; Win64; x64) AppleWebKit/537.36 (KHTML, like Gecko) Chrome/71.0.3578.80 Safari/537.36',
  'content-type' => 'application/x-www-form-urlencoded; charset=UTF-8',
  'referer' => 'http://localhost/study/public/index.php/admin/pubthree/index.html?navid=tm6&level=3&misparent=0&tbname=php_questions',
  'accept-encoding' => 'gzip, deflate, br',
  'accept-language' => 'zh-CN,zh;q=0.9',
  'cookie' => 'PHPSESSID=q7gtjtqqar4v3nofh215h8oe15; auth=ad7f1e6a7e0f6bc94df9b4a373435a85%3A2ecd0473b6270f2fc6212a755d72cb74',
)
[ info ] [ PARAM ] array (
  'id' => '16',
  'idfield' => 'id',
  'stateval' => '0',
  'statefield' => 'checked',
  'tbname' => 'php_questions',
  'ismain' => '0',
  'appendfield' => '',
  'appendval' => '',
)
[ info ] [ DB ] INIT mysql
[ sql ] [ DB ] CONNECT:[ UseTime:0.008627s ] mysql:host=127.0.0.1;port=3306;dbname=study;charset=utf8
[ sql ] [ SQL ] SHOW COLUMNS FROM `study_php_questions` [ RunTime:0.001080s ]
[ sql ] [ SQL ] UPDATE `study_php_questions`  SET `checked` = 1  WHERE  `id` = 16 [ RunTime:0.000622s ]
---------------------------------------------------------------
[ 2019-02-17T18:51:59+08:00 ] ::1 POST localhost/study/public/index.php/admin/check/updateobjstate.html
[运行时间：0.051782s] [吞吐率：19.31req/s] [内存消耗：3,639.00kb] [文件加载：65]
[ info ] [ LANG ] D:\wamp64\www\study\thinkphp\lang\zh-cn.php
[ info ] [ ROUTE ] array (
)
[ info ] [ HEADER ] array (
  'host' => 'localhost',
  'connection' => 'keep-alive',
  'content-length' => '97',
  'accept' => '*/*',
  'origin' => 'http://localhost',
  'x-requested-with' => 'XMLHttpRequest',
  'user-agent' => 'Mozilla/5.0 (Windows NT 10.0; Win64; x64) AppleWebKit/537.36 (KHTML, like Gecko) Chrome/71.0.3578.80 Safari/537.36',
  'content-type' => 'application/x-www-form-urlencoded; charset=UTF-8',
  'referer' => 'http://localhost/study/public/index.php/admin/pubthree/index.html?navid=tm6&level=3&misparent=0&tbname=php_questions',
  'accept-encoding' => 'gzip, deflate, br',
  'accept-language' => 'zh-CN,zh;q=0.9',
  'cookie' => 'PHPSESSID=q7gtjtqqar4v3nofh215h8oe15; auth=ad7f1e6a7e0f6bc94df9b4a373435a85%3A2ecd0473b6270f2fc6212a755d72cb74',
)
[ info ] [ PARAM ] array (
  'id' => '16',
  'idfield' => 'id',
  'stateval' => '0',
  'statefield' => 'sign',
  'tbname' => 'php_questions',
  'ismain' => '0',
  'appendfield' => '',
  'appendval' => '',
)
[ info ] [ DB ] INIT mysql
[ sql ] [ DB ] CONNECT:[ UseTime:0.006723s ] mysql:host=127.0.0.1;port=3306;dbname=study;charset=utf8
[ sql ] [ SQL ] SHOW COLUMNS FROM `study_php_questions` [ RunTime:0.001059s ]
[ sql ] [ SQL ] UPDATE `study_php_questions`  SET `sign` = 1  WHERE  `id` = 16 [ RunTime:0.000564s ]
---------------------------------------------------------------
[ 2019-02-17T18:52:01+08:00 ] ::1 POST localhost/study/public/index.php/admin/check/updateobjstate.html
[运行时间：0.069809s] [吞吐率：14.32req/s] [内存消耗：3,639.88kb] [文件加载：65]
[ info ] [ LANG ] D:\wamp64\www\study\thinkphp\lang\zh-cn.php
[ info ] [ ROUTE ] array (
)
[ info ] [ HEADER ] array (
  'host' => 'localhost',
  'connection' => 'keep-alive',
  'content-length' => '115',
  'accept' => '*/*',
  'origin' => 'http://localhost',
  'x-requested-with' => 'XMLHttpRequest',
  'user-agent' => 'Mozilla/5.0 (Windows NT 10.0; Win64; x64) AppleWebKit/537.36 (KHTML, like Gecko) Chrome/71.0.3578.80 Safari/537.36',
  'content-type' => 'application/x-www-form-urlencoded; charset=UTF-8',
  'referer' => 'http://localhost/study/public/index.php/admin/pubthree/index.html?navid=tm6&level=3&misparent=0&tbname=php_questions',
  'accept-encoding' => 'gzip, deflate, br',
  'accept-language' => 'zh-CN,zh;q=0.9',
  'cookie' => 'PHPSESSID=q7gtjtqqar4v3nofh215h8oe15; auth=ad7f1e6a7e0f6bc94df9b4a373435a85%3A2ecd0473b6270f2fc6212a755d72cb74',
)
[ info ] [ PARAM ] array (
  'id' => '16',
  'idfield' => 'id',
  'stateval' => '0',
  'statefield' => 'is_ok',
  'tbname' => 'php_questions',
  'ismain' => '1',
  'appendfield' => 'addtime',
  'appendval' => '1550400091',
)
[ info ] [ DB ] INIT mysql
[ sql ] [ DB ] CONNECT:[ UseTime:0.008488s ] mysql:host=127.0.0.1;port=3306;dbname=study;charset=utf8
[ sql ] [ SQL ] SHOW COLUMNS FROM `study_php_questions` [ RunTime:0.001037s ]
[ sql ] [ SQL ] UPDATE `study_php_questions`  SET `is_ok` = 1 , `addtime` = 1550400721  WHERE  `id` = 16 [ RunTime:0.000605s ]
---------------------------------------------------------------
[ 2019-02-17T18:52:04+08:00 ] ::1 GET localhost/study/public/index.php/admin/pubthree/index.html?navid=tm6&level=3&misparent=0&tbname=php_questions
[运行时间：0.157772s] [吞吐率：6.34req/s] [内存消耗：4,846.31kb] [文件加载：82]
[ info ] [ LANG ] D:\wamp64\www\study\thinkphp\lang\zh-cn.php
[ info ] [ ROUTE ] array (
)
[ info ] [ HEADER ] array (
  'host' => 'localhost',
  'connection' => 'keep-alive',
  'cache-control' => 'max-age=0',
  'upgrade-insecure-requests' => '1',
  'user-agent' => 'Mozilla/5.0 (Windows NT 10.0; Win64; x64) AppleWebKit/537.36 (KHTML, like Gecko) Chrome/71.0.3578.80 Safari/537.36',
  'accept' => 'text/html,application/xhtml+xml,application/xml;q=0.9,image/webp,image/apng,*/*;q=0.8',
  'referer' => 'http://localhost/study/public/index.php/admin/pubthree/add.html?navid=tm6&level=3&misparent=0&tbname=study_php_questions',
  'accept-encoding' => 'gzip, deflate, br',
  'accept-language' => 'zh-CN,zh;q=0.9',
  'cookie' => 'ace.settings=%7B%22main-container-fixed%22%3A1%2C%22sidebar-collapsed%22%3A-1%7D; PHPSESSID=q7gtjtqqar4v3nofh215h8oe15; auth=ad7f1e6a7e0f6bc94df9b4a373435a85%3A2ecd0473b6270f2fc6212a755d72cb74',
)
[ info ] [ PARAM ] array (
  'navid' => 'tm6',
  'level' => '3',
  'misparent' => '0',
  'tbname' => 'php_questions',
)
[ info ] [ DB ] INIT mysql
[ info ] [ VIEW ] D:\wamp64\www\study\application\admin\view\pubthree\index.html [ array (
  0 => 'fm_lists',
  1 => 'sm_lists',
  2 => 'tm_lists',
  3 => 'navid',
  4 => 'level',
  5 => 'misparent',
  6 => 'lists',
  7 => 'tbname',
  8 => 'table',
  9 => 'modules',
) ]
[ sql ] [ DB ] CONNECT:[ UseTime:0.011021s ] mysql:host=127.0.0.1;port=3306;dbname=study;charset=utf8
[ sql ] [ SQL ] SHOW COLUMNS FROM `study_first_module` [ RunTime:0.001485s ]
[ sql ] [ SQL ] SELECT * FROM `study_first_module` WHERE  ( is_delete = 0 and fm_state = 1 ) ORDER BY `fm_sort` [ RunTime:0.000764s ]
[ sql ] [ SQL ] SHOW COLUMNS FROM `study_second_module` [ RunTime:0.000960s ]
[ sql ] [ SQL ] SELECT * FROM `study_second_module` WHERE  ( is_delete = 0 and sm_state = 1 ) [ RunTime:0.000750s ]
[ sql ] [ SQL ] SHOW COLUMNS FROM `study_three_module` [ RunTime:0.000867s ]
[ sql ] [ SQL ] SELECT * FROM `study_three_module` WHERE  ( is_delete = 0 and tm_state = 1 ) [ RunTime:0.000668s ]
[ sql ] [ SQL ] SHOW COLUMNS FROM `study_php_questions` [ RunTime:0.000884s ]
[ sql ] [ SQL ] SELECT `id`,`sort`,`name`,`checked`,`addtime`,`sign`,`is_ok` FROM `study_php_questions` WHERE  `is_delete` = 0 ORDER BY `sort` ASC,`addtime` DESC [ RunTime:0.000748s ]
[ sql ] [ SQL ] SELECT `fm_name` FROM `study_first_module` WHERE  `tbname` = 'study_php_questions' LIMIT 1 [ RunTime:0.000729s ]
[ sql ] [ SQL ] SELECT `fm_id`,`sm_name` FROM `study_second_module` WHERE  `tbname` = 'study_php_questions' LIMIT 1 [ RunTime:0.000638s ]
[ sql ] [ SQL ] SELECT `sm_id`,`tm_name` FROM `study_three_module` WHERE  `tbname` = 'study_php_questions' LIMIT 1 [ RunTime:0.000541s ]
[ sql ] [ SQL ] SELECT `fm_id`,`sm_name` FROM `study_second_module` WHERE  `sm_id` = 3 LIMIT 1 [ RunTime:0.000524s ]
[ sql ] [ SQL ] SELECT `fm_name` FROM `study_first_module` WHERE  `fm_id` = 6 LIMIT 1 [ RunTime:0.000466s ]
---------------------------------------------------------------
[ 2019-02-17T18:54:01+08:00 ] ::1 GET localhost/study/public/index.php/admin/Pubone/index.html?navid=tm3&level=3&misparent=0&tbname=study_php_functions
[运行时间：0.231124s] [吞吐率：4.33req/s] [内存消耗：5,447.63kb] [文件加载：84]
[ info ] [ LANG ] D:\wamp64\www\study\thinkphp\lang\zh-cn.php
[ info ] [ ROUTE ] array (
)
[ info ] [ HEADER ] array (
  'host' => 'localhost',
  'connection' => 'keep-alive',
  'upgrade-insecure-requests' => '1',
  'user-agent' => 'Mozilla/5.0 (Windows NT 10.0; Win64; x64) AppleWebKit/537.36 (KHTML, like Gecko) Chrome/71.0.3578.80 Safari/537.36',
  'accept' => 'text/html,application/xhtml+xml,application/xml;q=0.9,image/webp,image/apng,*/*;q=0.8',
  'referer' => 'http://localhost/study/public/index.php/admin/pubthree/index.html?navid=tm6&level=3&misparent=0&tbname=php_questions',
  'accept-encoding' => 'gzip, deflate, br',
  'accept-language' => 'zh-CN,zh;q=0.9',
  'cookie' => 'ace.settings=%7B%22main-container-fixed%22%3A1%2C%22sidebar-collapsed%22%3A-1%7D; PHPSESSID=q7gtjtqqar4v3nofh215h8oe15; auth=ad7f1e6a7e0f6bc94df9b4a373435a85%3A2ecd0473b6270f2fc6212a755d72cb74',
)
[ info ] [ PARAM ] array (
  'navid' => 'tm3',
  'level' => '3',
  'misparent' => '0',
  'tbname' => 'study_php_functions',
)
[ info ] [ DB ] INIT mysql
[ info ] [ VIEW ] D:\wamp64\www\study\application\admin\view\pubone\index.html [ array (
  0 => 'fm_lists',
  1 => 'sm_lists',
  2 => 'tm_lists',
  3 => 'navid',
  4 => 'level',
  5 => 'misparent',
  6 => 'lists',
  7 => 'tbname',
  8 => 'table',
  9 => 'modules',
) ]
[ sql ] [ DB ] CONNECT:[ UseTime:0.010813s ] mysql:host=127.0.0.1;port=3306;dbname=study;charset=utf8
[ sql ] [ SQL ] SHOW COLUMNS FROM `study_first_module` [ RunTime:0.003284s ]
[ sql ] [ SQL ] SELECT * FROM `study_first_module` WHERE  ( is_delete = 0 and fm_state = 1 ) ORDER BY `fm_sort` [ RunTime:0.000740s ]
[ sql ] [ SQL ] SHOW COLUMNS FROM `study_second_module` [ RunTime:0.000929s ]
[ sql ] [ SQL ] SELECT * FROM `study_second_module` WHERE  ( is_delete = 0 and sm_state = 1 ) [ RunTime:0.000807s ]
[ sql ] [ SQL ] SHOW COLUMNS FROM `study_three_module` [ RunTime:0.000993s ]
[ sql ] [ SQL ] SELECT * FROM `study_three_module` WHERE  ( is_delete = 0 and tm_state = 1 ) [ RunTime:0.000677s ]
[ sql ] [ SQL ] SHOW COLUMNS FROM `study_php_functions` [ RunTime:0.001212s ]
[ sql ] [ SQL ] SELECT `id`,`sort`,`name`,`zn_name`,`checked`,`addtime`,`sign`,`is_ok` FROM `study_php_functions` WHERE  `is_delete` = 0 ORDER BY `sort` ASC,`addtime` DESC [ RunTime:0.000784s ]
[ sql ] [ SQL ] SELECT `fm_name` FROM `study_first_module` WHERE  `tbname` = 'study_php_functions' LIMIT 1 [ RunTime:0.000630s ]
[ sql ] [ SQL ] SELECT `fm_id`,`sm_name` FROM `study_second_module` WHERE  `tbname` = 'study_php_functions' LIMIT 1 [ RunTime:0.000493s ]
[ sql ] [ SQL ] SELECT `sm_id`,`tm_name` FROM `study_three_module` WHERE  `tbname` = 'study_php_functions' LIMIT 1 [ RunTime:0.000602s ]
[ sql ] [ SQL ] SELECT `fm_id`,`sm_name` FROM `study_second_module` WHERE  `sm_id` = 3 LIMIT 1 [ RunTime:0.000504s ]
[ sql ] [ SQL ] SELECT `fm_name` FROM `study_first_module` WHERE  `fm_id` = 6 LIMIT 1 [ RunTime:0.000490s ]
---------------------------------------------------------------
[ 2019-02-17T18:54:04+08:00 ] ::1 GET localhost/study/public/index.php/admin/pubone/update.html?navid=tm3&level=3&misparent=0&tbname=study_php_functions&id=51
[运行时间：0.166243s] [吞吐率：6.02req/s] [内存消耗：5,092.80kb] [文件加载：84]
[ info ] [ LANG ] D:\wamp64\www\study\thinkphp\lang\zh-cn.php
[ info ] [ ROUTE ] array (
)
[ info ] [ HEADER ] array (
  'host' => 'localhost',
  'connection' => 'keep-alive',
  'upgrade-insecure-requests' => '1',
  'user-agent' => 'Mozilla/5.0 (Windows NT 10.0; Win64; x64) AppleWebKit/537.36 (KHTML, like Gecko) Chrome/71.0.3578.80 Safari/537.36',
  'accept' => 'text/html,application/xhtml+xml,application/xml;q=0.9,image/webp,image/apng,*/*;q=0.8',
  'referer' => 'http://localhost/study/public/index.php/admin/Pubone/index.html?navid=tm3&level=3&misparent=0&tbname=study_php_functions',
  'accept-encoding' => 'gzip, deflate, br',
  'accept-language' => 'zh-CN,zh;q=0.9',
  'cookie' => 'ace.settings=%7B%22main-container-fixed%22%3A1%2C%22sidebar-collapsed%22%3A1%7D; PHPSESSID=q7gtjtqqar4v3nofh215h8oe15; auth=ad7f1e6a7e0f6bc94df9b4a373435a85%3A2ecd0473b6270f2fc6212a755d72cb74',
)
[ info ] [ PARAM ] array (
  'navid' => 'tm3',
  'level' => '3',
  'misparent' => '0',
  'tbname' => 'study_php_functions',
  'id' => '51',
)
[ info ] [ DB ] INIT mysql
[ info ] [ VIEW ] D:\wamp64\www\study\application\admin\view\pubone\update.html [ array (
  0 => 'fm_lists',
  1 => 'sm_lists',
  2 => 'tm_lists',
  3 => 'navid',
  4 => 'level',
  5 => 'misparent',
  6 => 'list',
  7 => 'tbname',
  8 => 'modules',
) ]
[ sql ] [ DB ] CONNECT:[ UseTime:0.010871s ] mysql:host=127.0.0.1;port=3306;dbname=study;charset=utf8
[ sql ] [ SQL ] SHOW COLUMNS FROM `study_first_module` [ RunTime:0.001014s ]
[ sql ] [ SQL ] SELECT * FROM `study_first_module` WHERE  ( is_delete = 0 and fm_state = 1 ) ORDER BY `fm_sort` [ RunTime:0.000654s ]
[ sql ] [ SQL ] SHOW COLUMNS FROM `study_second_module` [ RunTime:0.000962s ]
[ sql ] [ SQL ] SELECT * FROM `study_second_module` WHERE  ( is_delete = 0 and sm_state = 1 ) [ RunTime:0.000765s ]
[ sql ] [ SQL ] SHOW COLUMNS FROM `study_three_module` [ RunTime:0.000936s ]
[ sql ] [ SQL ] SELECT * FROM `study_three_module` WHERE  ( is_delete = 0 and tm_state = 1 ) [ RunTime:0.000709s ]
[ sql ] [ SQL ] SELECT `fm_name` FROM `study_first_module` WHERE  `tbname` = 'study_php_functions' LIMIT 1 [ RunTime:0.000644s ]
[ sql ] [ SQL ] SELECT `fm_id`,`sm_name` FROM `study_second_module` WHERE  `tbname` = 'study_php_functions' LIMIT 1 [ RunTime:0.000629s ]
[ sql ] [ SQL ] SELECT `sm_id`,`tm_name` FROM `study_three_module` WHERE  `tbname` = 'study_php_functions' LIMIT 1 [ RunTime:0.000672s ]
[ sql ] [ SQL ] SELECT `fm_id`,`sm_name` FROM `study_second_module` WHERE  `sm_id` = 3 LIMIT 1 [ RunTime:0.000423s ]
[ sql ] [ SQL ] SELECT `fm_name` FROM `study_first_module` WHERE  `fm_id` = 6 LIMIT 1 [ RunTime:0.000395s ]
[ sql ] [ SQL ] SHOW COLUMNS FROM `study_php_functions` [ RunTime:0.001346s ]
[ sql ] [ SQL ] SELECT `id`,`name`,`zn_name`,`content` FROM `study_php_functions` WHERE  `id` = 51 LIMIT 1 [ RunTime:0.000551s ]
---------------------------------------------------------------
[ 2019-02-17T18:55:37+08:00 ] ::1 GET localhost/study/public/index.php/admin/Pubthree/index.html?navid=tm6&level=3&misparent=0&tbname=study_php_questions
[运行时间：0.175987s] [吞吐率：5.68req/s] [内存消耗：4,846.20kb] [文件加载：82]
[ info ] [ LANG ] D:\wamp64\www\study\thinkphp\lang\zh-cn.php
[ info ] [ ROUTE ] array (
)
[ info ] [ HEADER ] array (
  'host' => 'localhost',
  'connection' => 'keep-alive',
  'upgrade-insecure-requests' => '1',
  'user-agent' => 'Mozilla/5.0 (Windows NT 10.0; Win64; x64) AppleWebKit/537.36 (KHTML, like Gecko) Chrome/71.0.3578.80 Safari/537.36',
  'accept' => 'text/html,application/xhtml+xml,application/xml;q=0.9,image/webp,image/apng,*/*;q=0.8',
  'referer' => 'http://localhost/study/public/index.php/admin/pubone/update.html?navid=tm3&level=3&misparent=0&tbname=study_php_functions&id=51',
  'accept-encoding' => 'gzip, deflate, br',
  'accept-language' => 'zh-CN,zh;q=0.9',
  'cookie' => 'ace.settings=%7B%22main-container-fixed%22%3A1%7D; PHPSESSID=q7gtjtqqar4v3nofh215h8oe15; auth=ad7f1e6a7e0f6bc94df9b4a373435a85%3A2ecd0473b6270f2fc6212a755d72cb74',
)
[ info ] [ PARAM ] array (
  'navid' => 'tm6',
  'level' => '3',
  'misparent' => '0',
  'tbname' => 'study_php_questions',
)
[ info ] [ DB ] INIT mysql
[ info ] [ VIEW ] D:\wamp64\www\study\application\admin\view\pubthree\index.html [ array (
  0 => 'fm_lists',
  1 => 'sm_lists',
  2 => 'tm_lists',
  3 => 'navid',
  4 => 'level',
  5 => 'misparent',
  6 => 'lists',
  7 => 'tbname',
  8 => 'table',
  9 => 'modules',
) ]
[ sql ] [ DB ] CONNECT:[ UseTime:0.010164s ] mysql:host=127.0.0.1;port=3306;dbname=study;charset=utf8
[ sql ] [ SQL ] SHOW COLUMNS FROM `study_first_module` [ RunTime:0.001114s ]
[ sql ] [ SQL ] SELECT * FROM `study_first_module` WHERE  ( is_delete = 0 and fm_state = 1 ) ORDER BY `fm_sort` [ RunTime:0.000665s ]
[ sql ] [ SQL ] SHOW COLUMNS FROM `study_second_module` [ RunTime:0.001787s ]
[ sql ] [ SQL ] SELECT * FROM `study_second_module` WHERE  ( is_delete = 0 and sm_state = 1 ) [ RunTime:0.015375s ]
[ sql ] [ SQL ] SHOW COLUMNS FROM `study_three_module` [ RunTime:0.001001s ]
[ sql ] [ SQL ] SELECT * FROM `study_three_module` WHERE  ( is_delete = 0 and tm_state = 1 ) [ RunTime:0.000727s ]
[ sql ] [ SQL ] SHOW COLUMNS FROM `study_php_questions` [ RunTime:0.007581s ]
[ sql ] [ SQL ] SELECT `id`,`sort`,`name`,`checked`,`addtime`,`sign`,`is_ok` FROM `study_php_questions` WHERE  `is_delete` = 0 ORDER BY `sort` ASC,`addtime` DESC [ RunTime:0.000881s ]
[ sql ] [ SQL ] SELECT `fm_name` FROM `study_first_module` WHERE  `tbname` = 'study_php_questions' LIMIT 1 [ RunTime:0.000622s ]
[ sql ] [ SQL ] SELECT `fm_id`,`sm_name` FROM `study_second_module` WHERE  `tbname` = 'study_php_questions' LIMIT 1 [ RunTime:0.000544s ]
[ sql ] [ SQL ] SELECT `sm_id`,`tm_name` FROM `study_three_module` WHERE  `tbname` = 'study_php_questions' LIMIT 1 [ RunTime:0.000519s ]
[ sql ] [ SQL ] SELECT `fm_id`,`sm_name` FROM `study_second_module` WHERE  `sm_id` = 3 LIMIT 1 [ RunTime:0.000528s ]
[ sql ] [ SQL ] SELECT `fm_name` FROM `study_first_module` WHERE  `fm_id` = 6 LIMIT 1 [ RunTime:0.000498s ]
---------------------------------------------------------------
[ 2019-02-17T18:55:39+08:00 ] ::1 GET localhost/study/public/index.php/admin/pubthree/add.html?navid=tm6&level=3&misparent=0&tbname=study_php_questions
[运行时间：0.145066s] [吞吐率：6.89req/s] [内存消耗：4,790.28kb] [文件加载：82]
[ info ] [ LANG ] D:\wamp64\www\study\thinkphp\lang\zh-cn.php
[ info ] [ ROUTE ] array (
)
[ info ] [ HEADER ] array (
  'host' => 'localhost',
  'connection' => 'keep-alive',
  'upgrade-insecure-requests' => '1',
  'user-agent' => 'Mozilla/5.0 (Windows NT 10.0; Win64; x64) AppleWebKit/537.36 (KHTML, like Gecko) Chrome/71.0.3578.80 Safari/537.36',
  'accept' => 'text/html,application/xhtml+xml,application/xml;q=0.9,image/webp,image/apng,*/*;q=0.8',
  'referer' => 'http://localhost/study/public/index.php/admin/Pubthree/index.html?navid=tm6&level=3&misparent=0&tbname=study_php_questions',
  'accept-encoding' => 'gzip, deflate, br',
  'accept-language' => 'zh-CN,zh;q=0.9',
  'cookie' => 'ace.settings=%7B%22main-container-fixed%22%3A1%2C%22sidebar-collapsed%22%3A-1%7D; PHPSESSID=q7gtjtqqar4v3nofh215h8oe15; auth=ad7f1e6a7e0f6bc94df9b4a373435a85%3A2ecd0473b6270f2fc6212a755d72cb74',
)
[ info ] [ PARAM ] array (
  'navid' => 'tm6',
  'level' => '3',
  'misparent' => '0',
  'tbname' => 'study_php_questions',
)
[ info ] [ DB ] INIT mysql
[ info ] [ VIEW ] D:\wamp64\www\study\application\admin\view\pubthree\add.html [ array (
  0 => 'fm_lists',
  1 => 'sm_lists',
  2 => 'tm_lists',
  3 => 'navid',
  4 => 'level',
  5 => 'misparent',
  6 => 'list',
  7 => 'tbname',
  8 => 'modules',
) ]
[ sql ] [ DB ] CONNECT:[ UseTime:0.011600s ] mysql:host=127.0.0.1;port=3306;dbname=study;charset=utf8
[ sql ] [ SQL ] SHOW COLUMNS FROM `study_first_module` [ RunTime:0.001011s ]
[ sql ] [ SQL ] SELECT * FROM `study_first_module` WHERE  ( is_delete = 0 and fm_state = 1 ) ORDER BY `fm_sort` [ RunTime:0.000669s ]
[ sql ] [ SQL ] SHOW COLUMNS FROM `study_second_module` [ RunTime:0.000853s ]
[ sql ] [ SQL ] SELECT * FROM `study_second_module` WHERE  ( is_delete = 0 and sm_state = 1 ) [ RunTime:0.000764s ]
[ sql ] [ SQL ] SHOW COLUMNS FROM `study_three_module` [ RunTime:0.000912s ]
[ sql ] [ SQL ] SELECT * FROM `study_three_module` WHERE  ( is_delete = 0 and tm_state = 1 ) [ RunTime:0.000695s ]
[ sql ] [ SQL ] SELECT `fm_name` FROM `study_first_module` WHERE  `tbname` = 'study_php_questions' LIMIT 1 [ RunTime:0.000817s ]
[ sql ] [ SQL ] SELECT `fm_id`,`sm_name` FROM `study_second_module` WHERE  `tbname` = 'study_php_questions' LIMIT 1 [ RunTime:0.000556s ]
[ sql ] [ SQL ] SELECT `sm_id`,`tm_name` FROM `study_three_module` WHERE  `tbname` = 'study_php_questions' LIMIT 1 [ RunTime:0.000512s ]
[ sql ] [ SQL ] SELECT `fm_id`,`sm_name` FROM `study_second_module` WHERE  `sm_id` = 3 LIMIT 1 [ RunTime:0.000521s ]
[ sql ] [ SQL ] SELECT `fm_name` FROM `study_first_module` WHERE  `fm_id` = 6 LIMIT 1 [ RunTime:0.000510s ]
---------------------------------------------------------------
[ 2019-02-17T18:56:03+08:00 ] ::1 POST localhost/study/public/index.php/admin/check/checkadd.html
[运行时间：0.059394s] [吞吐率：16.84req/s] [内存消耗：3,678.41kb] [文件加载：65]
[ info ] [ LANG ] D:\wamp64\www\study\thinkphp\lang\zh-cn.php
[ info ] [ ROUTE ] array (
)
[ info ] [ HEADER ] array (
  'host' => 'localhost',
  'connection' => 'keep-alive',
  'content-length' => '87',
  'accept' => '*/*',
  'origin' => 'http://localhost',
  'x-requested-with' => 'XMLHttpRequest',
  'user-agent' => 'Mozilla/5.0 (Windows NT 10.0; Win64; x64) AppleWebKit/537.36 (KHTML, like Gecko) Chrome/71.0.3578.80 Safari/537.36',
  'content-type' => 'application/x-www-form-urlencoded; charset=UTF-8',
  'referer' => 'http://localhost/study/public/index.php/admin/pubthree/add.html?navid=tm6&level=3&misparent=0&tbname=study_php_questions',
  'accept-encoding' => 'gzip, deflate, br',
  'accept-language' => 'zh-CN,zh;q=0.9',
  'cookie' => 'PHPSESSID=q7gtjtqqar4v3nofh215h8oe15; auth=ad7f1e6a7e0f6bc94df9b4a373435a85%3A2ecd0473b6270f2fc6212a755d72cb74',
)
[ info ] [ PARAM ] array (
  'content' => 'mt_rand与rand的区别',
  'field' => 'name',
  'tbname' => 'php_questions',
)
[ info ] [ DB ] INIT mysql
[ sql ] [ DB ] CONNECT:[ UseTime:0.011716s ] mysql:host=127.0.0.1;port=3306;dbname=study;charset=utf8
[ sql ] [ SQL ] SHOW COLUMNS FROM `study_php_questions` [ RunTime:0.001476s ]
[ sql ] [ SQL ] SELECT * FROM `study_php_questions` WHERE  `name` = 'mt_rand与rand的区别' LIMIT 1 [ RunTime:0.000636s ]
---------------------------------------------------------------
[ 2019-02-17T18:59:55+08:00 ] ::1 POST localhost/study/public/index.php/admin/check/checkadd.html
[运行时间：0.064960s] [吞吐率：15.39req/s] [内存消耗：3,678.65kb] [文件加载：65]
[ info ] [ LANG ] D:\wamp64\www\study\thinkphp\lang\zh-cn.php
[ info ] [ ROUTE ] array (
)
[ info ] [ HEADER ] array (
  'host' => 'localhost',
  'connection' => 'keep-alive',
  'content-length' => '135',
  'accept' => '*/*',
  'origin' => 'http://localhost',
  'x-requested-with' => 'XMLHttpRequest',
  'user-agent' => 'Mozilla/5.0 (Windows NT 10.0; Win64; x64) AppleWebKit/537.36 (KHTML, like Gecko) Chrome/71.0.3578.80 Safari/537.36',
  'content-type' => 'application/x-www-form-urlencoded; charset=UTF-8',
  'referer' => 'http://localhost/study/public/index.php/admin/pubthree/add.html?navid=tm6&level=3&misparent=0&tbname=study_php_questions',
  'accept-encoding' => 'gzip, deflate, br',
  'accept-language' => 'zh-CN,zh;q=0.9',
  'cookie' => 'PHPSESSID=q7gtjtqqar4v3nofh215h8oe15; auth=ad7f1e6a7e0f6bc94df9b4a373435a85%3A2ecd0473b6270f2fc6212a755d72cb74',
)
[ info ] [ PARAM ] array (
  'content' => 'mt_rand与rand的区别：mt_rand比rand快4倍',
  'field' => 'name',
  'tbname' => 'php_questions',
)
[ info ] [ DB ] INIT mysql
[ sql ] [ DB ] CONNECT:[ UseTime:0.010383s ] mysql:host=127.0.0.1;port=3306;dbname=study;charset=utf8
[ sql ] [ SQL ] SHOW COLUMNS FROM `study_php_questions` [ RunTime:0.002509s ]
[ sql ] [ SQL ] SELECT * FROM `study_php_questions` WHERE  `name` = 'mt_rand与rand的区别：mt_rand比rand快4倍' LIMIT 1 [ RunTime:0.006718s ]
---------------------------------------------------------------
[ 2019-02-17T18:59:58+08:00 ] ::1 POST localhost/study/public/index.php/admin/pubthree/add.html
[运行时间：0.074895s] [吞吐率：13.35req/s] [内存消耗：4,554.72kb] [文件加载：78]
[ info ] [ LANG ] D:\wamp64\www\study\thinkphp\lang\zh-cn.php
[ info ] [ ROUTE ] array (
)
[ info ] [ HEADER ] array (
  'host' => 'localhost',
  'connection' => 'keep-alive',
  'content-length' => '685',
  'accept' => '*/*',
  'origin' => 'http://localhost',
  'x-requested-with' => 'XMLHttpRequest',
  'user-agent' => 'Mozilla/5.0 (Windows NT 10.0; Win64; x64) AppleWebKit/537.36 (KHTML, like Gecko) Chrome/71.0.3578.80 Safari/537.36',
  'content-type' => 'application/x-www-form-urlencoded; charset=UTF-8',
  'referer' => 'http://localhost/study/public/index.php/admin/pubthree/add.html?navid=tm6&level=3&misparent=0&tbname=study_php_questions',
  'accept-encoding' => 'gzip, deflate, br',
  'accept-language' => 'zh-CN,zh;q=0.9',
  'cookie' => 'ace.settings=%7B%22main-container-fixed%22%3A1%2C%22sidebar-collapsed%22%3A-1%7D; PHPSESSID=q7gtjtqqar4v3nofh215h8oe15; auth=ad7f1e6a7e0f6bc94df9b4a373435a85%3A2ecd0473b6270f2fc6212a755d72cb74',
)
[ info ] [ PARAM ] array (
  'tbname' => 'php_questions',
  'name' => 'mt_rand与rand的区别：mt_rand比rand快4倍',
  'content' => '&lt;p&gt;&lt;span style=&quot;font-weight: bold;&quot;&gt;mt_rand比rand快4倍&lt;/span&gt;，如果指定产生随机数，则用mt_rand(min , max)或rand(min , max)。&lt;/p&gt;&lt;p&gt;min代表最小数，max代表最大数。两个放在一起代表一个区间。&lt;/p&gt;',
  'addtime' => '1550400939',
)
[ info ] [ DB ] INIT mysql
[ sql ] [ DB ] CONNECT:[ UseTime:0.010308s ] mysql:host=127.0.0.1;port=3306;dbname=study;charset=utf8
[ sql ] [ SQL ] SHOW COLUMNS FROM `study_first_module` [ RunTime:0.001094s ]
[ sql ] [ SQL ] SELECT * FROM `study_first_module` WHERE  ( is_delete = 0 and fm_state = 1 ) ORDER BY `fm_sort` [ RunTime:0.000691s ]
[ sql ] [ SQL ] SHOW COLUMNS FROM `study_second_module` [ RunTime:0.000923s ]
[ sql ] [ SQL ] SELECT * FROM `study_second_module` WHERE  ( is_delete = 0 and sm_state = 1 ) [ RunTime:0.000785s ]
[ sql ] [ SQL ] SHOW COLUMNS FROM `study_three_module` [ RunTime:0.000906s ]
[ sql ] [ SQL ] SELECT * FROM `study_three_module` WHERE  ( is_delete = 0 and tm_state = 1 ) [ RunTime:0.000690s ]
[ sql ] [ SQL ] SHOW COLUMNS FROM `study_php_questions` [ RunTime:0.001268s ]
[ sql ] [ SQL ] INSERT INTO `study_php_questions` (`name` , `content` , `addtime`) VALUES ('mt_rand与rand的区别：mt_rand比rand快4倍' , '&lt;p&gt;&lt;span style=&quot;font-weight: bold;&quot;&gt;mt_rand比rand快4倍&lt;/span&gt;，如果指定产生随机数，则用mt_rand(min , max)或rand(min , max)。&lt;/p&gt;&lt;p&gt;min代表最小数，max代表最大数。两个放在一起代表一个区间。&lt;/p&gt;' , 1550400939) [ RunTime:0.000624s ]
---------------------------------------------------------------
[ 2019-02-17T18:59:59+08:00 ] ::1 GET localhost/study/public/index.php/admin/pubthree/index.html?navid=tm6&level=3&misparent=0&tbname=php_questions
[运行时间：0.151508s] [吞吐率：6.60req/s] [内存消耗：4,851.30kb] [文件加载：82]
[ info ] [ LANG ] D:\wamp64\www\study\thinkphp\lang\zh-cn.php
[ info ] [ ROUTE ] array (
)
[ info ] [ HEADER ] array (
  'host' => 'localhost',
  'connection' => 'keep-alive',
  'upgrade-insecure-requests' => '1',
  'user-agent' => 'Mozilla/5.0 (Windows NT 10.0; Win64; x64) AppleWebKit/537.36 (KHTML, like Gecko) Chrome/71.0.3578.80 Safari/537.36',
  'accept' => 'text/html,application/xhtml+xml,application/xml;q=0.9,image/webp,image/apng,*/*;q=0.8',
  'referer' => 'http://localhost/study/public/index.php/admin/pubthree/add.html?navid=tm6&level=3&misparent=0&tbname=study_php_questions',
  'accept-encoding' => 'gzip, deflate, br',
  'accept-language' => 'zh-CN,zh;q=0.9',
  'cookie' => 'ace.settings=%7B%22main-container-fixed%22%3A1%2C%22sidebar-collapsed%22%3A-1%7D; PHPSESSID=q7gtjtqqar4v3nofh215h8oe15; auth=ad7f1e6a7e0f6bc94df9b4a373435a85%3A2ecd0473b6270f2fc6212a755d72cb74',
)
[ info ] [ PARAM ] array (
  'navid' => 'tm6',
  'level' => '3',
  'misparent' => '0',
  'tbname' => 'php_questions',
)
[ info ] [ DB ] INIT mysql
[ info ] [ VIEW ] D:\wamp64\www\study\application\admin\view\pubthree\index.html [ array (
  0 => 'fm_lists',
  1 => 'sm_lists',
  2 => 'tm_lists',
  3 => 'navid',
  4 => 'level',
  5 => 'misparent',
  6 => 'lists',
  7 => 'tbname',
  8 => 'table',
  9 => 'modules',
) ]
[ sql ] [ DB ] CONNECT:[ UseTime:0.010953s ] mysql:host=127.0.0.1;port=3306;dbname=study;charset=utf8
[ sql ] [ SQL ] SHOW COLUMNS FROM `study_first_module` [ RunTime:0.001120s ]
[ sql ] [ SQL ] SELECT * FROM `study_first_module` WHERE  ( is_delete = 0 and fm_state = 1 ) ORDER BY `fm_sort` [ RunTime:0.000945s ]
[ sql ] [ SQL ] SHOW COLUMNS FROM `study_second_module` [ RunTime:0.000908s ]
[ sql ] [ SQL ] SELECT * FROM `study_second_module` WHERE  ( is_delete = 0 and sm_state = 1 ) [ RunTime:0.000767s ]
[ sql ] [ SQL ] SHOW COLUMNS FROM `study_three_module` [ RunTime:0.000809s ]
[ sql ] [ SQL ] SELECT * FROM `study_three_module` WHERE  ( is_delete = 0 and tm_state = 1 ) [ RunTime:0.000695s ]
[ sql ] [ SQL ] SHOW COLUMNS FROM `study_php_questions` [ RunTime:0.000847s ]
[ sql ] [ SQL ] SELECT `id`,`sort`,`name`,`checked`,`addtime`,`sign`,`is_ok` FROM `study_php_questions` WHERE  `is_delete` = 0 ORDER BY `sort` ASC,`addtime` DESC [ RunTime:0.000668s ]
[ sql ] [ SQL ] SELECT `fm_name` FROM `study_first_module` WHERE  `tbname` = 'study_php_questions' LIMIT 1 [ RunTime:0.000572s ]
[ sql ] [ SQL ] SELECT `fm_id`,`sm_name` FROM `study_second_module` WHERE  `tbname` = 'study_php_questions' LIMIT 1 [ RunTime:0.000520s ]
[ sql ] [ SQL ] SELECT `sm_id`,`tm_name` FROM `study_three_module` WHERE  `tbname` = 'study_php_questions' LIMIT 1 [ RunTime:0.000546s ]
[ sql ] [ SQL ] SELECT `fm_id`,`sm_name` FROM `study_second_module` WHERE  `sm_id` = 3 LIMIT 1 [ RunTime:0.000506s ]
[ sql ] [ SQL ] SELECT `fm_name` FROM `study_first_module` WHERE  `fm_id` = 6 LIMIT 1 [ RunTime:0.000483s ]
---------------------------------------------------------------
[ 2019-02-17T19:00:06+08:00 ] ::1 POST localhost/study/public/index.php/admin/check/updateobjstate.html
[运行时间：0.062818s] [吞吐率：15.92req/s] [内存消耗：3,639.06kb] [文件加载：65]
[ info ] [ LANG ] D:\wamp64\www\study\thinkphp\lang\zh-cn.php
[ info ] [ ROUTE ] array (
)
[ info ] [ HEADER ] array (
  'host' => 'localhost',
  'connection' => 'keep-alive',
  'content-length' => '100',
  'accept' => '*/*',
  'origin' => 'http://localhost',
  'x-requested-with' => 'XMLHttpRequest',
  'user-agent' => 'Mozilla/5.0 (Windows NT 10.0; Win64; x64) AppleWebKit/537.36 (KHTML, like Gecko) Chrome/71.0.3578.80 Safari/537.36',
  'content-type' => 'application/x-www-form-urlencoded; charset=UTF-8',
  'referer' => 'http://localhost/study/public/index.php/admin/pubthree/index.html?navid=tm6&level=3&misparent=0&tbname=php_questions',
  'accept-encoding' => 'gzip, deflate, br',
  'accept-language' => 'zh-CN,zh;q=0.9',
  'cookie' => 'PHPSESSID=q7gtjtqqar4v3nofh215h8oe15; auth=ad7f1e6a7e0f6bc94df9b4a373435a85%3A2ecd0473b6270f2fc6212a755d72cb74',
)
[ info ] [ PARAM ] array (
  'id' => '17',
  'idfield' => 'id',
  'stateval' => '0',
  'statefield' => 'checked',
  'tbname' => 'php_questions',
  'ismain' => '0',
  'appendfield' => '',
  'appendval' => '',
)
[ info ] [ DB ] INIT mysql
[ sql ] [ DB ] CONNECT:[ UseTime:0.015165s ] mysql:host=127.0.0.1;port=3306;dbname=study;charset=utf8
[ sql ] [ SQL ] SHOW COLUMNS FROM `study_php_questions` [ RunTime:0.001389s ]
[ sql ] [ SQL ] UPDATE `study_php_questions`  SET `checked` = 1  WHERE  `id` = 17 [ RunTime:0.000587s ]
---------------------------------------------------------------
[ 2019-02-17T19:00:08+08:00 ] ::1 POST localhost/study/public/index.php/admin/check/updateobjstate.html
[运行时间：0.052118s] [吞吐率：19.19req/s] [内存消耗：3,639.06kb] [文件加载：65]
[ info ] [ LANG ] D:\wamp64\www\study\thinkphp\lang\zh-cn.php
[ info ] [ ROUTE ] array (
)
[ info ] [ HEADER ] array (
  'host' => 'localhost',
  'connection' => 'keep-alive',
  'content-length' => '100',
  'accept' => '*/*',
  'origin' => 'http://localhost',
  'x-requested-with' => 'XMLHttpRequest',
  'user-agent' => 'Mozilla/5.0 (Windows NT 10.0; Win64; x64) AppleWebKit/537.36 (KHTML, like Gecko) Chrome/71.0.3578.80 Safari/537.36',
  'content-type' => 'application/x-www-form-urlencoded; charset=UTF-8',
  'referer' => 'http://localhost/study/public/index.php/admin/pubthree/index.html?navid=tm6&level=3&misparent=0&tbname=php_questions',
  'accept-encoding' => 'gzip, deflate, br',
  'accept-language' => 'zh-CN,zh;q=0.9',
  'cookie' => 'PHPSESSID=q7gtjtqqar4v3nofh215h8oe15; auth=ad7f1e6a7e0f6bc94df9b4a373435a85%3A2ecd0473b6270f2fc6212a755d72cb74',
)
[ info ] [ PARAM ] array (
  'id' => '17',
  'idfield' => 'id',
  'stateval' => '1',
  'statefield' => 'checked',
  'tbname' => 'php_questions',
  'ismain' => '0',
  'appendfield' => '',
  'appendval' => '',
)
[ info ] [ DB ] INIT mysql
[ sql ] [ DB ] CONNECT:[ UseTime:0.007411s ] mysql:host=127.0.0.1;port=3306;dbname=study;charset=utf8
[ sql ] [ SQL ] SHOW COLUMNS FROM `study_php_questions` [ RunTime:0.001037s ]
[ sql ] [ SQL ] UPDATE `study_php_questions`  SET `checked` = 0  WHERE  `id` = 17 [ RunTime:0.000554s ]
---------------------------------------------------------------
[ 2019-02-17T19:00:09+08:00 ] ::1 POST localhost/study/public/index.php/admin/check/updateobjstate.html
[运行时间：0.055515s] [吞吐率：18.01req/s] [内存消耗：3,639.00kb] [文件加载：65]
[ info ] [ LANG ] D:\wamp64\www\study\thinkphp\lang\zh-cn.php
[ info ] [ ROUTE ] array (
)
[ info ] [ HEADER ] array (
  'host' => 'localhost',
  'connection' => 'keep-alive',
  'content-length' => '97',
  'accept' => '*/*',
  'origin' => 'http://localhost',
  'x-requested-with' => 'XMLHttpRequest',
  'user-agent' => 'Mozilla/5.0 (Windows NT 10.0; Win64; x64) AppleWebKit/537.36 (KHTML, like Gecko) Chrome/71.0.3578.80 Safari/537.36',
  'content-type' => 'application/x-www-form-urlencoded; charset=UTF-8',
  'referer' => 'http://localhost/study/public/index.php/admin/pubthree/index.html?navid=tm6&level=3&misparent=0&tbname=php_questions',
  'accept-encoding' => 'gzip, deflate, br',
  'accept-language' => 'zh-CN,zh;q=0.9',
  'cookie' => 'PHPSESSID=q7gtjtqqar4v3nofh215h8oe15; auth=ad7f1e6a7e0f6bc94df9b4a373435a85%3A2ecd0473b6270f2fc6212a755d72cb74',
)
[ info ] [ PARAM ] array (
  'id' => '17',
  'idfield' => 'id',
  'stateval' => '0',
  'statefield' => 'sign',
  'tbname' => 'php_questions',
  'ismain' => '0',
  'appendfield' => '',
  'appendval' => '',
)
[ info ] [ DB ] INIT mysql
[ sql ] [ DB ] CONNECT:[ UseTime:0.010372s ] mysql:host=127.0.0.1;port=3306;dbname=study;charset=utf8
[ sql ] [ SQL ] SHOW COLUMNS FROM `study_php_questions` [ RunTime:0.001077s ]
[ sql ] [ SQL ] UPDATE `study_php_questions`  SET `sign` = 1  WHERE  `id` = 17 [ RunTime:0.000563s ]
---------------------------------------------------------------
[ 2019-02-17T19:00:12+08:00 ] ::1 GET localhost/study/public/index.php/admin/pubthree/index.html?navid=tm6&level=3&misparent=0&tbname=php_questions
[运行时间：0.161313s] [吞吐率：6.20req/s] [内存消耗：4,851.38kb] [文件加载：82]
[ info ] [ LANG ] D:\wamp64\www\study\thinkphp\lang\zh-cn.php
[ info ] [ ROUTE ] array (
)
[ info ] [ HEADER ] array (
  'host' => 'localhost',
  'connection' => 'keep-alive',
  'cache-control' => 'max-age=0',
  'upgrade-insecure-requests' => '1',
  'user-agent' => 'Mozilla/5.0 (Windows NT 10.0; Win64; x64) AppleWebKit/537.36 (KHTML, like Gecko) Chrome/71.0.3578.80 Safari/537.36',
  'accept' => 'text/html,application/xhtml+xml,application/xml;q=0.9,image/webp,image/apng,*/*;q=0.8',
  'referer' => 'http://localhost/study/public/index.php/admin/pubthree/add.html?navid=tm6&level=3&misparent=0&tbname=study_php_questions',
  'accept-encoding' => 'gzip, deflate, br',
  'accept-language' => 'zh-CN,zh;q=0.9',
  'cookie' => 'ace.settings=%7B%22main-container-fixed%22%3A1%2C%22sidebar-collapsed%22%3A-1%7D; PHPSESSID=q7gtjtqqar4v3nofh215h8oe15; auth=ad7f1e6a7e0f6bc94df9b4a373435a85%3A2ecd0473b6270f2fc6212a755d72cb74',
)
[ info ] [ PARAM ] array (
  'navid' => 'tm6',
  'level' => '3',
  'misparent' => '0',
  'tbname' => 'php_questions',
)
[ info ] [ DB ] INIT mysql
[ info ] [ VIEW ] D:\wamp64\www\study\application\admin\view\pubthree\index.html [ array (
  0 => 'fm_lists',
  1 => 'sm_lists',
  2 => 'tm_lists',
  3 => 'navid',
  4 => 'level',
  5 => 'misparent',
  6 => 'lists',
  7 => 'tbname',
  8 => 'table',
  9 => 'modules',
) ]
[ sql ] [ DB ] CONNECT:[ UseTime:0.010776s ] mysql:host=127.0.0.1;port=3306;dbname=study;charset=utf8
[ sql ] [ SQL ] SHOW COLUMNS FROM `study_first_module` [ RunTime:0.001111s ]
[ sql ] [ SQL ] SELECT * FROM `study_first_module` WHERE  ( is_delete = 0 and fm_state = 1 ) ORDER BY `fm_sort` [ RunTime:0.007917s ]
[ sql ] [ SQL ] SHOW COLUMNS FROM `study_second_module` [ RunTime:0.000911s ]
[ sql ] [ SQL ] SELECT * FROM `study_second_module` WHERE  ( is_delete = 0 and sm_state = 1 ) [ RunTime:0.000766s ]
[ sql ] [ SQL ] SHOW COLUMNS FROM `study_three_module` [ RunTime:0.001665s ]
[ sql ] [ SQL ] SELECT * FROM `study_three_module` WHERE  ( is_delete = 0 and tm_state = 1 ) [ RunTime:0.000790s ]
[ sql ] [ SQL ] SHOW COLUMNS FROM `study_php_questions` [ RunTime:0.000960s ]
[ sql ] [ SQL ] SELECT `id`,`sort`,`name`,`checked`,`addtime`,`sign`,`is_ok` FROM `study_php_questions` WHERE  `is_delete` = 0 ORDER BY `sort` ASC,`addtime` DESC [ RunTime:0.000594s ]
[ sql ] [ SQL ] SELECT `fm_name` FROM `study_first_module` WHERE  `tbname` = 'study_php_questions' LIMIT 1 [ RunTime:0.000604s ]
[ sql ] [ SQL ] SELECT `fm_id`,`sm_name` FROM `study_second_module` WHERE  `tbname` = 'study_php_questions' LIMIT 1 [ RunTime:0.000542s ]
[ sql ] [ SQL ] SELECT `sm_id`,`tm_name` FROM `study_three_module` WHERE  `tbname` = 'study_php_questions' LIMIT 1 [ RunTime:0.000512s ]
[ sql ] [ SQL ] SELECT `fm_id`,`sm_name` FROM `study_second_module` WHERE  `sm_id` = 3 LIMIT 1 [ RunTime:0.000505s ]
[ sql ] [ SQL ] SELECT `fm_name` FROM `study_first_module` WHERE  `fm_id` = 6 LIMIT 1 [ RunTime:0.000492s ]
---------------------------------------------------------------
[ 2019-02-17T19:06:19+08:00 ] ::1 GET localhost/study/public/index.php/admin/Pubone/index.html?navid=tm3&level=3&misparent=0&tbname=study_php_functions
[运行时间：0.150834s] [吞吐率：6.63req/s] [内存消耗：4,982.04kb] [文件加载：82]
[ info ] [ LANG ] D:\wamp64\www\study\thinkphp\lang\zh-cn.php
[ info ] [ ROUTE ] array (
)
[ info ] [ HEADER ] array (
  'host' => 'localhost',
  'connection' => 'keep-alive',
  'upgrade-insecure-requests' => '1',
  'user-agent' => 'Mozilla/5.0 (Windows NT 10.0; Win64; x64) AppleWebKit/537.36 (KHTML, like Gecko) Chrome/71.0.3578.80 Safari/537.36',
  'accept' => 'text/html,application/xhtml+xml,application/xml;q=0.9,image/webp,image/apng,*/*;q=0.8',
  'referer' => 'http://localhost/study/public/index.php/admin/pubthree/index.html?navid=tm6&level=3&misparent=0&tbname=php_questions',
  'accept-encoding' => 'gzip, deflate, br',
  'accept-language' => 'zh-CN,zh;q=0.9',
  'cookie' => 'ace.settings=%7B%22main-container-fixed%22%3A1%2C%22sidebar-collapsed%22%3A-1%7D; PHPSESSID=q7gtjtqqar4v3nofh215h8oe15; auth=ad7f1e6a7e0f6bc94df9b4a373435a85%3A2ecd0473b6270f2fc6212a755d72cb74',
)
[ info ] [ PARAM ] array (
  'navid' => 'tm3',
  'level' => '3',
  'misparent' => '0',
  'tbname' => 'study_php_functions',
)
[ info ] [ DB ] INIT mysql
[ info ] [ VIEW ] D:\wamp64\www\study\application\admin\view\pubone\index.html [ array (
  0 => 'fm_lists',
  1 => 'sm_lists',
  2 => 'tm_lists',
  3 => 'navid',
  4 => 'level',
  5 => 'misparent',
  6 => 'lists',
  7 => 'tbname',
  8 => 'table',
  9 => 'modules',
) ]
[ sql ] [ DB ] CONNECT:[ UseTime:0.001611s ] mysql:host=127.0.0.1;port=3306;dbname=study;charset=utf8
[ sql ] [ SQL ] SHOW COLUMNS FROM `study_first_module` [ RunTime:0.001239s ]
[ sql ] [ SQL ] SELECT * FROM `study_first_module` WHERE  ( is_delete = 0 and fm_state = 1 ) ORDER BY `fm_sort` [ RunTime:0.000777s ]
[ sql ] [ SQL ] SHOW COLUMNS FROM `study_second_module` [ RunTime:0.000915s ]
[ sql ] [ SQL ] SELECT * FROM `study_second_module` WHERE  ( is_delete = 0 and sm_state = 1 ) [ RunTime:0.000799s ]
[ sql ] [ SQL ] SHOW COLUMNS FROM `study_three_module` [ RunTime:0.000893s ]
[ sql ] [ SQL ] SELECT * FROM `study_three_module` WHERE  ( is_delete = 0 and tm_state = 1 ) [ RunTime:0.000726s ]
[ sql ] [ SQL ] SHOW COLUMNS FROM `study_php_functions` [ RunTime:0.001442s ]
[ sql ] [ SQL ] SELECT `id`,`sort`,`name`,`zn_name`,`checked`,`addtime`,`sign`,`is_ok` FROM `study_php_functions` WHERE  `is_delete` = 0 ORDER BY `sort` ASC,`addtime` DESC [ RunTime:0.000820s ]
[ sql ] [ SQL ] SELECT `fm_name` FROM `study_first_module` WHERE  `tbname` = 'study_php_functions' LIMIT 1 [ RunTime:0.000538s ]
[ sql ] [ SQL ] SELECT `fm_id`,`sm_name` FROM `study_second_module` WHERE  `tbname` = 'study_php_functions' LIMIT 1 [ RunTime:0.000532s ]
[ sql ] [ SQL ] SELECT `sm_id`,`tm_name` FROM `study_three_module` WHERE  `tbname` = 'study_php_functions' LIMIT 1 [ RunTime:0.000515s ]
[ sql ] [ SQL ] SELECT `fm_id`,`sm_name` FROM `study_second_module` WHERE  `sm_id` = 3 LIMIT 1 [ RunTime:0.000514s ]
[ sql ] [ SQL ] SELECT `fm_name` FROM `study_first_module` WHERE  `fm_id` = 6 LIMIT 1 [ RunTime:0.000508s ]
---------------------------------------------------------------
[ 2019-02-17T19:06:22+08:00 ] ::1 GET localhost/study/public/index.php/admin/pubone/update.html?navid=tm3&level=3&misparent=0&tbname=study_php_functions&id=51
[运行时间：0.152474s] [吞吐率：6.56req/s] [内存消耗：4,798.10kb] [文件加载：82]
[ info ] [ LANG ] D:\wamp64\www\study\thinkphp\lang\zh-cn.php
[ info ] [ ROUTE ] array (
)
[ info ] [ HEADER ] array (
  'host' => 'localhost',
  'connection' => 'keep-alive',
  'upgrade-insecure-requests' => '1',
  'user-agent' => 'Mozilla/5.0 (Windows NT 10.0; Win64; x64) AppleWebKit/537.36 (KHTML, like Gecko) Chrome/71.0.3578.80 Safari/537.36',
  'accept' => 'text/html,application/xhtml+xml,application/xml;q=0.9,image/webp,image/apng,*/*;q=0.8',
  'referer' => 'http://localhost/study/public/index.php/admin/Pubone/index.html?navid=tm3&level=3&misparent=0&tbname=study_php_functions',
  'accept-encoding' => 'gzip, deflate, br',
  'accept-language' => 'zh-CN,zh;q=0.9',
  'cookie' => 'ace.settings=%7B%22main-container-fixed%22%3A1%2C%22sidebar-collapsed%22%3A-1%7D; PHPSESSID=q7gtjtqqar4v3nofh215h8oe15; auth=ad7f1e6a7e0f6bc94df9b4a373435a85%3A2ecd0473b6270f2fc6212a755d72cb74',
)
[ info ] [ PARAM ] array (
  'navid' => 'tm3',
  'level' => '3',
  'misparent' => '0',
  'tbname' => 'study_php_functions',
  'id' => '51',
)
[ info ] [ DB ] INIT mysql
[ info ] [ VIEW ] D:\wamp64\www\study\application\admin\view\pubone\update.html [ array (
  0 => 'fm_lists',
  1 => 'sm_lists',
  2 => 'tm_lists',
  3 => 'navid',
  4 => 'level',
  5 => 'misparent',
  6 => 'list',
  7 => 'tbname',
  8 => 'modules',
) ]
[ sql ] [ DB ] CONNECT:[ UseTime:0.010560s ] mysql:host=127.0.0.1;port=3306;dbname=study;charset=utf8
[ sql ] [ SQL ] SHOW COLUMNS FROM `study_first_module` [ RunTime:0.001084s ]
[ sql ] [ SQL ] SELECT * FROM `study_first_module` WHERE  ( is_delete = 0 and fm_state = 1 ) ORDER BY `fm_sort` [ RunTime:0.000688s ]
[ sql ] [ SQL ] SHOW COLUMNS FROM `study_second_module` [ RunTime:0.000883s ]
[ sql ] [ SQL ] SELECT * FROM `study_second_module` WHERE  ( is_delete = 0 and sm_state = 1 ) [ RunTime:0.000805s ]
[ sql ] [ SQL ] SHOW COLUMNS FROM `study_three_module` [ RunTime:0.000952s ]
[ sql ] [ SQL ] SELECT * FROM `study_three_module` WHERE  ( is_delete = 0 and tm_state = 1 ) [ RunTime:0.000702s ]
[ sql ] [ SQL ] SELECT `fm_name` FROM `study_first_module` WHERE  `tbname` = 'study_php_functions' LIMIT 1 [ RunTime:0.000587s ]
[ sql ] [ SQL ] SELECT `fm_id`,`sm_name` FROM `study_second_module` WHERE  `tbname` = 'study_php_functions' LIMIT 1 [ RunTime:0.000520s ]
[ sql ] [ SQL ] SELECT `sm_id`,`tm_name` FROM `study_three_module` WHERE  `tbname` = 'study_php_functions' LIMIT 1 [ RunTime:0.000500s ]
[ sql ] [ SQL ] SELECT `fm_id`,`sm_name` FROM `study_second_module` WHERE  `sm_id` = 3 LIMIT 1 [ RunTime:0.000519s ]
[ sql ] [ SQL ] SELECT `fm_name` FROM `study_first_module` WHERE  `fm_id` = 6 LIMIT 1 [ RunTime:0.000542s ]
[ sql ] [ SQL ] SHOW COLUMNS FROM `study_php_functions` [ RunTime:0.001237s ]
[ sql ] [ SQL ] SELECT `id`,`name`,`zn_name`,`content` FROM `study_php_functions` WHERE  `id` = 51 LIMIT 1 [ RunTime:0.000615s ]
---------------------------------------------------------------
[ 2019-02-17T19:07:05+08:00 ] ::1 POST localhost/study/public/index.php/admin/pubone/update.html
[运行时间：0.079360s] [吞吐率：12.60req/s] [内存消耗：4,559.95kb] [文件加载：78]
[ info ] [ LANG ] D:\wamp64\www\study\thinkphp\lang\zh-cn.php
[ info ] [ ROUTE ] array (
)
[ info ] [ HEADER ] array (
  'host' => 'localhost',
  'connection' => 'keep-alive',
  'content-length' => '1090',
  'accept' => '*/*',
  'origin' => 'http://localhost',
  'x-requested-with' => 'XMLHttpRequest',
  'user-agent' => 'Mozilla/5.0 (Windows NT 10.0; Win64; x64) AppleWebKit/537.36 (KHTML, like Gecko) Chrome/71.0.3578.80 Safari/537.36',
  'content-type' => 'application/x-www-form-urlencoded; charset=UTF-8',
  'referer' => 'http://localhost/study/public/index.php/admin/pubone/update.html?navid=tm3&level=3&misparent=0&tbname=study_php_functions&id=51',
  'accept-encoding' => 'gzip, deflate, br',
  'accept-language' => 'zh-CN,zh;q=0.9',
  'cookie' => 'ace.settings=%7B%22main-container-fixed%22%3A1%2C%22sidebar-collapsed%22%3A-1%7D; PHPSESSID=q7gtjtqqar4v3nofh215h8oe15; auth=ad7f1e6a7e0f6bc94df9b4a373435a85%3A2ecd0473b6270f2fc6212a755d72cb74',
)
[ info ] [ PARAM ] array (
  'tbname' => 'php_functions',
  'id' => '51',
  'name' => 'ini_get()',
  'zn_name' => 'string：获取某一个配置项的值（列出所有配置）',
  'content' => '&lt;p&gt;语法：ini_get(&lt;span style=&quot;font-weight: bold;&quot;&gt;$str&lt;/span&gt;)&lt;/p&gt;&lt;p&gt;配置信息：（$str可能的值）&lt;/p&gt;&lt;p&gt;&amp;nbsp; &amp;nbsp; default_charset&amp;nbsp; &amp;nbsp; &amp;nbsp; &amp;nbsp; &amp;nbsp; &amp;nbsp; ：当前编码字符集（默认UTF-8）&lt;/p&gt;&lt;p&gt;&amp;nbsp; &amp;nbsp; max_execution_time&amp;nbsp; &amp;nbsp; ：最大执行时间&lt;br&gt;&lt;/p&gt;&lt;p&gt;&amp;nbsp; &amp;nbsp; upload_max_filesize&amp;nbsp; &amp;nbsp; &amp;nbsp;：最大上传限制&lt;br&gt;&lt;/p&gt;&lt;p&gt;&lt;br&gt;&lt;/p&gt;&lt;p&gt;&lt;br&gt;&lt;/p&gt;',
  'addtime' => '1550401582',
)
[ info ] [ DB ] INIT mysql
[ sql ] [ DB ] CONNECT:[ UseTime:0.010910s ] mysql:host=127.0.0.1;port=3306;dbname=study;charset=utf8
[ sql ] [ SQL ] SHOW COLUMNS FROM `study_first_module` [ RunTime:0.001163s ]
[ sql ] [ SQL ] SELECT * FROM `study_first_module` WHERE  ( is_delete = 0 and fm_state = 1 ) ORDER BY `fm_sort` [ RunTime:0.000713s ]
[ sql ] [ SQL ] SHOW COLUMNS FROM `study_second_module` [ RunTime:0.001118s ]
[ sql ] [ SQL ] SELECT * FROM `study_second_module` WHERE  ( is_delete = 0 and sm_state = 1 ) [ RunTime:0.000781s ]
[ sql ] [ SQL ] SHOW COLUMNS FROM `study_three_module` [ RunTime:0.001022s ]
[ sql ] [ SQL ] SELECT * FROM `study_three_module` WHERE  ( is_delete = 0 and tm_state = 1 ) [ RunTime:0.000718s ]
[ sql ] [ SQL ] SHOW COLUMNS FROM `study_php_functions` [ RunTime:0.001241s ]
[ sql ] [ SQL ] UPDATE `study_php_functions`  SET `name` = 'ini_get()' , `zn_name` = 'string：获取某一个配置项的值（列出所有配置）' , `content` = '&lt;p&gt;语法：ini_get(&lt;span style=&quot;font-weight: bold;&quot;&gt;$str&lt;/span&gt;)&lt;/p&gt;&lt;p&gt;配置信息：（$str可能的值）&lt;/p&gt;&lt;p&gt;&amp;nbsp; &amp;nbsp; default_charset&amp;nbsp; &amp;nbsp; &amp;nbsp; &amp;nbsp; &amp;nbsp; &amp;nbsp; ：当前编码字符集（默认UTF-8）&lt;/p&gt;&lt;p&gt;&amp;nbsp; &amp;nbsp; max_execution_time&amp;nbsp; &amp;nbsp; ：最大执行时间&lt;br&gt;&lt;/p&gt;&lt;p&gt;&amp;nbsp; &amp;nbsp; upload_max_filesize&amp;nbsp; &amp;nbsp; &amp;nbsp;：最大上传限制&lt;br&gt;&lt;/p&gt;&lt;p&gt;&lt;br&gt;&lt;/p&gt;&lt;p&gt;&lt;br&gt;&lt;/p&gt;' , `addtime` = 1550401582  WHERE  `id` = 51 [ RunTime:0.000703s ]
---------------------------------------------------------------
[ 2019-02-17T19:07:06+08:00 ] ::1 GET localhost/study/public/index.php/admin/pubone/index.html?navid=tm3&level=3&misparent=0&tbname=php_functions
[运行时间：0.154716s] [吞吐率：6.46req/s] [内存消耗：4,982.04kb] [文件加载：82]
[ info ] [ LANG ] D:\wamp64\www\study\thinkphp\lang\zh-cn.php
[ info ] [ ROUTE ] array (
)
[ info ] [ HEADER ] array (
  'host' => 'localhost',
  'connection' => 'keep-alive',
  'upgrade-insecure-requests' => '1',
  'user-agent' => 'Mozilla/5.0 (Windows NT 10.0; Win64; x64) AppleWebKit/537.36 (KHTML, like Gecko) Chrome/71.0.3578.80 Safari/537.36',
  'accept' => 'text/html,application/xhtml+xml,application/xml;q=0.9,image/webp,image/apng,*/*;q=0.8',
  'referer' => 'http://localhost/study/public/index.php/admin/pubone/update.html?navid=tm3&level=3&misparent=0&tbname=study_php_functions&id=51',
  'accept-encoding' => 'gzip, deflate, br',
  'accept-language' => 'zh-CN,zh;q=0.9',
  'cookie' => 'ace.settings=%7B%22main-container-fixed%22%3A1%2C%22sidebar-collapsed%22%3A-1%7D; PHPSESSID=q7gtjtqqar4v3nofh215h8oe15; auth=ad7f1e6a7e0f6bc94df9b4a373435a85%3A2ecd0473b6270f2fc6212a755d72cb74',
)
[ info ] [ PARAM ] array (
  'navid' => 'tm3',
  'level' => '3',
  'misparent' => '0',
  'tbname' => 'php_functions',
)
[ info ] [ DB ] INIT mysql
[ info ] [ VIEW ] D:\wamp64\www\study\application\admin\view\pubone\index.html [ array (
  0 => 'fm_lists',
  1 => 'sm_lists',
  2 => 'tm_lists',
  3 => 'navid',
  4 => 'level',
  5 => 'misparent',
  6 => 'lists',
  7 => 'tbname',
  8 => 'table',
  9 => 'modules',
) ]
[ sql ] [ DB ] CONNECT:[ UseTime:0.010973s ] mysql:host=127.0.0.1;port=3306;dbname=study;charset=utf8
[ sql ] [ SQL ] SHOW COLUMNS FROM `study_first_module` [ RunTime:0.001015s ]
[ sql ] [ SQL ] SELECT * FROM `study_first_module` WHERE  ( is_delete = 0 and fm_state = 1 ) ORDER BY `fm_sort` [ RunTime:0.000674s ]
[ sql ] [ SQL ] SHOW COLUMNS FROM `study_second_module` [ RunTime:0.000830s ]
[ sql ] [ SQL ] SELECT * FROM `study_second_module` WHERE  ( is_delete = 0 and sm_state = 1 ) [ RunTime:0.000767s ]
[ sql ] [ SQL ] SHOW COLUMNS FROM `study_three_module` [ RunTime:0.000833s ]
[ sql ] [ SQL ] SELECT * FROM `study_three_module` WHERE  ( is_delete = 0 and tm_state = 1 ) [ RunTime:0.000689s ]
[ sql ] [ SQL ] SHOW COLUMNS FROM `study_php_functions` [ RunTime:0.001270s ]
[ sql ] [ SQL ] SELECT `id`,`sort`,`name`,`zn_name`,`checked`,`addtime`,`sign`,`is_ok` FROM `study_php_functions` WHERE  `is_delete` = 0 ORDER BY `sort` ASC,`addtime` DESC [ RunTime:0.000802s ]
[ sql ] [ SQL ] SELECT `fm_name` FROM `study_first_module` WHERE  `tbname` = 'study_php_functions' LIMIT 1 [ RunTime:0.000575s ]
[ sql ] [ SQL ] SELECT `fm_id`,`sm_name` FROM `study_second_module` WHERE  `tbname` = 'study_php_functions' LIMIT 1 [ RunTime:0.000556s ]
[ sql ] [ SQL ] SELECT `sm_id`,`tm_name` FROM `study_three_module` WHERE  `tbname` = 'study_php_functions' LIMIT 1 [ RunTime:0.000509s ]
[ sql ] [ SQL ] SELECT `fm_id`,`sm_name` FROM `study_second_module` WHERE  `sm_id` = 3 LIMIT 1 [ RunTime:0.000474s ]
[ sql ] [ SQL ] SELECT `fm_name` FROM `study_first_module` WHERE  `fm_id` = 6 LIMIT 1 [ RunTime:0.000506s ]
---------------------------------------------------------------
[ 2019-02-17T19:07:34+08:00 ] ::1 GET localhost/study/public/index.php/admin/pubone/update.html?navid=tm3&level=3&misparent=0&tbname=study_php_functions&id=27
[运行时间：0.160002s] [吞吐率：6.25req/s] [内存消耗：4,796.78kb] [文件加载：82]
[ info ] [ LANG ] D:\wamp64\www\study\thinkphp\lang\zh-cn.php
[ info ] [ ROUTE ] array (
)
[ info ] [ HEADER ] array (
  'host' => 'localhost',
  'connection' => 'keep-alive',
  'upgrade-insecure-requests' => '1',
  'user-agent' => 'Mozilla/5.0 (Windows NT 10.0; Win64; x64) AppleWebKit/537.36 (KHTML, like Gecko) Chrome/71.0.3578.80 Safari/537.36',
  'accept' => 'text/html,application/xhtml+xml,application/xml;q=0.9,image/webp,image/apng,*/*;q=0.8',
  'referer' => 'http://localhost/study/public/index.php/admin/pubone/index.html?navid=tm3&level=3&misparent=0&tbname=php_functions',
  'accept-encoding' => 'gzip, deflate, br',
  'accept-language' => 'zh-CN,zh;q=0.9',
  'cookie' => 'ace.settings=%7B%22main-container-fixed%22%3A1%2C%22sidebar-collapsed%22%3A-1%7D; PHPSESSID=q7gtjtqqar4v3nofh215h8oe15; auth=ad7f1e6a7e0f6bc94df9b4a373435a85%3A2ecd0473b6270f2fc6212a755d72cb74',
)
[ info ] [ PARAM ] array (
  'navid' => 'tm3',
  'level' => '3',
  'misparent' => '0',
  'tbname' => 'study_php_functions',
  'id' => '27',
)
[ info ] [ DB ] INIT mysql
[ info ] [ VIEW ] D:\wamp64\www\study\application\admin\view\pubone\update.html [ array (
  0 => 'fm_lists',
  1 => 'sm_lists',
  2 => 'tm_lists',
  3 => 'navid',
  4 => 'level',
  5 => 'misparent',
  6 => 'list',
  7 => 'tbname',
  8 => 'modules',
) ]
[ sql ] [ DB ] CONNECT:[ UseTime:0.011396s ] mysql:host=127.0.0.1;port=3306;dbname=study;charset=utf8
[ sql ] [ SQL ] SHOW COLUMNS FROM `study_first_module` [ RunTime:0.001133s ]
[ sql ] [ SQL ] SELECT * FROM `study_first_module` WHERE  ( is_delete = 0 and fm_state = 1 ) ORDER BY `fm_sort` [ RunTime:0.000718s ]
[ sql ] [ SQL ] SHOW COLUMNS FROM `study_second_module` [ RunTime:0.000873s ]
[ sql ] [ SQL ] SELECT * FROM `study_second_module` WHERE  ( is_delete = 0 and sm_state = 1 ) [ RunTime:0.000654s ]
[ sql ] [ SQL ] SHOW COLUMNS FROM `study_three_module` [ RunTime:0.000962s ]
[ sql ] [ SQL ] SELECT * FROM `study_three_module` WHERE  ( is_delete = 0 and tm_state = 1 ) [ RunTime:0.000610s ]
[ sql ] [ SQL ] SELECT `fm_name` FROM `study_first_module` WHERE  `tbname` = 'study_php_functions' LIMIT 1 [ RunTime:0.000435s ]
[ sql ] [ SQL ] SELECT `fm_id`,`sm_name` FROM `study_second_module` WHERE  `tbname` = 'study_php_functions' LIMIT 1 [ RunTime:0.000366s ]
[ sql ] [ SQL ] SELECT `sm_id`,`tm_name` FROM `study_three_module` WHERE  `tbname` = 'study_php_functions' LIMIT 1 [ RunTime:0.000389s ]
[ sql ] [ SQL ] SELECT `fm_id`,`sm_name` FROM `study_second_module` WHERE  `sm_id` = 3 LIMIT 1 [ RunTime:0.000407s ]
[ sql ] [ SQL ] SELECT `fm_name` FROM `study_first_module` WHERE  `fm_id` = 6 LIMIT 1 [ RunTime:0.000410s ]
[ sql ] [ SQL ] SHOW COLUMNS FROM `study_php_functions` [ RunTime:0.000867s ]
[ sql ] [ SQL ] SELECT `id`,`name`,`zn_name`,`content` FROM `study_php_functions` WHERE  `id` = 27 LIMIT 1 [ RunTime:0.000423s ]
---------------------------------------------------------------
[ 2019-02-17T19:08:44+08:00 ] ::1 GET localhost/study/public/index.php/admin/Pubthree/index.html?navid=tm6&level=3&misparent=0&tbname=study_php_questions
[运行时间：0.156028s] [吞吐率：6.41req/s] [内存消耗：4,851.27kb] [文件加载：82]
[ info ] [ LANG ] D:\wamp64\www\study\thinkphp\lang\zh-cn.php
[ info ] [ ROUTE ] array (
)
[ info ] [ HEADER ] array (
  'host' => 'localhost',
  'connection' => 'keep-alive',
  'upgrade-insecure-requests' => '1',
  'user-agent' => 'Mozilla/5.0 (Windows NT 10.0; Win64; x64) AppleWebKit/537.36 (KHTML, like Gecko) Chrome/71.0.3578.80 Safari/537.36',
  'accept' => 'text/html,application/xhtml+xml,application/xml;q=0.9,image/webp,image/apng,*/*;q=0.8',
  'referer' => 'http://localhost/study/public/index.php/admin/pubone/update.html?navid=tm3&level=3&misparent=0&tbname=study_php_functions&id=27',
  'accept-encoding' => 'gzip, deflate, br',
  'accept-language' => 'zh-CN,zh;q=0.9',
  'cookie' => 'ace.settings=%7B%22main-container-fixed%22%3A1%7D; PHPSESSID=q7gtjtqqar4v3nofh215h8oe15; auth=ad7f1e6a7e0f6bc94df9b4a373435a85%3A2ecd0473b6270f2fc6212a755d72cb74',
)
[ info ] [ PARAM ] array (
  'navid' => 'tm6',
  'level' => '3',
  'misparent' => '0',
  'tbname' => 'study_php_questions',
)
[ info ] [ DB ] INIT mysql
[ info ] [ VIEW ] D:\wamp64\www\study\application\admin\view\pubthree\index.html [ array (
  0 => 'fm_lists',
  1 => 'sm_lists',
  2 => 'tm_lists',
  3 => 'navid',
  4 => 'level',
  5 => 'misparent',
  6 => 'lists',
  7 => 'tbname',
  8 => 'table',
  9 => 'modules',
) ]
[ sql ] [ DB ] CONNECT:[ UseTime:0.010810s ] mysql:host=127.0.0.1;port=3306;dbname=study;charset=utf8
[ sql ] [ SQL ] SHOW COLUMNS FROM `study_first_module` [ RunTime:0.001071s ]
[ sql ] [ SQL ] SELECT * FROM `study_first_module` WHERE  ( is_delete = 0 and fm_state = 1 ) ORDER BY `fm_sort` [ RunTime:0.000645s ]
[ sql ] [ SQL ] SHOW COLUMNS FROM `study_second_module` [ RunTime:0.000962s ]
[ sql ] [ SQL ] SELECT * FROM `study_second_module` WHERE  ( is_delete = 0 and sm_state = 1 ) [ RunTime:0.000761s ]
[ sql ] [ SQL ] SHOW COLUMNS FROM `study_three_module` [ RunTime:0.000850s ]
[ sql ] [ SQL ] SELECT * FROM `study_three_module` WHERE  ( is_delete = 0 and tm_state = 1 ) [ RunTime:0.000660s ]
[ sql ] [ SQL ] SHOW COLUMNS FROM `study_php_questions` [ RunTime:0.000879s ]
[ sql ] [ SQL ] SELECT `id`,`sort`,`name`,`checked`,`addtime`,`sign`,`is_ok` FROM `study_php_questions` WHERE  `is_delete` = 0 ORDER BY `sort` ASC,`addtime` DESC [ RunTime:0.000637s ]
[ sql ] [ SQL ] SELECT `fm_name` FROM `study_first_module` WHERE  `tbname` = 'study_php_questions' LIMIT 1 [ RunTime:0.000533s ]
[ sql ] [ SQL ] SELECT `fm_id`,`sm_name` FROM `study_second_module` WHERE  `tbname` = 'study_php_questions' LIMIT 1 [ RunTime:0.000530s ]
[ sql ] [ SQL ] SELECT `sm_id`,`tm_name` FROM `study_three_module` WHERE  `tbname` = 'study_php_questions' LIMIT 1 [ RunTime:0.000534s ]
[ sql ] [ SQL ] SELECT `fm_id`,`sm_name` FROM `study_second_module` WHERE  `sm_id` = 3 LIMIT 1 [ RunTime:0.000600s ]
[ sql ] [ SQL ] SELECT `fm_name` FROM `study_first_module` WHERE  `fm_id` = 6 LIMIT 1 [ RunTime:0.000614s ]
---------------------------------------------------------------
[ 2019-02-17T19:08:46+08:00 ] ::1 GET localhost/study/public/index.php/admin/pubthree/add.html?navid=tm6&level=3&misparent=0&tbname=study_php_questions
[运行时间：0.158554s] [吞吐率：6.31req/s] [内存消耗：4,790.28kb] [文件加载：82]
[ info ] [ LANG ] D:\wamp64\www\study\thinkphp\lang\zh-cn.php
[ info ] [ ROUTE ] array (
)
[ info ] [ HEADER ] array (
  'host' => 'localhost',
  'connection' => 'keep-alive',
  'upgrade-insecure-requests' => '1',
  'user-agent' => 'Mozilla/5.0 (Windows NT 10.0; Win64; x64) AppleWebKit/537.36 (KHTML, like Gecko) Chrome/71.0.3578.80 Safari/537.36',
  'accept' => 'text/html,application/xhtml+xml,application/xml;q=0.9,image/webp,image/apng,*/*;q=0.8',
  'referer' => 'http://localhost/study/public/index.php/admin/Pubthree/index.html?navid=tm6&level=3&misparent=0&tbname=study_php_questions',
  'accept-encoding' => 'gzip, deflate, br',
  'accept-language' => 'zh-CN,zh;q=0.9',
  'cookie' => 'ace.settings=%7B%22main-container-fixed%22%3A1%2C%22sidebar-collapsed%22%3A-1%7D; PHPSESSID=q7gtjtqqar4v3nofh215h8oe15; auth=ad7f1e6a7e0f6bc94df9b4a373435a85%3A2ecd0473b6270f2fc6212a755d72cb74',
)
[ info ] [ PARAM ] array (
  'navid' => 'tm6',
  'level' => '3',
  'misparent' => '0',
  'tbname' => 'study_php_questions',
)
[ info ] [ DB ] INIT mysql
[ info ] [ VIEW ] D:\wamp64\www\study\application\admin\view\pubthree\add.html [ array (
  0 => 'fm_lists',
  1 => 'sm_lists',
  2 => 'tm_lists',
  3 => 'navid',
  4 => 'level',
  5 => 'misparent',
  6 => 'list',
  7 => 'tbname',
  8 => 'modules',
) ]
[ sql ] [ DB ] CONNECT:[ UseTime:0.011129s ] mysql:host=127.0.0.1;port=3306;dbname=study;charset=utf8
[ sql ] [ SQL ] SHOW COLUMNS FROM `study_first_module` [ RunTime:0.001097s ]
[ sql ] [ SQL ] SELECT * FROM `study_first_module` WHERE  ( is_delete = 0 and fm_state = 1 ) ORDER BY `fm_sort` [ RunTime:0.000749s ]
[ sql ] [ SQL ] SHOW COLUMNS FROM `study_second_module` [ RunTime:0.000998s ]
[ sql ] [ SQL ] SELECT * FROM `study_second_module` WHERE  ( is_delete = 0 and sm_state = 1 ) [ RunTime:0.000814s ]
[ sql ] [ SQL ] SHOW COLUMNS FROM `study_three_module` [ RunTime:0.000872s ]
[ sql ] [ SQL ] SELECT * FROM `study_three_module` WHERE  ( is_delete = 0 and tm_state = 1 ) [ RunTime:0.000740s ]
[ sql ] [ SQL ] SELECT `fm_name` FROM `study_first_module` WHERE  `tbname` = 'study_php_questions' LIMIT 1 [ RunTime:0.000667s ]
[ sql ] [ SQL ] SELECT `fm_id`,`sm_name` FROM `study_second_module` WHERE  `tbname` = 'study_php_questions' LIMIT 1 [ RunTime:0.000664s ]
[ sql ] [ SQL ] SELECT `sm_id`,`tm_name` FROM `study_three_module` WHERE  `tbname` = 'study_php_questions' LIMIT 1 [ RunTime:0.003111s ]
[ sql ] [ SQL ] SELECT `fm_id`,`sm_name` FROM `study_second_module` WHERE  `sm_id` = 3 LIMIT 1 [ RunTime:0.000567s ]
[ sql ] [ SQL ] SELECT `fm_name` FROM `study_first_module` WHERE  `fm_id` = 6 LIMIT 1 [ RunTime:0.000530s ]
---------------------------------------------------------------
[ 2019-02-17T19:09:06+08:00 ] ::1 POST localhost/study/public/index.php/admin/check/checkadd.html
[运行时间：0.057856s] [吞吐率：17.28req/s] [内存消耗：3,678.40kb] [文件加载：65]
[ info ] [ LANG ] D:\wamp64\www\study\thinkphp\lang\zh-cn.php
[ info ] [ ROUTE ] array (
)
[ info ] [ HEADER ] array (
  'host' => 'localhost',
  'connection' => 'keep-alive',
  'content-length' => '79',
  'accept' => '*/*',
  'origin' => 'http://localhost',
  'x-requested-with' => 'XMLHttpRequest',
  'user-agent' => 'Mozilla/5.0 (Windows NT 10.0; Win64; x64) AppleWebKit/537.36 (KHTML, like Gecko) Chrome/71.0.3578.80 Safari/537.36',
  'content-type' => 'application/x-www-form-urlencoded; charset=UTF-8',
  'referer' => 'http://localhost/study/public/index.php/admin/pubthree/add.html?navid=tm6&level=3&misparent=0&tbname=study_php_questions',
  'accept-encoding' => 'gzip, deflate, br',
  'accept-language' => 'zh-CN,zh;q=0.9',
  'cookie' => 'PHPSESSID=q7gtjtqqar4v3nofh215h8oe15; auth=ad7f1e6a7e0f6bc94df9b4a373435a85%3A2ecd0473b6270f2fc6212a755d72cb74',
)
[ info ] [ PARAM ] array (
  'content' => 'PHP跨域问题',
  'field' => 'name',
  'tbname' => 'php_questions',
)
[ info ] [ DB ] INIT mysql
[ sql ] [ DB ] CONNECT:[ UseTime:0.010481s ] mysql:host=127.0.0.1;port=3306;dbname=study;charset=utf8
[ sql ] [ SQL ] SHOW COLUMNS FROM `study_php_questions` [ RunTime:0.001437s ]
[ sql ] [ SQL ] SELECT * FROM `study_php_questions` WHERE  `name` = 'PHP跨域问题' LIMIT 1 [ RunTime:0.000622s ]
---------------------------------------------------------------
[ 2019-02-17T19:14:54+08:00 ] ::1 POST localhost/study/public/index.php/admin/pubthree/add.html
[运行时间：0.068310s] [吞吐率：14.64req/s] [内存消耗：4,555.14kb] [文件加载：78]
[ info ] [ LANG ] D:\wamp64\www\study\thinkphp\lang\zh-cn.php
[ info ] [ ROUTE ] array (
)
[ info ] [ HEADER ] array (
  'host' => 'localhost',
  'connection' => 'keep-alive',
  'content-length' => '765',
  'accept' => '*/*',
  'origin' => 'http://localhost',
  'x-requested-with' => 'XMLHttpRequest',
  'user-agent' => 'Mozilla/5.0 (Windows NT 10.0; Win64; x64) AppleWebKit/537.36 (KHTML, like Gecko) Chrome/71.0.3578.80 Safari/537.36',
  'content-type' => 'application/x-www-form-urlencoded; charset=UTF-8',
  'referer' => 'http://localhost/study/public/index.php/admin/pubthree/add.html?navid=tm6&level=3&misparent=0&tbname=study_php_questions',
  'accept-encoding' => 'gzip, deflate, br',
  'accept-language' => 'zh-CN,zh;q=0.9',
  'cookie' => 'ace.settings=%7B%22main-container-fixed%22%3A1%2C%22sidebar-collapsed%22%3A-1%7D; PHPSESSID=q7gtjtqqar4v3nofh215h8oe15; auth=ad7f1e6a7e0f6bc94df9b4a373435a85%3A2ecd0473b6270f2fc6212a755d72cb74',
)
[ info ] [ PARAM ] array (
  'tbname' => 'php_questions',
  'name' => 'PHP跨域问题',
  'content' => '&lt;p&gt;header(\'Access-Control-Allow-Origin:*\')允许任何请求访问，www.域名或域名都可以访问，*也可写成单个网址。&lt;/p&gt;&lt;p&gt;Access-Control-Allow-Origin：指明哪些请求源被允许访问资源，其值可以为 * , nu 或者单个源地址。&lt;br&gt;&lt;/p&gt;&lt;p&gt;&lt;br&gt;&lt;/p&gt;',
  'addtime' => '1550401726',
)
[ info ] [ DB ] INIT mysql
[ sql ] [ DB ] CONNECT:[ UseTime:0.001510s ] mysql:host=127.0.0.1;port=3306;dbname=study;charset=utf8
[ sql ] [ SQL ] SHOW COLUMNS FROM `study_first_module` [ RunTime:0.001087s ]
[ sql ] [ SQL ] SELECT * FROM `study_first_module` WHERE  ( is_delete = 0 and fm_state = 1 ) ORDER BY `fm_sort` [ RunTime:0.000734s ]
[ sql ] [ SQL ] SHOW COLUMNS FROM `study_second_module` [ RunTime:0.000999s ]
[ sql ] [ SQL ] SELECT * FROM `study_second_module` WHERE  ( is_delete = 0 and sm_state = 1 ) [ RunTime:0.000781s ]
[ sql ] [ SQL ] SHOW COLUMNS FROM `study_three_module` [ RunTime:0.000879s ]
[ sql ] [ SQL ] SELECT * FROM `study_three_module` WHERE  ( is_delete = 0 and tm_state = 1 ) [ RunTime:0.000719s ]
[ sql ] [ SQL ] SHOW COLUMNS FROM `study_php_questions` [ RunTime:0.000826s ]
[ sql ] [ SQL ] INSERT INTO `study_php_questions` (`name` , `content` , `addtime`) VALUES ('PHP跨域问题' , '&lt;p&gt;header(\'Access-Control-Allow-Origin:*\')允许任何请求访问，www.域名或域名都可以访问，*也可写成单个网址。&lt;/p&gt;&lt;p&gt;Access-Control-Allow-Origin：指明哪些请求源被允许访问资源，其值可以为 * , nu 或者单个源地址。&lt;br&gt;&lt;/p&gt;&lt;p&gt;&lt;br&gt;&lt;/p&gt;' , 1550401726) [ RunTime:0.000627s ]
---------------------------------------------------------------
[ 2019-02-17T19:14:56+08:00 ] ::1 GET localhost/study/public/index.php/admin/pubthree/index.html?navid=tm6&level=3&misparent=0&tbname=php_questions
[运行时间：0.150220s] [吞吐率：6.66req/s] [内存消耗：4,851.71kb] [文件加载：82]
[ info ] [ LANG ] D:\wamp64\www\study\thinkphp\lang\zh-cn.php
[ info ] [ ROUTE ] array (
)
[ info ] [ HEADER ] array (
  'host' => 'localhost',
  'connection' => 'keep-alive',
  'upgrade-insecure-requests' => '1',
  'user-agent' => 'Mozilla/5.0 (Windows NT 10.0; Win64; x64) AppleWebKit/537.36 (KHTML, like Gecko) Chrome/71.0.3578.80 Safari/537.36',
  'accept' => 'text/html,application/xhtml+xml,application/xml;q=0.9,image/webp,image/apng,*/*;q=0.8',
  'referer' => 'http://localhost/study/public/index.php/admin/pubthree/add.html?navid=tm6&level=3&misparent=0&tbname=study_php_questions',
  'accept-encoding' => 'gzip, deflate, br',
  'accept-language' => 'zh-CN,zh;q=0.9',
  'cookie' => 'ace.settings=%7B%22main-container-fixed%22%3A1%2C%22sidebar-collapsed%22%3A-1%7D; PHPSESSID=q7gtjtqqar4v3nofh215h8oe15; auth=ad7f1e6a7e0f6bc94df9b4a373435a85%3A2ecd0473b6270f2fc6212a755d72cb74',
)
[ info ] [ PARAM ] array (
  'navid' => 'tm6',
  'level' => '3',
  'misparent' => '0',
  'tbname' => 'php_questions',
)
[ info ] [ DB ] INIT mysql
[ info ] [ VIEW ] D:\wamp64\www\study\application\admin\view\pubthree\index.html [ array (
  0 => 'fm_lists',
  1 => 'sm_lists',
  2 => 'tm_lists',
  3 => 'navid',
  4 => 'level',
  5 => 'misparent',
  6 => 'lists',
  7 => 'tbname',
  8 => 'table',
  9 => 'modules',
) ]
[ sql ] [ DB ] CONNECT:[ UseTime:0.010811s ] mysql:host=127.0.0.1;port=3306;dbname=study;charset=utf8
[ sql ] [ SQL ] SHOW COLUMNS FROM `study_first_module` [ RunTime:0.001310s ]
[ sql ] [ SQL ] SELECT * FROM `study_first_module` WHERE  ( is_delete = 0 and fm_state = 1 ) ORDER BY `fm_sort` [ RunTime:0.000676s ]
[ sql ] [ SQL ] SHOW COLUMNS FROM `study_second_module` [ RunTime:0.000852s ]
[ sql ] [ SQL ] SELECT * FROM `study_second_module` WHERE  ( is_delete = 0 and sm_state = 1 ) [ RunTime:0.000744s ]
[ sql ] [ SQL ] SHOW COLUMNS FROM `study_three_module` [ RunTime:0.000827s ]
[ sql ] [ SQL ] SELECT * FROM `study_three_module` WHERE  ( is_delete = 0 and tm_state = 1 ) [ RunTime:0.000714s ]
[ sql ] [ SQL ] SHOW COLUMNS FROM `study_php_questions` [ RunTime:0.001828s ]
[ sql ] [ SQL ] SELECT `id`,`sort`,`name`,`checked`,`addtime`,`sign`,`is_ok` FROM `study_php_questions` WHERE  `is_delete` = 0 ORDER BY `sort` ASC,`addtime` DESC [ RunTime:0.000599s ]
[ sql ] [ SQL ] SELECT `fm_name` FROM `study_first_module` WHERE  `tbname` = 'study_php_questions' LIMIT 1 [ RunTime:0.000518s ]
[ sql ] [ SQL ] SELECT `fm_id`,`sm_name` FROM `study_second_module` WHERE  `tbname` = 'study_php_questions' LIMIT 1 [ RunTime:0.000522s ]
[ sql ] [ SQL ] SELECT `sm_id`,`tm_name` FROM `study_three_module` WHERE  `tbname` = 'study_php_questions' LIMIT 1 [ RunTime:0.000516s ]
[ sql ] [ SQL ] SELECT `fm_id`,`sm_name` FROM `study_second_module` WHERE  `sm_id` = 3 LIMIT 1 [ RunTime:0.000504s ]
[ sql ] [ SQL ] SELECT `fm_name` FROM `study_first_module` WHERE  `fm_id` = 6 LIMIT 1 [ RunTime:0.000482s ]
---------------------------------------------------------------
[ 2019-02-17T19:14:58+08:00 ] ::1 POST localhost/study/public/index.php/admin/check/updateobjstate.html
[运行时间：0.058015s] [吞吐率：17.24req/s] [内存消耗：3,639.06kb] [文件加载：65]
[ info ] [ LANG ] D:\wamp64\www\study\thinkphp\lang\zh-cn.php
[ info ] [ ROUTE ] array (
)
[ info ] [ HEADER ] array (
  'host' => 'localhost',
  'connection' => 'keep-alive',
  'content-length' => '100',
  'accept' => '*/*',
  'origin' => 'http://localhost',
  'x-requested-with' => 'XMLHttpRequest',
  'user-agent' => 'Mozilla/5.0 (Windows NT 10.0; Win64; x64) AppleWebKit/537.36 (KHTML, like Gecko) Chrome/71.0.3578.80 Safari/537.36',
  'content-type' => 'application/x-www-form-urlencoded; charset=UTF-8',
  'referer' => 'http://localhost/study/public/index.php/admin/pubthree/index.html?navid=tm6&level=3&misparent=0&tbname=php_questions',
  'accept-encoding' => 'gzip, deflate, br',
  'accept-language' => 'zh-CN,zh;q=0.9',
  'cookie' => 'PHPSESSID=q7gtjtqqar4v3nofh215h8oe15; auth=ad7f1e6a7e0f6bc94df9b4a373435a85%3A2ecd0473b6270f2fc6212a755d72cb74',
)
[ info ] [ PARAM ] array (
  'id' => '18',
  'idfield' => 'id',
  'stateval' => '0',
  'statefield' => 'checked',
  'tbname' => 'php_questions',
  'ismain' => '0',
  'appendfield' => '',
  'appendval' => '',
)
[ info ] [ DB ] INIT mysql
[ sql ] [ DB ] CONNECT:[ UseTime:0.012579s ] mysql:host=127.0.0.1;port=3306;dbname=study;charset=utf8
[ sql ] [ SQL ] SHOW COLUMNS FROM `study_php_questions` [ RunTime:0.001094s ]
[ sql ] [ SQL ] UPDATE `study_php_questions`  SET `checked` = 1  WHERE  `id` = 18 [ RunTime:0.000604s ]
---------------------------------------------------------------
[ 2019-02-17T19:15:00+08:00 ] ::1 POST localhost/study/public/index.php/admin/check/updateobjstate.html
[运行时间：0.068179s] [吞吐率：14.67req/s] [内存消耗：3,639.00kb] [文件加载：65]
[ info ] [ LANG ] D:\wamp64\www\study\thinkphp\lang\zh-cn.php
[ info ] [ ROUTE ] array (
)
[ info ] [ HEADER ] array (
  'host' => 'localhost',
  'connection' => 'keep-alive',
  'content-length' => '97',
  'accept' => '*/*',
  'origin' => 'http://localhost',
  'x-requested-with' => 'XMLHttpRequest',
  'user-agent' => 'Mozilla/5.0 (Windows NT 10.0; Win64; x64) AppleWebKit/537.36 (KHTML, like Gecko) Chrome/71.0.3578.80 Safari/537.36',
  'content-type' => 'application/x-www-form-urlencoded; charset=UTF-8',
  'referer' => 'http://localhost/study/public/index.php/admin/pubthree/index.html?navid=tm6&level=3&misparent=0&tbname=php_questions',
  'accept-encoding' => 'gzip, deflate, br',
  'accept-language' => 'zh-CN,zh;q=0.9',
  'cookie' => 'PHPSESSID=q7gtjtqqar4v3nofh215h8oe15; auth=ad7f1e6a7e0f6bc94df9b4a373435a85%3A2ecd0473b6270f2fc6212a755d72cb74',
)
[ info ] [ PARAM ] array (
  'id' => '18',
  'idfield' => 'id',
  'stateval' => '0',
  'statefield' => 'sign',
  'tbname' => 'php_questions',
  'ismain' => '0',
  'appendfield' => '',
  'appendval' => '',
)
[ info ] [ DB ] INIT mysql
[ sql ] [ DB ] CONNECT:[ UseTime:0.009380s ] mysql:host=127.0.0.1;port=3306;dbname=study;charset=utf8
[ sql ] [ SQL ] SHOW COLUMNS FROM `study_php_questions` [ RunTime:0.001050s ]
[ sql ] [ SQL ] UPDATE `study_php_questions`  SET `sign` = 1  WHERE  `id` = 18 [ RunTime:0.000589s ]
---------------------------------------------------------------
[ 2019-02-17T21:34:51+08:00 ] ::1 POST localhost/study/public/index.php/admin/logout/logout.html
[运行时间：0.071599s] [吞吐率：13.97req/s] [内存消耗：4,012.77kb] [文件加载：73]
[ info ] [ LANG ] D:\wamp64\www\study\thinkphp\lang\zh-cn.php
[ info ] [ ROUTE ] array (
)
[ info ] [ HEADER ] array (
  'host' => 'localhost',
  'connection' => 'keep-alive',
  'content-length' => '0',
  'accept' => '*/*',
  'origin' => 'http://localhost',
  'x-requested-with' => 'XMLHttpRequest',
  'user-agent' => 'Mozilla/5.0 (Windows NT 10.0; Win64; x64) AppleWebKit/537.36 (KHTML, like Gecko) Chrome/71.0.3578.80 Safari/537.36',
  'referer' => 'http://localhost/study/public/index.php/admin/pubthree/index.html?navid=tm6&level=3&misparent=0&tbname=php_questions',
  'accept-encoding' => 'gzip, deflate, br',
  'accept-language' => 'zh-CN,zh;q=0.9',
  'cookie' => 'PHPSESSID=q7gtjtqqar4v3nofh215h8oe15; auth=ad7f1e6a7e0f6bc94df9b4a373435a85%3A2ecd0473b6270f2fc6212a755d72cb74',
)
[ info ] [ PARAM ] array (
)
[ info ] [ DB ] INIT mysql
[ sql ] [ DB ] CONNECT:[ UseTime:0.004388s ] mysql:host=127.0.0.1;port=3306;dbname=study;charset=utf8
[ sql ] [ SQL ] SHOW COLUMNS FROM `study_admin` [ RunTime:0.003312s ]
[ sql ] [ SQL ] UPDATE `study_admin`  SET `admin_time` = 1550300775 , `admin_ip` = '::1'  WHERE  `admin_id` = 2 [ RunTime:0.002001s ]
---------------------------------------------------------------
[ 2019-02-17T21:34:52+08:00 ] ::1 GET localhost/study/public/index.php/admin/login/index.html
[运行时间：0.065946s] [吞吐率：15.16req/s] [内存消耗：2,643.10kb] [文件加载：65]
[ info ] [ LANG ] D:\wamp64\www\study\thinkphp\lang\zh-cn.php
[ info ] [ ROUTE ] array (
)
[ info ] [ HEADER ] array (
  'host' => 'localhost',
  'connection' => 'keep-alive',
  'upgrade-insecure-requests' => '1',
  'user-agent' => 'Mozilla/5.0 (Windows NT 10.0; Win64; x64) AppleWebKit/537.36 (KHTML, like Gecko) Chrome/71.0.3578.80 Safari/537.36',
  'accept' => 'text/html,application/xhtml+xml,application/xml;q=0.9,image/webp,image/apng,*/*;q=0.8',
  'referer' => 'http://localhost/study/public/index.php/admin/pubthree/index.html?navid=tm6&level=3&misparent=0&tbname=php_questions',
  'accept-encoding' => 'gzip, deflate, br',
  'accept-language' => 'zh-CN,zh;q=0.9',
  'cookie' => 'PHPSESSID=q7gtjtqqar4v3nofh215h8oe15',
)
[ info ] [ PARAM ] array (
)
[ info ] [ VIEW ] D:\wamp64\www\study\application\admin\view\login\index.html [ array (
) ]
