---------------------------------------------------------------
[ 2019-02-19T10:54:46+08:00 ] ::1 GET localhost/study/public/index.php/admin/menu/index
[运行时间：0.123654s] [吞吐率：8.09req/s] [内存消耗：2,421.63kb] [文件加载：63]
[ info ] [ LANG ] D:\wamp64\www\study\thinkphp\lang\zh-cn.php
[ info ] [ ROUTE ] array (
)
[ info ] [ HEADER ] array (
  'host' => 'localhost',
  'connection' => 'keep-alive',
  'upgrade-insecure-requests' => '1',
  'user-agent' => 'Mozilla/5.0 (Windows NT 10.0; Win64; x64) AppleWebKit/537.36 (KHTML, like Gecko) Chrome/71.0.3578.80 Safari/537.36',
  'accept' => 'text/html,application/xhtml+xml,application/xml;q=0.9,image/webp,image/apng,*/*;q=0.8',
  'accept-encoding' => 'gzip, deflate, br',
  'accept-language' => 'zh-CN,zh;q=0.9',
  'cookie' => 'ace.settings=%7B%22main-container-fixed%22%3A1%7D',
)
[ info ] [ PARAM ] array (
)
---------------------------------------------------------------
[ 2019-02-19T10:54:46+08:00 ] ::1 GET localhost/study/public/index.php/admin/login/index.html
[运行时间：0.078583s] [吞吐率：12.73req/s] [内存消耗：2,426.20kb] [文件加载：63]
[ info ] [ LANG ] D:\wamp64\www\study\thinkphp\lang\zh-cn.php
[ info ] [ ROUTE ] array (
)
[ info ] [ HEADER ] array (
  'host' => 'localhost',
  'connection' => 'keep-alive',
  'upgrade-insecure-requests' => '1',
  'user-agent' => 'Mozilla/5.0 (Windows NT 10.0; Win64; x64) AppleWebKit/537.36 (KHTML, like Gecko) Chrome/71.0.3578.80 Safari/537.36',
  'accept' => 'text/html,application/xhtml+xml,application/xml;q=0.9,image/webp,image/apng,*/*;q=0.8',
  'accept-encoding' => 'gzip, deflate, br',
  'accept-language' => 'zh-CN,zh;q=0.9',
  'cookie' => 'PHPSESSID=6njfa5vq2vvssca7f950pcg852',
)
[ info ] [ PARAM ] array (
)
[ info ] [ VIEW ] D:\wamp64\www\study\application\admin\view\login\index.html [ array (
) ]
---------------------------------------------------------------
[ 2019-02-19T10:54:56+08:00 ] ::1 POST localhost/study/public/index.php/admin/login/login.html
[运行时间：0.150085s] [吞吐率：6.66req/s] [内存消耗：4,051.94kb] [文件加载：73]
[ info ] [ LANG ] D:\wamp64\www\study\thinkphp\lang\zh-cn.php
[ info ] [ ROUTE ] array (
)
[ info ] [ HEADER ] array (
  'host' => 'localhost',
  'connection' => 'keep-alive',
  'content-length' => '45',
  'accept' => '*/*',
  'origin' => 'http://localhost',
  'x-requested-with' => 'XMLHttpRequest',
  'user-agent' => 'Mozilla/5.0 (Windows NT 10.0; Win64; x64) AppleWebKit/537.36 (KHTML, like Gecko) Chrome/71.0.3578.80 Safari/537.36',
  'content-type' => 'application/x-www-form-urlencoded; charset=UTF-8',
  'referer' => 'http://localhost/study/public/index.php/admin/login/index.html',
  'accept-encoding' => 'gzip, deflate, br',
  'accept-language' => 'zh-CN,zh;q=0.9',
  'cookie' => 'PHPSESSID=6njfa5vq2vvssca7f950pcg852',
)
[ info ] [ PARAM ] array (
  'admin_name' => 'cuiyu1478',
  'admin_password' => 'dageyu115',
)
[ info ] [ DB ] INIT mysql
[ sql ] [ DB ] CONNECT:[ UseTime:0.011780s ] mysql:host=127.0.0.1;port=3306;dbname=study;charset=utf8
[ sql ] [ SQL ] SHOW COLUMNS FROM `study_admin` [ RunTime:0.005084s ]
[ sql ] [ SQL ] SELECT * FROM `study_admin` WHERE  `admin_name` = 'cuiyu1478'  AND `admin_password` = '07a0ac3365a4efd51b90556101f08481' LIMIT 1 [ RunTime:0.001237s ]
[ sql ] [ SQL ] UPDATE `study_admin`  SET `admin_lasttime` = 1550544896 , `admin_lastip` = '::1' , `identifier` = 'ad7f1e6a7e0f6bc94df9b4a373435a85' , `token` = '4df687aa81236a3e6ea4c7bfd432d4a6' , `timeout` = 1550548496  WHERE  `admin_id` = 2 [ RunTime:0.000920s ]
---------------------------------------------------------------
[ 2019-02-19T10:54:57+08:00 ] ::1 GET localhost/study/public/index.php/admin/index/index.html
[运行时间：0.334513s] [吞吐率：2.99req/s] [内存消耗：4,992.13kb] [文件加载：82]
[ info ] [ LANG ] D:\wamp64\www\study\thinkphp\lang\zh-cn.php
[ info ] [ ROUTE ] array (
)
[ info ] [ HEADER ] array (
  'host' => 'localhost',
  'connection' => 'keep-alive',
  'upgrade-insecure-requests' => '1',
  'user-agent' => 'Mozilla/5.0 (Windows NT 10.0; Win64; x64) AppleWebKit/537.36 (KHTML, like Gecko) Chrome/71.0.3578.80 Safari/537.36',
  'accept' => 'text/html,application/xhtml+xml,application/xml;q=0.9,image/webp,image/apng,*/*;q=0.8',
  'referer' => 'http://localhost/study/public/index.php/admin/login/index.html',
  'accept-encoding' => 'gzip, deflate, br',
  'accept-language' => 'zh-CN,zh;q=0.9',
  'cookie' => 'ace.settings=%7B%22main-container-fixed%22%3A1%2C%22sidebar-collapsed%22%3A-1%7D; PHPSESSID=6njfa5vq2vvssca7f950pcg852',
)
[ info ] [ PARAM ] array (
)
[ info ] [ DB ] INIT mysql
[ info ] [ VIEW ] D:\wamp64\www\study\application\admin\view\index\index.html [ array (
  0 => 'fm_lists',
  1 => 'sm_lists',
  2 => 'tm_lists',
  3 => 'navid',
  4 => 'level',
  5 => 'misparent',
  6 => 'sys_info',
) ]
[ sql ] [ DB ] CONNECT:[ UseTime:0.012168s ] mysql:host=127.0.0.1;port=3306;dbname=study;charset=utf8
[ sql ] [ SQL ] SHOW COLUMNS FROM `study_first_module` [ RunTime:0.002649s ]
[ sql ] [ SQL ] SELECT * FROM `study_first_module` WHERE  ( is_delete = 0 and fm_state = 1 ) ORDER BY `fm_sort` [ RunTime:0.002055s ]
[ sql ] [ SQL ] SHOW COLUMNS FROM `study_second_module` [ RunTime:0.001752s ]
[ sql ] [ SQL ] SELECT * FROM `study_second_module` WHERE  ( is_delete = 0 and sm_state = 1 ) [ RunTime:0.002585s ]
[ sql ] [ SQL ] SHOW COLUMNS FROM `study_three_module` [ RunTime:0.001858s ]
[ sql ] [ SQL ] SELECT * FROM `study_three_module` WHERE  ( is_delete = 0 and tm_state = 1 ) [ RunTime:0.001458s ]
[ sql ] [ SQL ] SELECT VERSION() as version [ RunTime:0.000645s ]
---------------------------------------------------------------
[ 2019-02-19T10:55:01+08:00 ] ::1 GET localhost/study/public/index.php/admin/Tools/index.html?navid=sm1&level=2&misparent=0&tbname=
[运行时间：0.418882s] [吞吐率：2.39req/s] [内存消耗：5,867.45kb] [文件加载：82]
[ info ] [ LANG ] D:\wamp64\www\study\thinkphp\lang\zh-cn.php
[ info ] [ ROUTE ] array (
)
[ info ] [ HEADER ] array (
  'host' => 'localhost',
  'connection' => 'keep-alive',
  'upgrade-insecure-requests' => '1',
  'user-agent' => 'Mozilla/5.0 (Windows NT 10.0; Win64; x64) AppleWebKit/537.36 (KHTML, like Gecko) Chrome/71.0.3578.80 Safari/537.36',
  'accept' => 'text/html,application/xhtml+xml,application/xml;q=0.9,image/webp,image/apng,*/*;q=0.8',
  'referer' => 'http://localhost/study/public/index.php/admin/index/index.html',
  'accept-encoding' => 'gzip, deflate, br',
  'accept-language' => 'zh-CN,zh;q=0.9',
  'cookie' => 'ace.settings=%7B%22main-container-fixed%22%3A1%7D; PHPSESSID=6njfa5vq2vvssca7f950pcg852',
)
[ info ] [ PARAM ] array (
  'navid' => 'sm1',
  'level' => '2',
  'misparent' => '0',
  'tbname' => '',
)
[ info ] [ DB ] INIT mysql
[ info ] [ VIEW ] D:\wamp64\www\study\application\admin\view\tools\index.html [ array (
  0 => 'fm_lists',
  1 => 'sm_lists',
  2 => 'tm_lists',
  3 => 'navid',
  4 => 'level',
  5 => 'misparent',
  6 => 'lists',
  7 => 'total',
  8 => 'tableNum',
) ]
[ sql ] [ DB ] CONNECT:[ UseTime:0.011343s ] mysql:host=127.0.0.1;port=3306;dbname=study;charset=utf8
[ sql ] [ SQL ] SHOW COLUMNS FROM `study_first_module` [ RunTime:0.003380s ]
[ sql ] [ SQL ] SELECT * FROM `study_first_module` WHERE  ( is_delete = 0 and fm_state = 1 ) ORDER BY `fm_sort` [ RunTime:0.001727s ]
[ sql ] [ SQL ] SHOW COLUMNS FROM `study_second_module` [ RunTime:0.002571s ]
[ sql ] [ SQL ] SELECT * FROM `study_second_module` WHERE  ( is_delete = 0 and sm_state = 1 ) [ RunTime:0.001523s ]
[ sql ] [ SQL ] SHOW COLUMNS FROM `study_three_module` [ RunTime:0.002035s ]
[ sql ] [ SQL ] SELECT * FROM `study_three_module` WHERE  ( is_delete = 0 and tm_state = 1 ) [ RunTime:0.000918s ]
[ sql ] [ SQL ] SHOW TABLE STATUS [ RunTime:0.085357s ]
---------------------------------------------------------------
[ 2019-02-19T11:01:36+08:00 ] ::1 GET localhost/study/public/index.php/admin/Tools/index.html?navid=sm1&level=2&misparent=0&tbname=
[运行时间：0.449982s] [吞吐率：2.22req/s] [内存消耗：5,314.12kb] [文件加载：80]
[ info ] [ LANG ] D:\wamp64\www\study\thinkphp\lang\zh-cn.php
[ info ] [ ROUTE ] array (
)
[ info ] [ HEADER ] array (
  'host' => 'localhost',
  'connection' => 'keep-alive',
  'cache-control' => 'max-age=0',
  'upgrade-insecure-requests' => '1',
  'user-agent' => 'Mozilla/5.0 (Windows NT 10.0; Win64; x64) AppleWebKit/537.36 (KHTML, like Gecko) Chrome/71.0.3578.80 Safari/537.36',
  'accept' => 'text/html,application/xhtml+xml,application/xml;q=0.9,image/webp,image/apng,*/*;q=0.8',
  'referer' => 'http://localhost/study/public/index.php/admin/index/index.html',
  'accept-encoding' => 'gzip, deflate, br',
  'accept-language' => 'zh-CN,zh;q=0.9',
  'cookie' => 'ace.settings=%7B%22main-container-fixed%22%3A1%7D; PHPSESSID=6njfa5vq2vvssca7f950pcg852',
)
[ info ] [ PARAM ] array (
  'navid' => 'sm1',
  'level' => '2',
  'misparent' => '0',
  'tbname' => '',
)
[ info ] [ DB ] INIT mysql
[ info ] [ VIEW ] D:\wamp64\www\study\application\admin\view\tools\index.html [ array (
  0 => 'fm_lists',
  1 => 'sm_lists',
  2 => 'tm_lists',
  3 => 'navid',
  4 => 'level',
  5 => 'misparent',
  6 => 'lists',
  7 => 'total',
  8 => 'tableNum',
) ]
[ sql ] [ DB ] CONNECT:[ UseTime:0.012004s ] mysql:host=127.0.0.1;port=3306;dbname=study;charset=utf8
[ sql ] [ SQL ] SHOW COLUMNS FROM `study_first_module` [ RunTime:0.002758s ]
[ sql ] [ SQL ] SELECT * FROM `study_first_module` WHERE  ( is_delete = 0 and fm_state = 1 ) ORDER BY `fm_sort` [ RunTime:0.001120s ]
[ sql ] [ SQL ] SHOW COLUMNS FROM `study_second_module` [ RunTime:0.002614s ]
[ sql ] [ SQL ] SELECT * FROM `study_second_module` WHERE  ( is_delete = 0 and sm_state = 1 ) [ RunTime:0.001528s ]
[ sql ] [ SQL ] SHOW COLUMNS FROM `study_three_module` [ RunTime:0.002419s ]
[ sql ] [ SQL ] SELECT * FROM `study_three_module` WHERE  ( is_delete = 0 and tm_state = 1 ) [ RunTime:0.001187s ]
[ sql ] [ SQL ] SHOW TABLE STATUS [ RunTime:0.094885s ]
---------------------------------------------------------------
[ 2019-02-19T11:01:56+08:00 ] ::1 GET localhost/study/public/index.php/admin/Tools/index.html?navid=sm1&level=2&misparent=0&tbname=
[运行时间：0.499434s] [吞吐率：2.00req/s] [内存消耗：5,306.38kb] [文件加载：80]
[ info ] [ LANG ] D:\wamp64\www\study\thinkphp\lang\zh-cn.php
[ info ] [ ROUTE ] array (
)
[ info ] [ HEADER ] array (
  'host' => 'localhost',
  'connection' => 'keep-alive',
  'cache-control' => 'max-age=0',
  'upgrade-insecure-requests' => '1',
  'user-agent' => 'Mozilla/5.0 (Windows NT 10.0; Win64; x64) AppleWebKit/537.36 (KHTML, like Gecko) Chrome/71.0.3578.80 Safari/537.36',
  'accept' => 'text/html,application/xhtml+xml,application/xml;q=0.9,image/webp,image/apng,*/*;q=0.8',
  'referer' => 'http://localhost/study/public/index.php/admin/index/index.html',
  'accept-encoding' => 'gzip, deflate, br',
  'accept-language' => 'zh-CN,zh;q=0.9',
  'cookie' => 'ace.settings=%7B%22main-container-fixed%22%3A1%7D; PHPSESSID=6njfa5vq2vvssca7f950pcg852',
)
[ info ] [ PARAM ] array (
  'navid' => 'sm1',
  'level' => '2',
  'misparent' => '0',
  'tbname' => '',
)
[ info ] [ DB ] INIT mysql
[ info ] [ VIEW ] D:\wamp64\www\study\application\admin\view\tools\index.html [ array (
  0 => 'fm_lists',
  1 => 'sm_lists',
  2 => 'tm_lists',
  3 => 'navid',
  4 => 'level',
  5 => 'misparent',
  6 => 'lists',
  7 => 'total',
  8 => 'tableNum',
) ]
[ sql ] [ DB ] CONNECT:[ UseTime:0.011543s ] mysql:host=127.0.0.1;port=3306;dbname=study;charset=utf8
[ sql ] [ SQL ] SHOW COLUMNS FROM `study_first_module` [ RunTime:0.003248s ]
[ sql ] [ SQL ] SELECT * FROM `study_first_module` WHERE  ( is_delete = 0 and fm_state = 1 ) ORDER BY `fm_sort` [ RunTime:0.001653s ]
[ sql ] [ SQL ] SHOW COLUMNS FROM `study_second_module` [ RunTime:0.002737s ]
[ sql ] [ SQL ] SELECT * FROM `study_second_module` WHERE  ( is_delete = 0 and sm_state = 1 ) [ RunTime:0.002110s ]
[ sql ] [ SQL ] SHOW COLUMNS FROM `study_three_module` [ RunTime:0.005039s ]
[ sql ] [ SQL ] SELECT * FROM `study_three_module` WHERE  ( is_delete = 0 and tm_state = 1 ) [ RunTime:0.002056s ]
[ sql ] [ SQL ] SHOW TABLE STATUS [ RunTime:0.102767s ]
---------------------------------------------------------------
[ 2019-02-19T11:02:52+08:00 ] ::1 GET localhost/study/public/index.php/admin/Tools/index.html?navid=sm1&level=2&misparent=0&tbname=
[运行时间：0.442725s] [吞吐率：2.26req/s] [内存消耗：5,275.48kb] [文件加载：80]
[ info ] [ LANG ] D:\wamp64\www\study\thinkphp\lang\zh-cn.php
[ info ] [ ROUTE ] array (
)
[ info ] [ HEADER ] array (
  'host' => 'localhost',
  'connection' => 'keep-alive',
  'cache-control' => 'max-age=0',
  'upgrade-insecure-requests' => '1',
  'user-agent' => 'Mozilla/5.0 (Windows NT 10.0; Win64; x64) AppleWebKit/537.36 (KHTML, like Gecko) Chrome/71.0.3578.80 Safari/537.36',
  'accept' => 'text/html,application/xhtml+xml,application/xml;q=0.9,image/webp,image/apng,*/*;q=0.8',
  'referer' => 'http://localhost/study/public/index.php/admin/index/index.html',
  'accept-encoding' => 'gzip, deflate, br',
  'accept-language' => 'zh-CN,zh;q=0.9',
  'cookie' => 'ace.settings=%7B%22main-container-fixed%22%3A1%7D; PHPSESSID=6njfa5vq2vvssca7f950pcg852',
)
[ info ] [ PARAM ] array (
  'navid' => 'sm1',
  'level' => '2',
  'misparent' => '0',
  'tbname' => '',
)
[ info ] [ DB ] INIT mysql
[ info ] [ VIEW ] D:\wamp64\www\study\application\admin\view\tools\index.html [ array (
  0 => 'fm_lists',
  1 => 'sm_lists',
  2 => 'tm_lists',
  3 => 'navid',
  4 => 'level',
  5 => 'misparent',
  6 => 'lists',
  7 => 'total',
  8 => 'tableNum',
) ]
[ sql ] [ DB ] CONNECT:[ UseTime:0.002499s ] mysql:host=127.0.0.1;port=3306;dbname=study;charset=utf8
[ sql ] [ SQL ] SHOW COLUMNS FROM `study_first_module` [ RunTime:0.003080s ]
[ sql ] [ SQL ] SELECT * FROM `study_first_module` WHERE  ( is_delete = 0 and fm_state = 1 ) ORDER BY `fm_sort` [ RunTime:0.001153s ]
[ sql ] [ SQL ] SHOW COLUMNS FROM `study_second_module` [ RunTime:0.007126s ]
[ sql ] [ SQL ] SELECT * FROM `study_second_module` WHERE  ( is_delete = 0 and sm_state = 1 ) [ RunTime:0.001296s ]
[ sql ] [ SQL ] SHOW COLUMNS FROM `study_three_module` [ RunTime:0.002103s ]
[ sql ] [ SQL ] SELECT * FROM `study_three_module` WHERE  ( is_delete = 0 and tm_state = 1 ) [ RunTime:0.000972s ]
[ sql ] [ SQL ] SHOW TABLE STATUS [ RunTime:0.078560s ]
---------------------------------------------------------------
[ 2019-02-19T16:07:48+08:00 ] ::1 GET localhost/study/public/index.php/admin/Tools/index.html?navid=sm1&level=2&misparent=0&tbname=
[运行时间：0.289149s] [吞吐率：3.46req/s] [内存消耗：5,275.48kb] [文件加载：80]
[ info ] [ LANG ] D:\wamp64\www\study\thinkphp\lang\zh-cn.php
[ info ] [ ROUTE ] array (
)
[ info ] [ HEADER ] array (
  'host' => 'localhost',
  'connection' => 'keep-alive',
  'cache-control' => 'max-age=0',
  'upgrade-insecure-requests' => '1',
  'user-agent' => 'Mozilla/5.0 (Windows NT 10.0; Win64; x64) AppleWebKit/537.36 (KHTML, like Gecko) Chrome/71.0.3578.80 Safari/537.36',
  'accept' => 'text/html,application/xhtml+xml,application/xml;q=0.9,image/webp,image/apng,*/*;q=0.8',
  'referer' => 'http://localhost/study/public/index.php/admin/index/index.html',
  'accept-encoding' => 'gzip, deflate, br',
  'accept-language' => 'zh-CN,zh;q=0.9',
  'cookie' => 'ace.settings=%7B%22main-container-fixed%22%3A1%7D; PHPSESSID=6njfa5vq2vvssca7f950pcg852',
)
[ info ] [ PARAM ] array (
  'navid' => 'sm1',
  'level' => '2',
  'misparent' => '0',
  'tbname' => '',
)
[ info ] [ DB ] INIT mysql
[ info ] [ VIEW ] D:\wamp64\www\study\application\admin\view\tools\index.html [ array (
  0 => 'fm_lists',
  1 => 'sm_lists',
  2 => 'tm_lists',
  3 => 'navid',
  4 => 'level',
  5 => 'misparent',
  6 => 'lists',
  7 => 'total',
  8 => 'tableNum',
) ]
[ sql ] [ DB ] CONNECT:[ UseTime:0.010405s ] mysql:host=127.0.0.1;port=3306;dbname=study;charset=utf8
[ sql ] [ SQL ] SHOW COLUMNS FROM `study_first_module` [ RunTime:0.004119s ]
[ sql ] [ SQL ] SELECT * FROM `study_first_module` WHERE  ( is_delete = 0 and fm_state = 1 ) ORDER BY `fm_sort` [ RunTime:0.000889s ]
[ sql ] [ SQL ] SHOW COLUMNS FROM `study_second_module` [ RunTime:0.001633s ]
[ sql ] [ SQL ] SELECT * FROM `study_second_module` WHERE  ( is_delete = 0 and sm_state = 1 ) [ RunTime:0.000716s ]
[ sql ] [ SQL ] SHOW COLUMNS FROM `study_three_module` [ RunTime:0.001647s ]
[ sql ] [ SQL ] SELECT * FROM `study_three_module` WHERE  ( is_delete = 0 and tm_state = 1 ) [ RunTime:0.000623s ]
[ sql ] [ SQL ] SHOW TABLE STATUS [ RunTime:0.051612s ]
