---------------------------------------------------------------
[ 2019-02-23T20:37:57+08:00 ] ::1 POST localhost/study/public/index.php/admin/clean/cleancache.html
[运行时间：0.056828s] [吞吐率：17.60req/s] [内存消耗：2,243.36kb] [文件加载：58]
[ info ] [ LANG ] D:\wamp64\www\study\thinkphp\lang\zh-cn.php
[ info ] [ ROUTE ] array (
)
[ info ] [ HEADER ] array (
  'host' => 'localhost',
  'connection' => 'keep-alive',
  'content-length' => '0',
  'pragma' => 'no-cache',
  'cache-control' => 'no-cache',
  'accept' => '*/*',
  'origin' => 'http://localhost',
  'x-requested-with' => 'XMLHttpRequest',
  'user-agent' => 'Mozilla/5.0 (Windows NT 10.0; Win64; x64) AppleWebKit/537.36 (KHTML, like Gecko) Chrome/71.0.3578.80 Safari/537.36',
  'referer' => 'http://localhost/study/public/index.php/admin/pubsix/index.html?navid=sm35&level=2&misparent=0&tbname=others_questions',
  'accept-encoding' => 'gzip, deflate, br',
  'accept-language' => 'zh-CN,zh;q=0.9',
  'cookie' => 'auth=ad7f1e6a7e0f6bc94df9b4a373435a85%3A74b33df178bc22c3aba6dd5d6058b2aa; PHPSESSID=f2m0a5p8ea8o32n8gj2mbubab5',
)
[ info ] [ PARAM ] array (
)
