---------------------------------------------------------------
[ 2019-05-15T17:50:07+08:00 ] ::1 POST localhost:8080/study/public/index.php/admin/clean/cleancache.html
[运行时间：0.046820s] [吞吐率：21.36req/s] [内存消耗：2,263.69kb] [文件加载：58]
[ info ] [ LANG ] D:\wamp64\www\study\thinkphp\lang\zh-cn.php
[ info ] [ ROUTE ] array (
)
[ info ] [ HEADER ] array (
  'host' => 'localhost:8080',
  'connection' => 'keep-alive',
  'content-length' => '0',
  'accept' => '*/*',
  'origin' => 'http://localhost:8080',
  'x-requested-with' => 'XMLHttpRequest',
  'user-agent' => 'Mozilla/5.0 (Windows NT 10.0; Win64; x64) AppleWebKit/537.36 (KHTML, like Gecko) Chrome/74.0.3729.108 Safari/537.36',
  'referer' => 'http://localhost:8080/study/public/index.php/admin/pubtwo/index.html?navid=tm40&level=3&misparent=0&tbname=php_uses',
  'accept-encoding' => 'gzip, deflate, br',
  'accept-language' => 'zh-CN,zh;q=0.9,zh-TW;q=0.8',
  'cookie' => 'Hm_lvt_17f68330bb55b1d926acfb56a5a1d448=1552378687; UM_distinctid=16970faed515ef-07b73cd6d6bc95-b78173e-1fa400-16970faed52a0d; CNZZDATA1273161225=428155383-1552378684-null%7C1552378684; CNZZDATA1273717155=1614498467-1552378684-null%7C1552378684; _zap=f7dd1be6-a0d1-4bd0-93d2-5ef5835f7af2; auth=ad7f1e6a7e0f6bc94df9b4a373435a85%3A809c737cca56fb1c472fadaff6c801d8; PHPSESSID=rf4m9d4r5fo7s7fm98ecksoo33',
)
[ info ] [ PARAM ] array (
)
