---------------------------------------------------------------
[ 2019-05-20T17:53:51+08:00 ] ::1 POST localhost:8080/study/public/index.php/admin/clean/cleancache.html
[运行时间：0.037638s] [吞吐率：26.57req/s] [内存消耗：2,268.87kb] [文件加载：58]
[ info ] [ LANG ] D:\wamp64\www\study\thinkphp\lang\zh-cn.php
[ info ] [ ROUTE ] array (
)
[ info ] [ HEADER ] array (
  'host' => 'localhost:8080',
  'connection' => 'keep-alive',
  'content-length' => '0',
  'accept' => '*/*',
  'origin' => 'http://localhost:8080',
  'x-requested-with' => 'XMLHttpRequest',
  'user-agent' => 'Mozilla/5.0 (Windows NT 10.0; Win64; x64) AppleWebKit/537.36 (KHTML, like Gecko) Chrome/74.0.3729.108 Safari/537.36',
  'referer' => 'http://localhost:8080/study/public/index.php/admin/Tools/index.html?navid=sm1&level=2&misparent=0&tbname=',
  'accept-encoding' => 'gzip, deflate, br',
  'accept-language' => 'zh-CN,zh;q=0.9,zh-TW;q=0.8',
  'cookie' => 'Hm_lvt_17f68330bb55b1d926acfb56a5a1d448=1552378687; UM_distinctid=16970faed515ef-07b73cd6d6bc95-b78173e-1fa400-16970faed52a0d; CNZZDATA1273161225=428155383-1552378684-null%7C1552378684; CNZZDATA1273717155=1614498467-1552378684-null%7C1552378684; _zap=f7dd1be6-a0d1-4bd0-93d2-5ef5835f7af2; auth=ad7f1e6a7e0f6bc94df9b4a373435a85%3A809c737cca56fb1c472fadaff6c801d8; PHPSESSID=6g3g0kfesei99a3f0a8n4sd9q2',
)
[ info ] [ PARAM ] array (
)
---------------------------------------------------------------
[ 2019-05-20T17:53:58+08:00 ] ::1 POST localhost:8080/study/public/index.php/admin/logout/logout.html
[运行时间：0.067187s] [吞吐率：14.88req/s] [内存消耗：4,039.74kb] [文件加载：73]
[ info ] [ LANG ] D:\wamp64\www\study\thinkphp\lang\zh-cn.php
[ info ] [ ROUTE ] array (
)
[ info ] [ HEADER ] array (
  'host' => 'localhost:8080',
  'connection' => 'keep-alive',
  'content-length' => '0',
  'accept' => '*/*',
  'origin' => 'http://localhost:8080',
  'x-requested-with' => 'XMLHttpRequest',
  'user-agent' => 'Mozilla/5.0 (Windows NT 10.0; Win64; x64) AppleWebKit/537.36 (KHTML, like Gecko) Chrome/74.0.3729.108 Safari/537.36',
  'referer' => 'http://localhost:8080/study/public/index.php/admin/Tools/index.html?navid=sm1&level=2&misparent=0&tbname=',
  'accept-encoding' => 'gzip, deflate, br',
  'accept-language' => 'zh-CN,zh;q=0.9,zh-TW;q=0.8',
  'cookie' => 'Hm_lvt_17f68330bb55b1d926acfb56a5a1d448=1552378687; UM_distinctid=16970faed515ef-07b73cd6d6bc95-b78173e-1fa400-16970faed52a0d; CNZZDATA1273161225=428155383-1552378684-null%7C1552378684; CNZZDATA1273717155=1614498467-1552378684-null%7C1552378684; _zap=f7dd1be6-a0d1-4bd0-93d2-5ef5835f7af2; auth=ad7f1e6a7e0f6bc94df9b4a373435a85%3A809c737cca56fb1c472fadaff6c801d8; PHPSESSID=6g3g0kfesei99a3f0a8n4sd9q2',
)
[ info ] [ PARAM ] array (
)
[ info ] [ DB ] INIT mysql
[ sql ] [ DB ] CONNECT:[ UseTime:0.011983s ] mysql:host=localhost;port=3306;dbname=study;charset=utf8
[ sql ] [ SQL ] SHOW COLUMNS FROM `study_admin` [ RunTime:0.001187s ]
[ sql ] [ SQL ] UPDATE `study_admin`  SET `admin_time` = 1558055077 , `admin_ip` = '::1'  WHERE  `admin_id` = 2 [ RunTime:0.000515s ]
---------------------------------------------------------------
[ 2019-05-20T17:53:59+08:00 ] ::1 GET localhost:8080/study/public/index.php/admin/login/index.html
[运行时间：0.057780s] [吞吐率：17.31req/s] [内存消耗：2,670.09kb] [文件加载：65]
[ info ] [ LANG ] D:\wamp64\www\study\thinkphp\lang\zh-cn.php
[ info ] [ ROUTE ] array (
)
[ info ] [ HEADER ] array (
  'host' => 'localhost:8080',
  'connection' => 'keep-alive',
  'upgrade-insecure-requests' => '1',
  'user-agent' => 'Mozilla/5.0 (Windows NT 10.0; Win64; x64) AppleWebKit/537.36 (KHTML, like Gecko) Chrome/74.0.3729.108 Safari/537.36',
  'accept' => 'text/html,application/xhtml+xml,application/xml;q=0.9,image/webp,image/apng,*/*;q=0.8,application/signed-exchange;v=b3',
  'referer' => 'http://localhost:8080/study/public/index.php/admin/Tools/index.html?navid=sm1&level=2&misparent=0&tbname=',
  'accept-encoding' => 'gzip, deflate, br',
  'accept-language' => 'zh-CN,zh;q=0.9,zh-TW;q=0.8',
  'cookie' => 'Hm_lvt_17f68330bb55b1d926acfb56a5a1d448=1552378687; UM_distinctid=16970faed515ef-07b73cd6d6bc95-b78173e-1fa400-16970faed52a0d; CNZZDATA1273161225=428155383-1552378684-null%7C1552378684; CNZZDATA1273717155=1614498467-1552378684-null%7C1552378684; _zap=f7dd1be6-a0d1-4bd0-93d2-5ef5835f7af2; PHPSESSID=6g3g0kfesei99a3f0a8n4sd9q2',
)
[ info ] [ PARAM ] array (
)
[ info ] [ VIEW ] D:\wamp64\www\study\application\admin\view\login\index.html [ array (
) ]
