---------------------------------------------------------------
[ 2019-12-19T09:26:04+08:00 ] ::1 POST localhost:8080/study/public/index.php/admin/clean/cleancache.html
[运行时间：0.043516s] [吞吐率：22.98req/s] [内存消耗：2,268.29kb] [文件加载：58]
[ info ] [ LANG ] D:\wamp64\www\study\thinkphp\lang\zh-cn.php
[ info ] [ ROUTE ] array (
)
[ info ] [ HEADER ] array (
  'host' => 'localhost:8080',
  'connection' => 'keep-alive',
  'content-length' => '0',
  'accept' => '*/*',
  'origin' => 'http://localhost:8080',
  'x-requested-with' => 'XMLHttpRequest',
  'user-agent' => 'Mozilla/5.0 (Windows NT 10.0; Win64; x64) AppleWebKit/537.36 (KHTML, like Gecko) Chrome/78.0.3904.108 Safari/537.36',
  'sec-fetch-site' => 'same-origin',
  'sec-fetch-mode' => 'cors',
  'referer' => 'http://localhost:8080/study/public/index.php/admin/Pubsix/index.html?navid=sm54&level=2&misparent=0&tbname=study_software_act',
  'accept-encoding' => 'gzip, deflate, br',
  'accept-language' => 'zh-CN,zh;q=0.9,zh-TW;q=0.8',
  'cookie' => 'PHPSESSID=17qmpn41qtc4kg8a3pc7af9ka6',
)
[ info ] [ PARAM ] array (
)
---------------------------------------------------------------
[ 2019-12-19T09:26:48+08:00 ] ::1 GET localhost:8080/study/public/index.php/admin/pubsix/update.html?navid=sm54&level=2&misparent=0&tbname=study_software_act&id=3
[运行时间：0.209013s] [吞吐率：4.78req/s] [内存消耗：5,362.91kb] [文件加载：84]
[ info ] [ LANG ] D:\wamp64\www\study\thinkphp\lang\zh-cn.php
[ info ] [ ROUTE ] array (
)
[ info ] [ HEADER ] array (
  'host' => 'localhost:8080',
  'connection' => 'keep-alive',
  'upgrade-insecure-requests' => '1',
  'user-agent' => 'Mozilla/5.0 (Windows NT 10.0; Win64; x64) AppleWebKit/537.36 (KHTML, like Gecko) Chrome/78.0.3904.108 Safari/537.36',
  'sec-fetch-user' => '?1',
  'accept' => 'text/html,application/xhtml+xml,application/xml;q=0.9,image/webp,image/apng,*/*;q=0.8,application/signed-exchange;v=b3',
  'sec-fetch-site' => 'same-origin',
  'sec-fetch-mode' => 'navigate',
  'referer' => 'http://localhost:8080/study/public/index.php/admin/Pubsix/index.html?navid=sm54&level=2&misparent=0&tbname=study_software_act',
  'accept-encoding' => 'gzip, deflate, br',
  'accept-language' => 'zh-CN,zh;q=0.9,zh-TW;q=0.8',
  'cookie' => 'ace.settings=%7B%22main-container-fixed%22%3A1%7D; PHPSESSID=17qmpn41qtc4kg8a3pc7af9ka6',
)
[ info ] [ PARAM ] array (
  'navid' => 'sm54',
  'level' => '2',
  'misparent' => '0',
  'tbname' => 'study_software_act',
  'id' => '3',
)
[ info ] [ DB ] INIT mysql
[ info ] [ VIEW ] D:\wamp64\www\study\application\admin\view\pubsix\update.html [ array (
  0 => 'fm_lists',
  1 => 'sm_lists',
  2 => 'tm_lists',
  3 => 'navid',
  4 => 'level',
  5 => 'misparent',
  6 => 'list',
  7 => 'tbname',
  8 => 'modules',
  9 => 'link_lists',
  10 => 'link_field',
) ]
[ sql ] [ DB ] CONNECT:[ UseTime:0.010775s ] mysql:host=localhost;port=3306;dbname=study;charset=utf8
[ sql ] [ SQL ] SHOW COLUMNS FROM `study_first_module` [ RunTime:0.001283s ]
[ sql ] [ SQL ] SELECT * FROM `study_first_module` WHERE  ( is_delete = 0 and fm_state = 1 ) ORDER BY `fm_sort` [ RunTime:0.000608s ]
[ sql ] [ SQL ] SHOW COLUMNS FROM `study_second_module` [ RunTime:0.001176s ]
[ sql ] [ SQL ] SELECT * FROM `study_second_module` WHERE  ( is_delete = 0 and sm_state = 1 ) [ RunTime:0.000760s ]
[ sql ] [ SQL ] SHOW COLUMNS FROM `study_three_module` [ RunTime:0.001030s ]
[ sql ] [ SQL ] SELECT * FROM `study_three_module` WHERE  ( is_delete = 0 and tm_state = 1 ) [ RunTime:0.000666s ]
[ sql ] [ SQL ] SELECT `fm_name` FROM `study_first_module` WHERE  `tbname` = 'study_software_act' LIMIT 1 [ RunTime:0.000554s ]
[ sql ] [ SQL ] SELECT `fm_id`,`sm_name` FROM `study_second_module` WHERE  `tbname` = 'study_software_act' LIMIT 1 [ RunTime:0.000482s ]
[ sql ] [ SQL ] SELECT `fm_name` FROM `study_first_module` WHERE  `fm_id` = 13 LIMIT 1 [ RunTime:0.000439s ]
[ sql ] [ SQL ] SHOW COLUMNS FROM `study_software_act` [ RunTime:0.001524s ]
[ sql ] [ SQL ] SELECT `id`,`title`,`content`,st_id as type_id FROM `study_software_act` WHERE  `id` = 3 LIMIT 1 [ RunTime:0.000647s ]
[ sql ] [ SQL ] SHOW COLUMNS FROM `study_software_type` [ RunTime:0.002353s ]
[ sql ] [ SQL ] SELECT `id`,`name` FROM `study_software_type` WHERE  `is_delete` = 0 [ RunTime:0.000476s ]
---------------------------------------------------------------
[ 2019-12-19T09:29:57+08:00 ] ::1 GET localhost:8080/study/public/index.php/admin/Pubthree/index.html?navid=sm18&level=2&misparent=0&tbname=study_js_nouns
[运行时间：0.214934s] [吞吐率：4.65req/s] [内存消耗：5,567.95kb] [文件加载：84]
[ info ] [ LANG ] D:\wamp64\www\study\thinkphp\lang\zh-cn.php
[ info ] [ ROUTE ] array (
)
[ info ] [ HEADER ] array (
  'host' => 'localhost:8080',
  'connection' => 'keep-alive',
  'upgrade-insecure-requests' => '1',
  'user-agent' => 'Mozilla/5.0 (Windows NT 10.0; Win64; x64) AppleWebKit/537.36 (KHTML, like Gecko) Chrome/78.0.3904.108 Safari/537.36',
  'sec-fetch-user' => '?1',
  'accept' => 'text/html,application/xhtml+xml,application/xml;q=0.9,image/webp,image/apng,*/*;q=0.8,application/signed-exchange;v=b3',
  'sec-fetch-site' => 'same-origin',
  'sec-fetch-mode' => 'navigate',
  'referer' => 'http://localhost:8080/study/public/index.php/admin/pubsix/update.html?navid=sm54&level=2&misparent=0&tbname=study_software_act&id=3',
  'accept-encoding' => 'gzip, deflate, br',
  'accept-language' => 'zh-CN,zh;q=0.9,zh-TW;q=0.8',
  'cookie' => 'PHPSESSID=17qmpn41qtc4kg8a3pc7af9ka6',
)
[ info ] [ PARAM ] array (
  'navid' => 'sm18',
  'level' => '2',
  'misparent' => '0',
  'tbname' => 'study_js_nouns',
)
[ info ] [ DB ] INIT mysql
[ info ] [ VIEW ] D:\wamp64\www\study\application\admin\view\pubthree\index.html [ array (
  0 => 'fm_lists',
  1 => 'sm_lists',
  2 => 'tm_lists',
  3 => 'navid',
  4 => 'level',
  5 => 'misparent',
  6 => 'lists',
  7 => 'tbname',
  8 => 'table',
  9 => 'modules',
) ]
[ sql ] [ DB ] CONNECT:[ UseTime:0.011216s ] mysql:host=localhost;port=3306;dbname=study;charset=utf8
[ sql ] [ SQL ] SHOW COLUMNS FROM `study_first_module` [ RunTime:0.001558s ]
[ sql ] [ SQL ] SELECT * FROM `study_first_module` WHERE  ( is_delete = 0 and fm_state = 1 ) ORDER BY `fm_sort` [ RunTime:0.000686s ]
[ sql ] [ SQL ] SHOW COLUMNS FROM `study_second_module` [ RunTime:0.001239s ]
[ sql ] [ SQL ] SELECT * FROM `study_second_module` WHERE  ( is_delete = 0 and sm_state = 1 ) [ RunTime:0.001000s ]
[ sql ] [ SQL ] SHOW COLUMNS FROM `study_three_module` [ RunTime:0.001125s ]
[ sql ] [ SQL ] SELECT * FROM `study_three_module` WHERE  ( is_delete = 0 and tm_state = 1 ) [ RunTime:0.000693s ]
[ sql ] [ SQL ] SHOW COLUMNS FROM `study_js_nouns` [ RunTime:0.007034s ]
[ sql ] [ SQL ] SELECT `id`,`sort`,`name`,`checked`,`addtime`,`sign`,`is_ok` FROM `study_js_nouns` WHERE  `is_delete` = 0 ORDER BY `sort` ASC,`addtime` DESC [ RunTime:0.003035s ]
[ sql ] [ SQL ] SELECT `fm_name` FROM `study_first_module` WHERE  `tbname` = 'study_js_nouns' LIMIT 1 [ RunTime:0.000510s ]
[ sql ] [ SQL ] SELECT `fm_id`,`sm_name` FROM `study_second_module` WHERE  `tbname` = 'study_js_nouns' LIMIT 1 [ RunTime:0.000458s ]
[ sql ] [ SQL ] SELECT `fm_name` FROM `study_first_module` WHERE  `fm_id` = 10 LIMIT 1 [ RunTime:0.000452s ]
