---------------------------------------------------------------
[ 2019-08-23T17:45:31+08:00 ] ::1 POST localhost:8080/study/public/index.php/admin/clean/cleancache.html
[运行时间：0.512986s] [吞吐率：1.95req/s] [内存消耗：2,267.62kb] [文件加载：58]
[ info ] [ LANG ] D:\wamp64\www\study\thinkphp\lang\zh-cn.php
[ info ] [ ROUTE ] array (
)
[ info ] [ HEADER ] array (
  'host' => 'localhost:8080',
  'connection' => 'keep-alive',
  'content-length' => '0',
  'accept' => '*/*',
  'origin' => 'http://localhost:8080',
  'x-requested-with' => 'XMLHttpRequest',
  'user-agent' => 'Mozilla/5.0 (Windows NT 10.0; Win64; x64) AppleWebKit/537.36 (KHTML, like Gecko) Chrome/75.0.3770.142 Safari/537.36',
  'referer' => 'http://localhost:8080/study/public/index.php/admin/pubseven/index.html?navid=sm9&level=2&misparent=0&tbname=save_actions',
  'accept-encoding' => 'gzip, deflate, br',
  'accept-language' => 'zh-CN,zh;q=0.9,zh-TW;q=0.8',
  'cookie' => 'PHPSESSID=23mumo2hqhcjscuralt5spgrg4',
)
[ info ] [ PARAM ] array (
)
---------------------------------------------------------------
[ 2019-08-23T17:45:32+08:00 ] ::1 POST localhost:8080/study/public/index.php/admin/logout/logout.html
[运行时间：0.208115s] [吞吐率：4.81req/s] [内存消耗：4,038.45kb] [文件加载：73]
[ info ] [ LANG ] D:\wamp64\www\study\thinkphp\lang\zh-cn.php
[ info ] [ ROUTE ] array (
)
[ info ] [ HEADER ] array (
  'host' => 'localhost:8080',
  'connection' => 'keep-alive',
  'content-length' => '0',
  'accept' => '*/*',
  'origin' => 'http://localhost:8080',
  'x-requested-with' => 'XMLHttpRequest',
  'user-agent' => 'Mozilla/5.0 (Windows NT 10.0; Win64; x64) AppleWebKit/537.36 (KHTML, like Gecko) Chrome/75.0.3770.142 Safari/537.36',
  'referer' => 'http://localhost:8080/study/public/index.php/admin/pubseven/index.html?navid=sm9&level=2&misparent=0&tbname=save_actions',
  'accept-encoding' => 'gzip, deflate, br',
  'accept-language' => 'zh-CN,zh;q=0.9,zh-TW;q=0.8',
  'cookie' => 'PHPSESSID=23mumo2hqhcjscuralt5spgrg4',
)
[ info ] [ PARAM ] array (
)
[ info ] [ DB ] INIT mysql
[ sql ] [ DB ] CONNECT:[ UseTime:0.004022s ] mysql:host=localhost;port=3306;dbname=study;charset=utf8
[ sql ] [ SQL ] SHOW COLUMNS FROM `study_admin` [ RunTime:0.007413s ]
[ sql ] [ SQL ] UPDATE `study_admin`  SET `admin_time` = 1566436239 , `admin_ip` = '::1'  WHERE  `admin_id` = 2 [ RunTime:0.004177s ]
---------------------------------------------------------------
[ 2019-08-23T17:45:33+08:00 ] ::1 GET localhost:8080/study/public/index.php/admin/login/index.html
[运行时间：0.139882s] [吞吐率：7.15req/s] [内存消耗：2,669.03kb] [文件加载：65]
[ info ] [ LANG ] D:\wamp64\www\study\thinkphp\lang\zh-cn.php
[ info ] [ ROUTE ] array (
)
[ info ] [ HEADER ] array (
  'host' => 'localhost:8080',
  'connection' => 'keep-alive',
  'upgrade-insecure-requests' => '1',
  'user-agent' => 'Mozilla/5.0 (Windows NT 10.0; Win64; x64) AppleWebKit/537.36 (KHTML, like Gecko) Chrome/75.0.3770.142 Safari/537.36',
  'accept' => 'text/html,application/xhtml+xml,application/xml;q=0.9,image/webp,image/apng,*/*;q=0.8,application/signed-exchange;v=b3',
  'referer' => 'http://localhost:8080/study/public/index.php/admin/pubseven/index.html?navid=sm9&level=2&misparent=0&tbname=save_actions',
  'accept-encoding' => 'gzip, deflate, br',
  'accept-language' => 'zh-CN,zh;q=0.9,zh-TW;q=0.8',
  'cookie' => 'PHPSESSID=23mumo2hqhcjscuralt5spgrg4',
)
[ info ] [ PARAM ] array (
)
[ info ] [ VIEW ] D:\wamp64\www\study\application\admin\view\login\index.html [ array (
) ]
